<?xml version="1.0" encoding="UTF-8"?>
<testsuite xmlns:xsi="http://www.w3.org/2001/XMLSchema-instance" xsi:noNamespaceSchemaLocation="https://maven.apache.org/surefire/maven-surefire-plugin/xsd/surefire-test-report.xsd" version="3.0.2" name="com.falconx.trading.TradingQuoteSnapshotStaleIntegrationTests" time="1.142" tests="1" errors="0" skipped="0" failures="0" flakes="0">
  <properties>
[...]
</properties>
  <testcase name="shouldMarkTradingQuoteStaleWhenReadHappensAfterMaxAge" classname="com.falconx.trading.TradingQuoteSnapshotStaleIntegrationTests" time="0.188">
    <system-out><![CDATA[2026-04-19T00:42:59.907+08:00  INFO 8879 --- [falconx-trading-core-service] [ntainer#2-0-C-1] c.f.t.c.TradingKafkaEventListener        : trading.kafka.consume.received topic=falconx.market.price.tick eventId=evt-38710740567330816
2026-04-19T00:42:59.907+08:00  INFO 8879 --- [falconx-trading-core-service] [ntainer#2-0-C-1] c.f.t.c.MarketPriceTickEventConsumer     : trading.consumer.market.price.tick eventId=evt-38710740567330816 symbol=EURUSD ts=2026-04-17T19:42:39.624Z
2026-04-19T00:42:59.907+08:00  INFO 8879 --- [falconx-trading-core-service] [ntainer#2-0-C-1] c.f.trading.engine.QuoteDrivenEngine     : trading.quote.tick.received symbol=EURUSD ts=2026-04-17T19:42:39.624Z stale=false
2026-04-19T00:42:59.909+08:00  INFO 8879 --- [falconx-trading-core-service] [ntainer#2-0-C-1] c.f.trading.engine.QuoteDrivenEngine     : trading.quote.tick.applied symbol=EURUSD source=TIINGO_FOREX stale=false openPositions=0
2026-04-19T00:42:59.909+08:00  INFO 8879 --- [falconx-trading-core-service] [ntainer#2-0-C-1] c.f.t.c.TradingKafkaEventListener        : trading.kafka.consume.received topic=falconx.market.price.tick eventId=evt-38710742857420800
2026-04-19T00:42:59.909+08:00  INFO 8879 --- [falconx-trading-core-service] [ntainer#2-0-C-1] c.f.t.c.MarketPriceTickEventConsumer     : trading.consumer.market.price.tick eventId=evt-38710742857420800 symbol=XAUUSD ts=2026-04-17T19:42:40.166Z
2026-04-19T00:42:59.909+08:00  INFO 8879 --- [falconx-trading-core-service] [ntainer#2-0-C-1] c.f.trading.engine.QuoteDrivenEngine     : trading.quote.tick.received symbol=XAUUSD ts=2026-04-17T19:42:40.166Z stale=false
2026-04-19T00:42:59.911+08:00  INFO 8879 --- [falconx-trading-core-service] [ntainer#2-0-C-1] c.f.trading.engine.QuoteDrivenEngine     : trading.quote.tick.applied symbol=XAUUSD source=TIINGO_FOREX stale=false openPositions=0
2026-04-19T00:42:59.912+08:00  INFO 8879 --- [falconx-trading-core-service] [ntainer#2-0-C-1] c.f.t.c.TradingKafkaEventListener        : trading.kafka.consume.received topic=falconx.market.price.tick eventId=evt-38710747127222272
2026-04-19T00:42:59.912+08:00  INFO 8879 --- [falconx-trading-core-service] [ntainer#2-0-C-1] c.f.t.c.MarketPriceTickEventConsumer     : trading.consumer.market.price.tick eventId=evt-38710747127222272 symbol=EURUSD ts=2026-04-17T19:42:41.174Z
2026-04-19T00:42:59.912+08:00  INFO 8879 --- [falconx-trading-core-service] [ntainer#2-0-C-1] c.f.trading.engine.QuoteDrivenEngine     : trading.quote.tick.received symbol=EURUSD ts=2026-04-17T19:42:41.174Z stale=false
2026-04-19T00:42:59.912+08:00  INFO 8879 --- [falconx-trading-core-service] [ntainer#0-0-C-1] k.c.c.i.ConsumerRebalanceListenerInvoker : [Consumer clientId=consumer-falconx-trading-core-service-2, groupId=falconx-trading-core-service] Revoke previously assigned partitions [falconx.wallet.deposit.confirmed-0]
2026-04-19T00:42:59.912+08:00  INFO 8879 --- [falconx-trading-core-service] [ntainer#1-0-C-1] k.c.c.i.ConsumerRebalanceListenerInvoker : [Consumer clientId=consumer-falconx-trading-core-service-3, groupId=falconx-trading-core-service] Revoke previously assigned partitions [falconx.wallet.deposit.reversed-0]
2026-04-19T00:42:59.912+08:00  INFO 8879 --- [falconx-trading-core-service] [ntainer#0-0-C-1] o.s.k.l.KafkaMessageListenerContainer    : falconx-trading-core-service: partitions revoked: [falconx.wallet.deposit.confirmed-0]
2026-04-19T00:42:59.912+08:00  INFO 8879 --- [falconx-trading-core-service] [ntainer#0-0-C-1] o.a.k.c.c.internals.ConsumerCoordinator  : [Consumer clientId=consumer-falconx-trading-core-service-2, groupId=falconx-trading-core-service] Member consumer-falconx-trading-core-service-2-2a11799b-58fa-4243-be0d-f0c2881043b4 sending LeaveGroup request to coordinator localhost:9092 (id: 2147483646 rack: null isFenced: false) due to the consumer unsubscribed from all topics
2026-04-19T00:42:59.912+08:00  INFO 8879 --- [falconx-trading-core-service] [ntainer#1-0-C-1] o.s.k.l.KafkaMessageListenerContainer    : falconx-trading-core-service: partitions revoked: [falconx.wallet.deposit.reversed-0]
2026-04-19T00:42:59.913+08:00  INFO 8879 --- [falconx-trading-core-service] [ntainer#0-0-C-1] o.a.k.c.c.internals.ConsumerCoordinator  : [Consumer clientId=consumer-falconx-trading-core-service-2, groupId=falconx-trading-core-service] Resetting generation and member id due to: consumer pro-actively leaving the group
2026-04-19T00:42:59.913+08:00  INFO 8879 --- [falconx-trading-core-service] [ntainer#0-0-C-1] o.a.k.c.c.internals.ConsumerCoordinator  : [Consumer clientId=consumer-falconx-trading-core-service-2, groupId=falconx-trading-core-service] Request joining group due to: consumer pro-actively leaving the group
2026-04-19T00:42:59.913+08:00  INFO 8879 --- [falconx-trading-core-service] [ntainer#1-0-C-1] o.a.k.c.c.internals.ConsumerCoordinator  : [Consumer clientId=consumer-falconx-trading-core-service-3, groupId=falconx-trading-core-service] Member consumer-falconx-trading-core-service-3-2d91db5b-70d4-40c5-8d41-f7ed6c92091f sending LeaveGroup request to coordinator localhost:9092 (id: 2147483646 rack: null isFenced: false) due to the consumer unsubscribed from all topics
2026-04-19T00:42:59.913+08:00  INFO 8879 --- [falconx-trading-core-service] [ntainer#0-0-C-1] o.a.k.c.c.i.ClassicKafkaConsumer         : [Consumer clientId=consumer-falconx-trading-core-service-2, groupId=falconx-trading-core-service] Unsubscribed all topics or patterns and assigned partitions
2026-04-19T00:42:59.913+08:00  INFO 8879 --- [falconx-trading-core-service] [ntainer#1-0-C-1] o.a.k.c.c.internals.ConsumerCoordinator  : [Consumer clientId=consumer-falconx-trading-core-service-3, groupId=falconx-trading-core-service] Resetting generation and member id due to: consumer pro-actively leaving the group
2026-04-19T00:42:59.913+08:00  INFO 8879 --- [falconx-trading-core-service] [ntainer#1-0-C-1] o.a.k.c.c.internals.ConsumerCoordinator  : [Consumer clientId=consumer-falconx-trading-core-service-3, groupId=falconx-trading-core-service] Request joining group due to: consumer pro-actively leaving the group
2026-04-19T00:42:59.913+08:00  INFO 8879 --- [falconx-trading-core-service] [ntainer#1-0-C-1] o.a.k.c.c.i.ClassicKafkaConsumer         : [Consumer clientId=consumer-falconx-trading-core-service-3, groupId=falconx-trading-core-service] Unsubscribed all topics or patterns and assigned partitions
2026-04-19T00:42:59.913+08:00  INFO 8879 --- [falconx-trading-core-service] [ntainer#0-0-C-1] o.a.k.c.c.internals.ConsumerCoordinator  : [Consumer clientId=consumer-falconx-trading-core-service-2, groupId=falconx-trading-core-service] Resetting generation and member id due to: consumer pro-actively leaving the group
2026-04-19T00:42:59.913+08:00  INFO 8879 --- [falconx-trading-core-service] [ntainer#0-0-C-1] o.a.k.c.c.internals.ConsumerCoordinator  : [Consumer clientId=consumer-falconx-trading-core-service-2, groupId=falconx-trading-core-service] Request joining group due to: consumer pro-actively leaving the group
2026-04-19T00:42:59.913+08:00  INFO 8879 --- [falconx-trading-core-service] [ntainer#1-0-C-1] o.a.k.c.c.internals.ConsumerCoordinator  : [Consumer clientId=consumer-falconx-trading-core-service-3, groupId=falconx-trading-core-service] Resetting generation and member id due to: consumer pro-actively leaving the group
2026-04-19T00:42:59.913+08:00  INFO 8879 --- [falconx-trading-core-service] [ntainer#1-0-C-1] o.a.k.c.c.internals.ConsumerCoordinator  : [Consumer clientId=consumer-falconx-trading-core-service-3, groupId=falconx-trading-core-service] Request joining group due to: consumer pro-actively leaving the group
2026-04-19T00:42:59.915+08:00  INFO 8879 --- [falconx-trading-core-service] [ntainer#2-0-C-1] c.f.trading.engine.QuoteDrivenEngine     : trading.quote.tick.applied symbol=EURUSD source=TIINGO_FOREX stale=false openPositions=0
2026-04-19T00:42:59.915+08:00  INFO 8879 --- [falconx-trading-core-service] [ntainer#2-0-C-1] c.f.t.c.TradingKafkaEventListener        : trading.kafka.consume.received topic=falconx.market.price.tick eventId=evt-38710747861225472
2026-04-19T00:42:59.915+08:00  INFO 8879 --- [falconx-trading-core-service] [ntainer#2-0-C-1] c.f.t.c.MarketPriceTickEventConsumer     : trading.consumer.market.price.tick eventId=evt-38710747861225472 symbol=XAUUSD ts=2026-04-17T19:42:41.275Z
2026-04-19T00:42:59.915+08:00  INFO 8879 --- [falconx-trading-core-service] [ntainer#2-0-C-1] c.f.trading.engine.QuoteDrivenEngine     : trading.quote.tick.received symbol=XAUUSD ts=2026-04-17T19:42:41.275Z stale=false
2026-04-19T00:42:59.917+08:00  INFO 8879 --- [falconx-trading-core-service] [ntainer#2-0-C-1] c.f.trading.engine.QuoteDrivenEngine     : trading.quote.tick.applied symbol=XAUUSD source=TIINGO_FOREX stale=false openPositions=0
2026-04-19T00:42:59.917+08:00  INFO 8879 --- [falconx-trading-core-service] [ntainer#2-0-C-1] c.f.t.c.TradingKafkaEventListener        : trading.kafka.consume.received topic=falconx.market.price.tick eventId=evt-38710752059723776
2026-04-19T00:42:59.917+08:00  INFO 8879 --- [falconx-trading-core-service] [ntainer#2-0-C-1] c.f.t.c.MarketPriceTickEventConsumer     : trading.consumer.market.price.tick eventId=evt-38710752059723776 symbol=XAUUSD ts=2026-04-17T19:42:42.320Z
2026-04-19T00:42:59.917+08:00  INFO 8879 --- [falconx-trading-core-service] [ntainer#2-0-C-1] c.f.trading.engine.QuoteDrivenEngine     : trading.quote.tick.received symbol=XAUUSD ts=2026-04-17T19:42:42.320Z stale=false
2026-04-19T00:42:59.918+08:00  INFO 8879 --- [falconx-trading-core-service] [ntainer#2-0-C-1] c.f.trading.engine.QuoteDrivenEngine     : trading.quote.tick.applied symbol=XAUUSD source=TIINGO_FOREX stale=false openPositions=0
2026-04-19T00:42:59.919+08:00  INFO 8879 --- [falconx-trading-core-service] [ntainer#2-0-C-1] c.f.t.c.TradingKafkaEventListener        : trading.kafka.consume.received topic=falconx.market.price.tick eventId=evt-38710752118444032
2026-04-19T00:42:59.919+08:00  INFO 8879 --- [falconx-trading-core-service] [ntainer#2-0-C-1] c.f.t.c.MarketPriceTickEventConsumer     : trading.consumer.market.price.tick eventId=evt-38710752118444032 symbol=EURUSD ts=2026-04-17T19:42:42.313Z
2026-04-19T00:42:59.919+08:00  INFO 8879 --- [falconx-trading-core-service] [ntainer#2-0-C-1] c.f.trading.engine.QuoteDrivenEngine     : trading.quote.tick.received symbol=EURUSD ts=2026-04-17T19:42:42.313Z stale=false
2026-04-19T00:42:59.920+08:00  INFO 8879 --- [falconx-trading-core-service] [ntainer#2-0-C-1] c.f.trading.engine.QuoteDrivenEngine     : trading.quote.tick.applied symbol=EURUSD source=TIINGO_FOREX stale=false openPositions=0
2026-04-19T00:42:59.920+08:00  INFO 8879 --- [falconx-trading-core-service] [ntainer#2-0-C-1] c.f.t.c.TradingKafkaEventListener        : trading.kafka.consume.received topic=falconx.market.price.tick eventId=evt-38710756467937280
2026-04-19T00:42:59.920+08:00  INFO 8879 --- [falconx-trading-core-service] [ntainer#2-0-C-1] c.f.t.c.MarketPriceTickEventConsumer     : trading.consumer.market.price.tick eventId=evt-38710756467937280 symbol=XAUUSD ts=2026-04-17T19:42:43.335Z
2026-04-19T00:42:59.920+08:00  INFO 8879 --- [falconx-trading-core-service] [ntainer#2-0-C-1] c.f.trading.engine.QuoteDrivenEngine     : trading.quote.tick.received symbol=XAUUSD ts=2026-04-17T19:42:43.335Z stale=false
2026-04-19T00:42:59.921+08:00  INFO 8879 --- [falconx-trading-core-service] [ntainer#2-0-C-1] c.f.trading.engine.QuoteDrivenEngine     : trading.quote.tick.applied symbol=XAUUSD source=TIINGO_FOREX stale=false openPositions=0
2026-04-19T00:42:59.921+08:00  INFO 8879 --- [falconx-trading-core-service] [ntainer#2-0-C-1] c.f.t.c.TradingKafkaEventListener        : trading.kafka.consume.received topic=falconx.market.price.tick eventId=evt-38710756526657536
2026-04-19T00:42:59.921+08:00  INFO 8879 --- [falconx-trading-core-service] [ntainer#2-0-C-1] c.f.t.c.MarketPriceTickEventConsumer     : trading.consumer.market.price.tick eventId=evt-38710756526657536 symbol=EURUSD ts=2026-04-17T19:42:43.359Z
2026-04-19T00:42:59.921+08:00  INFO 8879 --- [falconx-trading-core-service] [ntainer#2-0-C-1] c.f.trading.engine.QuoteDrivenEngine     : trading.quote.tick.received symbol=EURUSD ts=2026-04-17T19:42:43.359Z stale=false
2026-04-19T00:42:59.922+08:00  INFO 8879 --- [falconx-trading-core-service] [ntainer#2-0-C-1] c.f.trading.engine.QuoteDrivenEngine     : trading.quote.tick.applied symbol=EURUSD source=TIINGO_FOREX stale=false openPositions=0
2026-04-19T00:42:59.922+08:00  INFO 8879 --- [falconx-trading-core-service] [ntainer#2-0-C-1] c.f.t.c.TradingKafkaEventListener        : trading.kafka.consume.received topic=falconx.market.price.tick eventId=evt-38710761056505856
2026-04-19T00:42:59.922+08:00  INFO 8879 --- [falconx-trading-core-service] [ntainer#2-0-C-1] c.f.t.c.MarketPriceTickEventConsumer     : trading.consumer.market.price.tick eventId=evt-38710761056505856 symbol=XAUUSD ts=2026-04-17T19:42:44.482Z
2026-04-19T00:42:59.922+08:00  INFO 8879 --- [falconx-trading-core-service] [ntainer#2-0-C-1] c.f.trading.engine.QuoteDrivenEngine     : trading.quote.tick.received symbol=XAUUSD ts=2026-04-17T19:42:44.482Z stale=false
2026-04-19T00:42:59.924+08:00  INFO 8879 --- [falconx-trading-core-service] [ntainer#2-0-C-1] c.f.trading.engine.QuoteDrivenEngine     : trading.quote.tick.applied symbol=XAUUSD source=TIINGO_FOREX stale=false openPositions=0
2026-04-19T00:42:59.924+08:00  INFO 8879 --- [falconx-trading-core-service] [ntainer#2-0-C-1] c.f.t.c.TradingKafkaEventListener        : trading.kafka.consume.received topic=falconx.market.price.tick eventId=evt-38710765288558592
2026-04-19T00:42:59.924+08:00  INFO 8879 --- [falconx-trading-core-service] [ntainer#2-0-C-1] c.f.t.c.MarketPriceTickEventConsumer     : trading.consumer.market.price.tick eventId=evt-38710765288558592 symbol=XAUUSD ts=2026-04-17T19:42:45.505Z
2026-04-19T00:42:59.924+08:00  INFO 8879 --- [falconx-trading-core-service] [ntainer#2-0-C-1] c.f.trading.engine.QuoteDrivenEngine     : trading.quote.tick.received symbol=XAUUSD ts=2026-04-17T19:42:45.505Z stale=false
2026-04-19T00:42:59.925+08:00  INFO 8879 --- [falconx-trading-core-service] [ntainer#2-0-C-1] c.f.trading.engine.QuoteDrivenEngine     : trading.quote.tick.applied symbol=XAUUSD source=TIINGO_FOREX stale=false openPositions=0
2026-04-19T00:42:59.925+08:00  INFO 8879 --- [falconx-trading-core-service] [ntainer#2-0-C-1] c.f.t.c.TradingKafkaEventListener        : trading.kafka.consume.received topic=falconx.market.price.tick eventId=evt-38710766454575104
2026-04-19T00:42:59.925+08:00  INFO 8879 --- [falconx-trading-core-service] [ntainer#2-0-C-1] c.f.t.c.MarketPriceTickEventConsumer     : trading.consumer.market.price.tick eventId=evt-38710766454575104 symbol=EURUSD ts=2026-04-17T19:42:45.775Z
2026-04-19T00:42:59.925+08:00  INFO 8879 --- [falconx-trading-core-service] [ntainer#2-0-C-1] c.f.trading.engine.QuoteDrivenEngine     : trading.quote.tick.received symbol=EURUSD ts=2026-04-17T19:42:45.775Z stale=false
2026-04-19T00:42:59.926+08:00  INFO 8879 --- [falconx-trading-core-service] [ntainer#2-0-C-1] c.f.trading.engine.QuoteDrivenEngine     : trading.quote.tick.applied symbol=EURUSD source=TIINGO_FOREX stale=false openPositions=0
2026-04-19T00:42:59.926+08:00  INFO 8879 --- [falconx-trading-core-service] [ntainer#2-0-C-1] c.f.t.c.TradingKafkaEventListener        : trading.kafka.consume.received topic=falconx.market.price.tick eventId=evt-38710769868738560
2026-04-19T00:42:59.926+08:00  INFO 8879 --- [falconx-trading-core-service] [ntainer#2-0-C-1] c.f.t.c.MarketPriceTickEventConsumer     : trading.consumer.market.price.tick eventId=evt-38710769868738560 symbol=XAUUSD ts=2026-04-17T19:42:46.550Z
2026-04-19T00:42:59.926+08:00  INFO 8879 --- [falconx-trading-core-service] [ntainer#2-0-C-1] c.f.trading.engine.QuoteDrivenEngine     : trading.quote.tick.received symbol=XAUUSD ts=2026-04-17T19:42:46.550Z stale=false
2026-04-19T00:42:59.927+08:00  INFO 8879 --- [falconx-trading-core-service] [ntainer#2-0-C-1] c.f.trading.engine.QuoteDrivenEngine     : trading.quote.tick.applied symbol=XAUUSD source=TIINGO_FOREX stale=false openPositions=0
2026-04-19T00:42:59.927+08:00  INFO 8879 --- [falconx-trading-core-service] [ntainer#2-0-C-1] c.f.t.c.TradingKafkaEventListener        : trading.kafka.consume.received topic=falconx.market.price.tick eventId=evt-38710771848450048
2026-04-19T00:42:59.927+08:00  INFO 8879 --- [falconx-trading-core-service] [ntainer#2-0-C-1] c.f.t.c.MarketPriceTickEventConsumer     : trading.consumer.market.price.tick eventId=evt-38710771848450048 symbol=EURUSD ts=2026-04-17T19:42:46.970Z
2026-04-19T00:42:59.927+08:00  INFO 8879 --- [falconx-trading-core-service] [ntainer#2-0-C-1] c.f.trading.engine.QuoteDrivenEngine     : trading.quote.tick.received symbol=EURUSD ts=2026-04-17T19:42:46.970Z stale=false
2026-04-19T00:42:59.929+08:00  INFO 8879 --- [falconx-trading-core-service] [ntainer#2-0-C-1] c.f.trading.engine.QuoteDrivenEngine     : trading.quote.tick.applied symbol=EURUSD source=TIINGO_FOREX stale=false openPositions=0
2026-04-19T00:42:59.929+08:00  INFO 8879 --- [falconx-trading-core-service] [ntainer#2-0-C-1] c.f.t.c.TradingKafkaEventListener        : trading.kafka.consume.received topic=falconx.market.price.tick eventId=evt-38710776466378752
2026-04-19T00:42:59.929+08:00  INFO 8879 --- [falconx-trading-core-service] [ntainer#2-0-C-1] c.f.t.c.MarketPriceTickEventConsumer     : trading.consumer.market.price.tick eventId=evt-38710776466378752 symbol=XAUUSD ts=2026-04-17T19:42:48.105Z
2026-04-19T00:42:59.929+08:00  INFO 8879 --- [falconx-trading-core-service] [ntainer#2-0-C-1] c.f.trading.engine.QuoteDrivenEngine     : trading.quote.tick.received symbol=XAUUSD ts=2026-04-17T19:42:48.105Z stale=false
2026-04-19T00:42:59.931+08:00  INFO 8879 --- [falconx-trading-core-service] [ntainer#2-0-C-1] c.f.trading.engine.QuoteDrivenEngine     : trading.quote.tick.applied symbol=XAUUSD source=TIINGO_FOREX stale=false openPositions=0
2026-04-19T00:42:59.931+08:00  INFO 8879 --- [falconx-trading-core-service] [ntainer#2-0-C-1] c.f.t.c.TradingKafkaEventListener        : trading.kafka.consume.received topic=falconx.market.price.tick eventId=evt-38710781428240384
2026-04-19T00:42:59.931+08:00  INFO 8879 --- [falconx-trading-core-service] [ntainer#2-0-C-1] c.f.t.c.MarketPriceTickEventConsumer     : trading.consumer.market.price.tick eventId=evt-38710781428240384 symbol=XAUUSD ts=2026-04-17T19:42:49.359Z
2026-04-19T00:42:59.931+08:00  INFO 8879 --- [falconx-trading-core-service] [ntainer#2-0-C-1] c.f.trading.engine.QuoteDrivenEngine     : trading.quote.tick.received symbol=XAUUSD ts=2026-04-17T19:42:49.359Z stale=false
2026-04-19T00:42:59.932+08:00  INFO 8879 --- [falconx-trading-core-service] [ntainer#2-0-C-1] c.f.trading.engine.QuoteDrivenEngine     : trading.quote.tick.applied symbol=XAUUSD source=TIINGO_FOREX stale=false openPositions=0
2026-04-19T00:42:59.932+08:00  INFO 8879 --- [falconx-trading-core-service] [ntainer#2-0-C-1] c.f.t.c.TradingKafkaEventListener        : trading.kafka.consume.received topic=falconx.market.price.tick eventId=evt-38710785823870976
2026-04-19T00:42:59.932+08:00  INFO 8879 --- [falconx-trading-core-service] [ntainer#2-0-C-1] c.f.t.c.MarketPriceTickEventConsumer     : trading.consumer.market.price.tick eventId=evt-38710785823870976 symbol=XAUUSD ts=2026-04-17T19:42:50.445Z
2026-04-19T00:42:59.932+08:00  INFO 8879 --- [falconx-trading-core-service] [ntainer#2-0-C-1] c.f.trading.engine.QuoteDrivenEngine     : trading.quote.tick.received symbol=XAUUSD ts=2026-04-17T19:42:50.445Z stale=false
2026-04-19T00:42:59.934+08:00  INFO 8879 --- [falconx-trading-core-service] [ntainer#2-0-C-1] c.f.trading.engine.QuoteDrivenEngine     : trading.quote.tick.applied symbol=XAUUSD source=TIINGO_FOREX stale=false openPositions=0
2026-04-19T00:42:59.934+08:00  INFO 8879 --- [falconx-trading-core-service] [ntainer#2-0-C-1] c.f.t.c.TradingKafkaEventListener        : trading.kafka.consume.received topic=falconx.market.price.tick eventId=evt-38710790219501568
2026-04-19T00:42:59.934+08:00  INFO 8879 --- [falconx-trading-core-service] [ntainer#2-0-C-1] c.f.t.c.MarketPriceTickEventConsumer     : trading.consumer.market.price.tick eventId=evt-38710790219501568 symbol=XAUUSD ts=2026-04-17T19:42:51.465Z
2026-04-19T00:42:59.934+08:00  INFO 8879 --- [falconx-trading-core-service] [ntainer#2-0-C-1] c.f.trading.engine.QuoteDrivenEngine     : trading.quote.tick.received symbol=XAUUSD ts=2026-04-17T19:42:51.465Z stale=false
2026-04-19T00:42:59.935+08:00  INFO 8879 --- [falconx-trading-core-service] [ntainer#2-0-C-1] c.f.trading.engine.QuoteDrivenEngine     : trading.quote.tick.applied symbol=XAUUSD source=TIINGO_FOREX stale=false openPositions=0
2026-04-19T00:42:59.935+08:00  INFO 8879 --- [falconx-trading-core-service] [ntainer#2-0-C-1] c.f.t.c.TradingKafkaEventListener        : trading.kafka.consume.received topic=falconx.market.price.tick eventId=evt-38710796368351232
2026-04-19T00:42:59.935+08:00  INFO 8879 --- [falconx-trading-core-service] [ntainer#2-0-C-1] c.f.t.c.MarketPriceTickEventConsumer     : trading.consumer.market.price.tick eventId=evt-38710796368351232 symbol=XAUUSD ts=2026-04-17T19:42:52.927Z
2026-04-19T00:42:59.935+08:00  INFO 8879 --- [falconx-trading-core-service] [ntainer#2-0-C-1] c.f.trading.engine.QuoteDrivenEngine     : trading.quote.tick.received symbol=XAUUSD ts=2026-04-17T19:42:52.927Z stale=false
2026-04-19T00:42:59.936+08:00  INFO 8879 --- [falconx-trading-core-service] [ntainer#2-0-C-1] c.f.trading.engine.QuoteDrivenEngine     : trading.quote.tick.applied symbol=XAUUSD source=TIINGO_FOREX stale=false openPositions=0
2026-04-19T00:42:59.936+08:00  INFO 8879 --- [falconx-trading-core-service] [ntainer#2-0-C-1] c.f.t.c.TradingKafkaEventListener        : trading.kafka.consume.received topic=falconx.market.price.tick eventId=evt-38710797236572160
2026-04-19T00:42:59.936+08:00  INFO 8879 --- [falconx-trading-core-service] [ntainer#2-0-C-1] c.f.t.c.MarketPriceTickEventConsumer     : trading.consumer.market.price.tick eventId=evt-38710797236572160 symbol=EURUSD ts=2026-04-17T19:42:53.098Z
2026-04-19T00:42:59.936+08:00  INFO 8879 --- [falconx-trading-core-service] [ntainer#2-0-C-1] c.f.trading.engine.QuoteDrivenEngine     : trading.quote.tick.received symbol=EURUSD ts=2026-04-17T19:42:53.098Z stale=false
2026-04-19T00:42:59.938+08:00  INFO 8879 --- [falconx-trading-core-service] [ntainer#2-0-C-1] c.f.trading.engine.QuoteDrivenEngine     : trading.quote.tick.applied symbol=EURUSD source=TIINGO_FOREX stale=false openPositions=0
2026-04-19T00:42:59.938+08:00  INFO 8879 --- [falconx-trading-core-service] [ntainer#2-0-C-1] c.f.t.c.TradingKafkaEventListener        : trading.kafka.consume.received topic=falconx.market.price.tick eventId=evt-38710801602842624
2026-04-19T00:42:59.938+08:00  INFO 8879 --- [falconx-trading-core-service] [ntainer#2-0-C-1] c.f.t.c.MarketPriceTickEventConsumer     : trading.consumer.market.price.tick eventId=evt-38710801602842624 symbol=XAUUSD ts=2026-04-17T19:42:54.189Z
2026-04-19T00:42:59.938+08:00  INFO 8879 --- [falconx-trading-core-service] [ntainer#2-0-C-1] c.f.trading.engine.QuoteDrivenEngine     : trading.quote.tick.received symbol=XAUUSD ts=2026-04-17T19:42:54.189Z stale=false
2026-04-19T00:42:59.939+08:00  INFO 8879 --- [falconx-trading-core-service] [ntainer#2-0-C-1] c.f.trading.engine.QuoteDrivenEngine     : trading.quote.tick.applied symbol=XAUUSD source=TIINGO_FOREX stale=false openPositions=0
2026-04-19T00:42:59.939+08:00  INFO 8879 --- [falconx-trading-core-service] [ntainer#2-0-C-1] c.f.t.c.TradingKafkaEventListener        : trading.kafka.consume.received topic=falconx.market.price.tick eventId=evt-38710803305730048
2026-04-19T00:42:59.939+08:00  INFO 8879 --- [falconx-trading-core-service] [ntainer#2-0-C-1] c.f.t.c.MarketPriceTickEventConsumer     : trading.consumer.market.price.tick eventId=evt-38710803305730048 symbol=EURUSD ts=2026-04-17T19:42:54.572Z
2026-04-19T00:42:59.939+08:00  INFO 8879 --- [falconx-trading-core-service] [ntainer#2-0-C-1] c.f.trading.engine.QuoteDrivenEngine     : trading.quote.tick.received symbol=EURUSD ts=2026-04-17T19:42:54.572Z stale=false
2026-04-19T00:42:59.941+08:00  INFO 8879 --- [falconx-trading-core-service] [ntainer#2-0-C-1] c.f.trading.engine.QuoteDrivenEngine     : trading.quote.tick.applied symbol=EURUSD source=TIINGO_FOREX stale=false openPositions=0
2026-04-19T00:42:59.941+08:00  INFO 8879 --- [falconx-trading-core-service] [ntainer#2-0-C-1] c.f.t.c.TradingKafkaEventListener        : trading.kafka.consume.received topic=falconx.market.price.tick eventId=evt-38710806396932096
2026-04-19T00:42:59.941+08:00  INFO 8879 --- [falconx-trading-core-service] [ntainer#2-0-C-1] c.f.t.c.MarketPriceTickEventConsumer     : trading.consumer.market.price.tick eventId=evt-38710806396932096 symbol=XAUUSD ts=2026-04-17T19:42:55.318Z
2026-04-19T00:42:59.941+08:00  INFO 8879 --- [falconx-trading-core-service] [ntainer#2-0-C-1] c.f.trading.engine.QuoteDrivenEngine     : trading.quote.tick.received symbol=XAUUSD ts=2026-04-17T19:42:55.318Z stale=false
2026-04-19T00:42:59.942+08:00  INFO 8879 --- [falconx-trading-core-service] [ntainer#2-0-C-1] c.f.trading.engine.QuoteDrivenEngine     : trading.quote.tick.applied symbol=XAUUSD source=TIINGO_FOREX stale=false openPositions=0
2026-04-19T00:42:59.942+08:00  INFO 8879 --- [falconx-trading-core-service] [ntainer#2-0-C-1] c.f.t.c.TradingKafkaEventListener        : trading.kafka.consume.received topic=falconx.market.price.tick eventId=evt-38710809802706944
2026-04-19T00:42:59.942+08:00  INFO 8879 --- [falconx-trading-core-service] [ntainer#2-0-C-1] c.f.t.c.MarketPriceTickEventConsumer     : trading.consumer.market.price.tick eventId=evt-38710809802706944 symbol=EURUSD ts=2026-04-17T19:42:56.097Z
2026-04-19T00:42:59.942+08:00  INFO 8879 --- [falconx-trading-core-service] [ntainer#2-0-C-1] c.f.trading.engine.QuoteDrivenEngine     : trading.quote.tick.received symbol=EURUSD ts=2026-04-17T19:42:56.097Z stale=false
2026-04-19T00:42:59.948+08:00  INFO 8879 --- [falconx-trading-core-service] [ntainer#2-0-C-1] c.f.trading.engine.QuoteDrivenEngine     : trading.quote.tick.applied symbol=EURUSD source=TIINGO_FOREX stale=false openPositions=0
2026-04-19T00:42:59.948+08:00  INFO 8879 --- [falconx-trading-core-service] [ntainer#2-0-C-1] c.f.t.c.TradingKafkaEventListener        : trading.kafka.consume.received topic=falconx.market.price.tick eventId=evt-38710810930974720
2026-04-19T00:42:59.948+08:00  INFO 8879 --- [falconx-trading-core-service] [ntainer#2-0-C-1] c.f.t.c.MarketPriceTickEventConsumer     : trading.consumer.market.price.tick eventId=evt-38710810930974720 symbol=XAUUSD ts=2026-04-17T19:42:56.359Z
2026-04-19T00:42:59.948+08:00  INFO 8879 --- [falconx-trading-core-service] [ntainer#2-0-C-1] c.f.trading.engine.QuoteDrivenEngine     : trading.quote.tick.received symbol=XAUUSD ts=2026-04-17T19:42:56.359Z stale=false
2026-04-19T00:42:59.954+08:00  INFO 8879 --- [falconx-trading-core-service] [ntainer#2-0-C-1] c.f.trading.engine.QuoteDrivenEngine     : trading.quote.tick.applied symbol=XAUUSD source=TIINGO_FOREX stale=false openPositions=0
2026-04-19T00:42:59.954+08:00  INFO 8879 --- [falconx-trading-core-service] [ntainer#2-0-C-1] c.f.t.c.TradingKafkaEventListener        : trading.kafka.consume.received topic=falconx.market.price.tick eventId=evt-38710814009593856
2026-04-19T00:42:59.954+08:00  INFO 8879 --- [falconx-trading-core-service] [ntainer#2-0-C-1] c.f.t.c.MarketPriceTickEventConsumer     : trading.consumer.market.price.tick eventId=evt-38710814009593856 symbol=EURUSD ts=2026-04-17T19:42:57.142Z
2026-04-19T00:42:59.954+08:00  INFO 8879 --- [falconx-trading-core-service] [ntainer#2-0-C-1] c.f.trading.engine.QuoteDrivenEngine     : trading.quote.tick.received symbol=EURUSD ts=2026-04-17T19:42:57.142Z stale=false
2026-04-19T00:42:59.961+08:00  INFO 8879 --- [falconx-trading-core-service] [ntainer#2-0-C-1] c.f.trading.engine.QuoteDrivenEngine     : trading.quote.tick.applied symbol=EURUSD source=TIINGO_FOREX stale=false openPositions=0
2026-04-19T00:42:59.961+08:00  INFO 8879 --- [falconx-trading-core-service] [ntainer#2-0-C-1] c.f.t.c.TradingKafkaEventListener        : trading.kafka.consume.received topic=falconx.market.price.tick eventId=evt-38710815829921792
2026-04-19T00:42:59.961+08:00  INFO 8879 --- [falconx-trading-core-service] [ntainer#2-0-C-1] c.f.t.c.MarketPriceTickEventConsumer     : trading.consumer.market.price.tick eventId=evt-38710815829921792 symbol=XAUUSD ts=2026-04-17T19:42:57.476Z
2026-04-19T00:42:59.961+08:00  INFO 8879 --- [falconx-trading-core-service] [ntainer#2-0-C-1] c.f.trading.engine.QuoteDrivenEngine     : trading.quote.tick.received symbol=XAUUSD ts=2026-04-17T19:42:57.476Z stale=false
2026-04-19T00:42:59.968+08:00  INFO 8879 --- [falconx-trading-core-service] [ntainer#2-0-C-1] c.f.trading.engine.QuoteDrivenEngine     : trading.quote.tick.applied symbol=XAUUSD source=TIINGO_FOREX stale=false openPositions=0
2026-04-19T00:42:59.968+08:00  INFO 8879 --- [falconx-trading-core-service] [ntainer#2-0-C-1] c.f.t.c.TradingKafkaEventListener        : trading.kafka.consume.received topic=falconx.market.price.tick eventId=evt-38710818258423808
2026-04-19T00:42:59.968+08:00  INFO 8879 --- [falconx-trading-core-service] [ntainer#2-0-C-1] c.f.t.c.MarketPriceTickEventConsumer     : trading.consumer.market.price.tick eventId=evt-38710818258423808 symbol=EURUSD ts=2026-04-17T19:42:58.151Z
2026-04-19T00:42:59.968+08:00  INFO 8879 --- [falconx-trading-core-service] [ntainer#2-0-C-1] c.f.trading.engine.QuoteDrivenEngine     : trading.quote.tick.received symbol=EURUSD ts=2026-04-17T19:42:58.151Z stale=false
2026-04-19T00:42:59.975+08:00  INFO 8879 --- [falconx-trading-core-service] [ntainer#2-0-C-1] c.f.trading.engine.QuoteDrivenEngine     : trading.quote.tick.applied symbol=EURUSD source=TIINGO_FOREX stale=false openPositions=0
2026-04-19T00:42:59.975+08:00  INFO 8879 --- [falconx-trading-core-service] [ntainer#2-0-C-1] c.f.t.c.TradingKafkaEventListener        : trading.kafka.consume.received topic=falconx.market.price.tick eventId=evt-38710820212969472
2026-04-19T00:42:59.975+08:00  INFO 8879 --- [falconx-trading-core-service] [ntainer#2-0-C-1] c.f.t.c.MarketPriceTickEventConsumer     : trading.consumer.market.price.tick eventId=evt-38710820212969472 symbol=XAUUSD ts=2026-04-17T19:42:58.571Z
2026-04-19T00:42:59.975+08:00  INFO 8879 --- [falconx-trading-core-service] [ntainer#2-0-C-1] c.f.trading.engine.QuoteDrivenEngine     : trading.quote.tick.received symbol=XAUUSD ts=2026-04-17T19:42:58.571Z stale=false
2026-04-19T00:42:59.979+08:00  INFO 8879 --- [falconx-trading-core-service] [ntainer#2-0-C-1] c.f.trading.engine.QuoteDrivenEngine     : trading.quote.tick.applied symbol=XAUUSD source=TIINGO_FOREX stale=false openPositions=0
2026-04-19T00:42:59.979+08:00  INFO 8879 --- [falconx-trading-core-service] [ntainer#2-0-C-1] c.f.t.c.TradingKafkaEventListener        : trading.kafka.consume.received topic=falconx.market.price.tick eventId=evt-38710824600211456
2026-04-19T00:42:59.979+08:00  INFO 8879 --- [falconx-trading-core-service] [ntainer#2-0-C-1] c.f.t.c.MarketPriceTickEventConsumer     : trading.consumer.market.price.tick eventId=evt-38710824600211456 symbol=XAUUSD ts=2026-04-17T19:42:59.604Z
2026-04-19T00:42:59.979+08:00  INFO 8879 --- [falconx-trading-core-service] [ntainer#2-0-C-1] c.f.trading.engine.QuoteDrivenEngine     : trading.quote.tick.received symbol=XAUUSD ts=2026-04-17T19:42:59.604Z stale=false
2026-04-19T00:42:59.983+08:00  INFO 8879 --- [falconx-trading-core-service] [ntainer#2-0-C-1] c.f.trading.engine.QuoteDrivenEngine     : trading.quote.tick.applied symbol=XAUUSD source=TIINGO_FOREX stale=false openPositions=0
2026-04-19T00:42:59.983+08:00  INFO 8879 --- [falconx-trading-core-service] [ntainer#2-0-C-1] c.f.t.c.TradingKafkaEventListener        : trading.kafka.consume.received topic=falconx.market.price.tick eventId=evt-38710826126938112
2026-04-19T00:42:59.983+08:00  INFO 8879 --- [falconx-trading-core-service] [ntainer#2-0-C-1] c.f.t.c.MarketPriceTickEventConsumer     : trading.consumer.market.price.tick eventId=evt-38710826126938112 symbol=XAUUSD ts=2026-04-17T19:43:00.044Z
2026-04-19T00:42:59.983+08:00  INFO 8879 --- [falconx-trading-core-service] [ntainer#2-0-C-1] c.f.trading.engine.QuoteDrivenEngine     : trading.quote.tick.received symbol=XAUUSD ts=2026-04-17T19:43:00.044Z stale=false
2026-04-19T00:42:59.987+08:00  INFO 8879 --- [falconx-trading-core-service] [ntainer#2-0-C-1] c.f.trading.engine.QuoteDrivenEngine     : trading.quote.tick.applied symbol=XAUUSD source=TIINGO_FOREX stale=false openPositions=0
2026-04-19T00:42:59.987+08:00  INFO 8879 --- [falconx-trading-core-service] [ntainer#2-0-C-1] c.f.t.c.TradingKafkaEventListener        : trading.kafka.consume.received topic=falconx.market.price.tick eventId=evt-38710831512424448
2026-04-19T00:42:59.988+08:00  INFO 8879 --- [falconx-trading-core-service] [ntainer#2-0-C-1] c.f.t.c.MarketPriceTickEventConsumer     : trading.consumer.market.price.tick eventId=evt-38710831512424448 symbol=XAUUSD ts=2026-04-17T19:43:01.157Z
2026-04-19T00:42:59.988+08:00  INFO 8879 --- [falconx-trading-core-service] [ntainer#2-0-C-1] c.f.trading.engine.QuoteDrivenEngine     : trading.quote.tick.received symbol=XAUUSD ts=2026-04-17T19:43:01.157Z stale=false
2026-04-19T00:42:59.993+08:00  INFO 8879 --- [falconx-trading-core-service] [ntainer#2-0-C-1] c.f.trading.engine.QuoteDrivenEngine     : trading.quote.tick.applied symbol=XAUUSD source=TIINGO_FOREX stale=false openPositions=0
2026-04-19T00:42:59.993+08:00  INFO 8879 --- [falconx-trading-core-service] [ntainer#2-0-C-1] c.f.t.c.TradingKafkaEventListener        : trading.kafka.consume.received topic=falconx.market.price.tick eventId=evt-38710832720384000
2026-04-19T00:42:59.993+08:00  INFO 8879 --- [falconx-trading-core-service] [ntainer#2-0-C-1] c.f.t.c.MarketPriceTickEventConsumer     : trading.consumer.market.price.tick eventId=evt-38710832720384000 symbol=EURUSD ts=2026-04-17T19:43:01.578Z
2026-04-19T00:42:59.993+08:00  INFO 8879 --- [falconx-trading-core-service] [ntainer#2-0-C-1] c.f.trading.engine.QuoteDrivenEngine     : trading.quote.tick.received symbol=EURUSD ts=2026-04-17T19:43:01.578Z stale=false
2026-04-19T00:42:59.998+08:00  INFO 8879 --- [falconx-trading-core-service] [ntainer#2-0-C-1] c.f.trading.engine.QuoteDrivenEngine     : trading.quote.tick.applied symbol=EURUSD source=TIINGO_FOREX stale=false openPositions=0
2026-04-19T00:42:59.998+08:00  INFO 8879 --- [falconx-trading-core-service] [ntainer#2-0-C-1] c.f.t.c.TradingKafkaEventListener        : trading.kafka.consume.received topic=falconx.market.price.tick eventId=evt-38710835098554368
2026-04-19T00:42:59.998+08:00  INFO 8879 --- [falconx-trading-core-service] [ntainer#2-0-C-1] c.f.t.c.MarketPriceTickEventConsumer     : trading.consumer.market.price.tick eventId=evt-38710835098554368 symbol=XAUUSD ts=2026-04-17T19:43:02.162Z
2026-04-19T00:42:59.998+08:00  INFO 8879 --- [falconx-trading-core-service] [ntainer#2-0-C-1] c.f.trading.engine.QuoteDrivenEngine     : trading.quote.tick.received symbol=XAUUSD ts=2026-04-17T19:43:02.162Z stale=false
2026-04-19T00:43:00.002+08:00  INFO 8879 --- [falconx-trading-core-service] [ntainer#2-0-C-1] c.f.trading.engine.QuoteDrivenEngine     : trading.quote.tick.applied symbol=XAUUSD source=TIINGO_FOREX stale=false openPositions=0
2026-04-19T00:43:00.002+08:00  INFO 8879 --- [falconx-trading-core-service] [ntainer#2-0-C-1] c.f.t.c.TradingKafkaEventListener        : trading.kafka.consume.received topic=falconx.market.price.tick eventId=evt-38710837057294336
2026-04-19T00:43:00.002+08:00  INFO 8879 --- [falconx-trading-core-service] [ntainer#2-0-C-1] c.f.t.c.MarketPriceTickEventConsumer     : trading.consumer.market.price.tick eventId=evt-38710837057294336 symbol=EURUSD ts=2026-04-17T19:43:02.633Z
2026-04-19T00:43:00.002+08:00  INFO 8879 --- [falconx-trading-core-service] [ntainer#2-0-C-1] c.f.trading.engine.QuoteDrivenEngine     : trading.quote.tick.received symbol=EURUSD ts=2026-04-17T19:43:02.633Z stale=false
2026-04-19T00:43:00.007+08:00  INFO 8879 --- [falconx-trading-core-service] [ntainer#2-0-C-1] c.f.trading.engine.QuoteDrivenEngine     : trading.quote.tick.applied symbol=EURUSD source=TIINGO_FOREX stale=false openPositions=0
2026-04-19T00:43:00.007+08:00  INFO 8879 --- [falconx-trading-core-service] [ntainer#2-0-C-1] c.f.t.c.TradingKafkaEventListener        : trading.kafka.consume.received topic=falconx.market.price.tick eventId=evt-38710840131719168
2026-04-19T00:43:00.007+08:00  INFO 8879 --- [falconx-trading-core-service] [ntainer#2-0-C-1] c.f.t.c.MarketPriceTickEventConsumer     : trading.consumer.market.price.tick eventId=evt-38710840131719168 symbol=XAUUSD ts=2026-04-17T19:43:03.283Z
2026-04-19T00:43:00.007+08:00  INFO 8879 --- [falconx-trading-core-service] [ntainer#2-0-C-1] c.f.trading.engine.QuoteDrivenEngine     : trading.quote.tick.received symbol=XAUUSD ts=2026-04-17T19:43:03.283Z stale=false
2026-04-19T00:43:00.011+08:00  INFO 8879 --- [falconx-trading-core-service] [ntainer#2-0-C-1] c.f.trading.engine.QuoteDrivenEngine     : trading.quote.tick.applied symbol=XAUUSD source=TIINGO_FOREX stale=false openPositions=0
2026-04-19T00:43:00.011+08:00  INFO 8879 --- [falconx-trading-core-service] [ntainer#2-0-C-1] c.f.t.c.TradingKafkaEventListener        : trading.kafka.consume.received topic=falconx.market.price.tick eventId=evt-38710845018083328
2026-04-19T00:43:00.011+08:00  INFO 8879 --- [falconx-trading-core-service] [ntainer#2-0-C-1] c.f.t.c.MarketPriceTickEventConsumer     : trading.consumer.market.price.tick eventId=evt-38710845018083328 symbol=XAUUSD ts=2026-04-17T19:43:04.532Z
2026-04-19T00:43:00.011+08:00  INFO 8879 --- [falconx-trading-core-service] [ntainer#2-0-C-1] c.f.trading.engine.QuoteDrivenEngine     : trading.quote.tick.received symbol=XAUUSD ts=2026-04-17T19:43:04.532Z stale=false
2026-04-19T00:43:00.013+08:00  INFO 8879 --- [falconx-trading-core-service] [ntainer#0-0-C-1] o.apache.kafka.common.metrics.Metrics    : Metrics scheduler closed
2026-04-19T00:43:00.013+08:00  INFO 8879 --- [falconx-trading-core-service] [ntainer#0-0-C-1] o.apache.kafka.common.metrics.Metrics    : Closing reporter org.apache.kafka.common.metrics.JmxReporter
2026-04-19T00:43:00.013+08:00  INFO 8879 --- [falconx-trading-core-service] [ntainer#0-0-C-1] o.apache.kafka.common.metrics.Metrics    : Closing reporter org.apache.kafka.common.telemetry.internals.ClientTelemetryReporter
2026-04-19T00:43:00.013+08:00  INFO 8879 --- [falconx-trading-core-service] [ntainer#0-0-C-1] o.apache.kafka.common.metrics.Metrics    : Metrics reporters closed
2026-04-19T00:43:00.013+08:00  INFO 8879 --- [falconx-trading-core-service] [ntainer#1-0-C-1] o.apache.kafka.common.metrics.Metrics    : Metrics scheduler closed
2026-04-19T00:43:00.013+08:00  INFO 8879 --- [falconx-trading-core-service] [ntainer#1-0-C-1] o.apache.kafka.common.metrics.Metrics    : Closing reporter org.apache.kafka.common.metrics.JmxReporter
2026-04-19T00:43:00.013+08:00  INFO 8879 --- [falconx-trading-core-service] [ntainer#1-0-C-1] o.apache.kafka.common.metrics.Metrics    : Closing reporter org.apache.kafka.common.telemetry.internals.ClientTelemetryReporter
2026-04-19T00:43:00.013+08:00  INFO 8879 --- [falconx-trading-core-service] [ntainer#1-0-C-1] o.apache.kafka.common.metrics.Metrics    : Metrics reporters closed
2026-04-19T00:43:00.015+08:00  INFO 8879 --- [falconx-trading-core-service] [ntainer#0-0-C-1] o.a.kafka.common.utils.AppInfoParser     : App info kafka.consumer for consumer-falconx-trading-core-service-2 unregistered
2026-04-19T00:43:00.015+08:00  INFO 8879 --- [falconx-trading-core-service] [ntainer#1-0-C-1] o.a.kafka.common.utils.AppInfoParser     : App info kafka.consumer for consumer-falconx-trading-core-service-3 unregistered
2026-04-19T00:43:00.015+08:00  INFO 8879 --- [falconx-trading-core-service] [ntainer#0-0-C-1] o.s.k.l.KafkaMessageListenerContainer    : falconx-trading-core-service: Consumer stopped
2026-04-19T00:43:00.015+08:00  INFO 8879 --- [falconx-trading-core-service] [ntainer#1-0-C-1] o.s.k.l.KafkaMessageListenerContainer    : falconx-trading-core-service: Consumer stopped
2026-04-19T00:43:00.022+08:00  INFO 8879 --- [falconx-trading-core-service] [ntainer#2-0-C-1] c.f.trading.engine.QuoteDrivenEngine     : trading.quote.tick.applied symbol=XAUUSD source=TIINGO_FOREX stale=false openPositions=0
2026-04-19T00:43:00.022+08:00  INFO 8879 --- [falconx-trading-core-service] [ntainer#2-0-C-1] c.f.t.c.TradingKafkaEventListener        : trading.kafka.consume.received topic=falconx.market.price.tick eventId=evt-38710849799589888
2026-04-19T00:43:00.022+08:00  INFO 8879 --- [falconx-trading-core-service] [ntainer#2-0-C-1] c.f.t.c.MarketPriceTickEventConsumer     : trading.consumer.market.price.tick eventId=evt-38710849799589888 symbol=XAUUSD ts=2026-04-17T19:43:05.670Z
2026-04-19T00:43:00.022+08:00  INFO 8879 --- [falconx-trading-core-service] [ntainer#2-0-C-1] c.f.trading.engine.QuoteDrivenEngine     : trading.quote.tick.received symbol=XAUUSD ts=2026-04-17T19:43:05.670Z stale=false
2026-04-19T00:43:00.026+08:00  INFO 8879 --- [falconx-trading-core-service] [ntainer#2-0-C-1] c.f.trading.engine.QuoteDrivenEngine     : trading.quote.tick.applied symbol=XAUUSD source=TIINGO_FOREX stale=false openPositions=0
2026-04-19T00:43:00.026+08:00  INFO 8879 --- [falconx-trading-core-service] [ntainer#2-0-C-1] c.f.t.c.TradingKafkaEventListener        : trading.kafka.consume.received topic=falconx.market.price.tick eventId=evt-38710856934100992
2026-04-19T00:43:00.026+08:00  INFO 8879 --- [falconx-trading-core-service] [ntainer#2-0-C-1] c.f.t.c.MarketPriceTickEventConsumer     : trading.consumer.market.price.tick eventId=evt-38710856934100992 symbol=XAUUSD ts=2026-04-17T19:43:07.353Z
2026-04-19T00:43:00.026+08:00  INFO 8879 --- [falconx-trading-core-service] [ntainer#2-0-C-1] c.f.trading.engine.QuoteDrivenEngine     : trading.quote.tick.received symbol=XAUUSD ts=2026-04-17T19:43:07.353Z stale=false
2026-04-19T00:43:00.029+08:00  INFO 8879 --- [falconx-trading-core-service] [ntainer#2-0-C-1] c.f.trading.engine.QuoteDrivenEngine     : trading.quote.tick.applied symbol=XAUUSD source=TIINGO_FOREX stale=false openPositions=0
2026-04-19T00:43:00.030+08:00  INFO 8879 --- [falconx-trading-core-service] [ntainer#2-0-C-1] c.f.t.c.TradingKafkaEventListener        : trading.kafka.consume.received topic=falconx.market.price.tick eventId=evt-38710861531058176
2026-04-19T00:43:00.030+08:00  INFO 8879 --- [falconx-trading-core-service] [ntainer#2-0-C-1] c.f.t.c.MarketPriceTickEventConsumer     : trading.consumer.market.price.tick eventId=evt-38710861531058176 symbol=XAUUSD ts=2026-04-17T19:43:08.477Z
2026-04-19T00:43:00.030+08:00  INFO 8879 --- [falconx-trading-core-service] [ntainer#2-0-C-1] c.f.trading.engine.QuoteDrivenEngine     : trading.quote.tick.received symbol=XAUUSD ts=2026-04-17T19:43:08.477Z stale=false
2026-04-19T00:43:00.033+08:00  INFO 8879 --- [falconx-trading-core-service] [ntainer#2-0-C-1] c.f.trading.engine.QuoteDrivenEngine     : trading.quote.tick.applied symbol=XAUUSD source=TIINGO_FOREX stale=false openPositions=0
2026-04-19T00:43:00.034+08:00  INFO 8879 --- [falconx-trading-core-service] [ntainer#2-0-C-1] c.f.t.c.TradingKafkaEventListener        : trading.kafka.consume.received topic=falconx.market.price.tick eventId=evt-38710866396450816
2026-04-19T00:43:00.034+08:00  INFO 8879 --- [falconx-trading-core-service] [ntainer#2-0-C-1] c.f.t.c.MarketPriceTickEventConsumer     : trading.consumer.market.price.tick eventId=evt-38710866396450816 symbol=EURUSD ts=2026-04-17T19:43:09.542Z
2026-04-19T00:43:00.034+08:00  INFO 8879 --- [falconx-trading-core-service] [ntainer#2-0-C-1] c.f.trading.engine.QuoteDrivenEngine     : trading.quote.tick.received symbol=EURUSD ts=2026-04-17T19:43:09.542Z stale=false
2026-04-19T00:43:00.043+08:00  INFO 8879 --- [falconx-trading-core-service] [ntainer#2-0-C-1] c.f.trading.engine.QuoteDrivenEngine     : trading.quote.tick.applied symbol=EURUSD source=TIINGO_FOREX stale=false openPositions=0
2026-04-19T00:43:00.044+08:00  INFO 8879 --- [falconx-trading-core-service] [ntainer#2-0-C-1] c.f.t.c.TradingKafkaEventListener        : trading.kafka.consume.received topic=falconx.market.price.tick eventId=evt-38710866627137536
2026-04-19T00:43:00.044+08:00  INFO 8879 --- [falconx-trading-core-service] [ntainer#2-0-C-1] c.f.t.c.MarketPriceTickEventConsumer     : trading.consumer.market.price.tick eventId=evt-38710866627137536 symbol=XAUUSD ts=2026-04-17T19:43:09.602Z
2026-04-19T00:43:00.044+08:00  INFO 8879 --- [falconx-trading-core-service] [ntainer#2-0-C-1] c.f.trading.engine.QuoteDrivenEngine     : trading.quote.tick.received symbol=XAUUSD ts=2026-04-17T19:43:09.602Z stale=false
2026-04-19T00:43:00.050+08:00  INFO 8879 --- [falconx-trading-core-service] [ntainer#2-0-C-1] c.f.trading.engine.QuoteDrivenEngine     : trading.quote.tick.applied symbol=XAUUSD source=TIINGO_FOREX stale=false openPositions=0
2026-04-19T00:43:00.051+08:00  INFO 8879 --- [falconx-trading-core-service] [ntainer#2-0-C-1] c.f.t.c.TradingKafkaEventListener        : trading.kafka.consume.received topic=falconx.market.price.tick eventId=evt-38710870850801664
2026-04-19T00:43:00.051+08:00  INFO 8879 --- [falconx-trading-core-service] [ntainer#2-0-C-1] c.f.t.c.MarketPriceTickEventConsumer     : trading.consumer.market.price.tick eventId=evt-38710870850801664 symbol=XAUUSD ts=2026-04-17T19:43:10.602Z
2026-04-19T00:43:00.051+08:00  INFO 8879 --- [falconx-trading-core-service] [ntainer#2-0-C-1] c.f.trading.engine.QuoteDrivenEngine     : trading.quote.tick.received symbol=XAUUSD ts=2026-04-17T19:43:10.602Z stale=false
2026-04-19T00:43:00.055+08:00  INFO 8879 --- [falconx-trading-core-service] [ntainer#2-0-C-1] c.f.trading.engine.QuoteDrivenEngine     : trading.quote.tick.applied symbol=XAUUSD source=TIINGO_FOREX stale=false openPositions=0
2026-04-19T00:43:00.055+08:00  INFO 8879 --- [falconx-trading-core-service] [ntainer#2-0-C-1] c.f.t.c.TradingKafkaEventListener        : trading.kafka.consume.received topic=falconx.market.price.tick eventId=evt-38710875401621504
2026-04-19T00:43:00.055+08:00  INFO 8879 --- [falconx-trading-core-service] [ntainer#2-0-C-1] c.f.t.c.MarketPriceTickEventConsumer     : trading.consumer.market.price.tick eventId=evt-38710875401621504 symbol=XAUUSD ts=2026-04-17T19:43:11.737Z
2026-04-19T00:43:00.055+08:00  INFO 8879 --- [falconx-trading-core-service] [ntainer#2-0-C-1] c.f.trading.engine.QuoteDrivenEngine     : trading.quote.tick.received symbol=XAUUSD ts=2026-04-17T19:43:11.737Z stale=false
2026-04-19T00:43:00.060+08:00  INFO 8879 --- [falconx-trading-core-service] [ntainer#2-0-C-1] c.f.trading.engine.QuoteDrivenEngine     : trading.quote.tick.applied symbol=XAUUSD source=TIINGO_FOREX stale=false openPositions=0
2026-04-19T00:43:00.060+08:00  INFO 8879 --- [falconx-trading-core-service] [ntainer#2-0-C-1] c.f.t.c.TradingKafkaEventListener        : trading.kafka.consume.received topic=falconx.market.price.tick eventId=evt-38710878136307712
2026-04-19T00:43:00.060+08:00  INFO 8879 --- [falconx-trading-core-service] [ntainer#2-0-C-1] c.f.t.c.MarketPriceTickEventConsumer     : trading.consumer.market.price.tick eventId=evt-38710878136307712 symbol=EURUSD ts=2026-04-17T19:43:12.416Z
2026-04-19T00:43:00.060+08:00  INFO 8879 --- [falconx-trading-core-service] [ntainer#2-0-C-1] c.f.trading.engine.QuoteDrivenEngine     : trading.quote.tick.received symbol=EURUSD ts=2026-04-17T19:43:12.416Z stale=false
2026-04-19T00:43:00.064+08:00  INFO 8879 --- [falconx-trading-core-service] [ntainer#2-0-C-1] c.f.trading.engine.QuoteDrivenEngine     : trading.quote.tick.applied symbol=EURUSD source=TIINGO_FOREX stale=false openPositions=0
2026-04-19T00:43:00.064+08:00  INFO 8879 --- [falconx-trading-core-service] [ntainer#2-0-C-1] c.f.t.c.TradingKafkaEventListener        : trading.kafka.consume.received topic=falconx.market.price.tick eventId=evt-38710880300568576
2026-04-19T00:43:00.064+08:00  INFO 8879 --- [falconx-trading-core-service] [ntainer#2-0-C-1] c.f.t.c.MarketPriceTickEventConsumer     : trading.consumer.market.price.tick eventId=evt-38710880300568576 symbol=XAUUSD ts=2026-04-17T19:43:12.911Z
2026-04-19T00:43:00.064+08:00  INFO 8879 --- [falconx-trading-core-service] [ntainer#2-0-C-1] c.f.trading.engine.QuoteDrivenEngine     : trading.quote.tick.received symbol=XAUUSD ts=2026-04-17T19:43:12.911Z stale=false
2026-04-19T00:43:00.068+08:00  INFO 8879 --- [falconx-trading-core-service] [ntainer#2-0-C-1] c.f.trading.engine.QuoteDrivenEngine     : trading.quote.tick.applied symbol=XAUUSD source=TIINGO_FOREX stale=false openPositions=0
2026-04-19T00:43:00.068+08:00  INFO 8879 --- [falconx-trading-core-service] [ntainer#2-0-C-1] c.f.t.c.TradingKafkaEventListener        : trading.kafka.consume.received topic=falconx.market.price.tick eventId=evt-38710885027549184
2026-04-19T00:43:00.068+08:00  INFO 8879 --- [falconx-trading-core-service] [ntainer#2-0-C-1] c.f.t.c.MarketPriceTickEventConsumer     : trading.consumer.market.price.tick eventId=evt-38710885027549184 symbol=XAUUSD ts=2026-04-17T19:43:14.052Z
2026-04-19T00:43:00.068+08:00  INFO 8879 --- [falconx-trading-core-service] [ntainer#2-0-C-1] c.f.trading.engine.QuoteDrivenEngine     : trading.quote.tick.received symbol=XAUUSD ts=2026-04-17T19:43:14.052Z stale=false
2026-04-19T00:43:00.072+08:00  INFO 8879 --- [falconx-trading-core-service] [ntainer#2-0-C-1] c.f.trading.engine.QuoteDrivenEngine     : trading.quote.tick.applied symbol=XAUUSD source=TIINGO_FOREX stale=false openPositions=0
2026-04-19T00:43:00.072+08:00  INFO 8879 --- [falconx-trading-core-service] [ntainer#2-0-C-1] c.f.t.c.TradingKafkaEventListener        : trading.kafka.consume.received topic=falconx.market.price.tick eventId=evt-38710889368653824
2026-04-19T00:43:00.072+08:00  INFO 8879 --- [falconx-trading-core-service] [ntainer#2-0-C-1] c.f.t.c.MarketPriceTickEventConsumer     : trading.consumer.market.price.tick eventId=evt-38710889368653824 symbol=XAUUSD ts=2026-04-17T19:43:15.053Z
2026-04-19T00:43:00.072+08:00  INFO 8879 --- [falconx-trading-core-service] [ntainer#2-0-C-1] c.f.trading.engine.QuoteDrivenEngine     : trading.quote.tick.received symbol=XAUUSD ts=2026-04-17T19:43:15.053Z stale=false
2026-04-19T00:43:00.076+08:00  INFO 8879 --- [falconx-trading-core-service] [ntainer#2-0-C-1] c.f.trading.engine.QuoteDrivenEngine     : trading.quote.tick.applied symbol=XAUUSD source=TIINGO_FOREX stale=false openPositions=0
2026-04-19T00:43:00.076+08:00  INFO 8879 --- [falconx-trading-core-service] [ntainer#2-0-C-1] c.f.t.c.TradingKafkaEventListener        : trading.kafka.consume.received topic=falconx.market.price.tick eventId=evt-38710893382602752
2026-04-19T00:43:00.076+08:00  INFO 8879 --- [falconx-trading-core-service] [ntainer#2-0-C-1] c.f.t.c.MarketPriceTickEventConsumer     : trading.consumer.market.price.tick eventId=evt-38710893382602752 symbol=XAUUSD ts=2026-04-17T19:43:16.068Z
2026-04-19T00:43:00.076+08:00  INFO 8879 --- [falconx-trading-core-service] [ntainer#2-0-C-1] c.f.trading.engine.QuoteDrivenEngine     : trading.quote.tick.received symbol=XAUUSD ts=2026-04-17T19:43:16.068Z stale=false
2026-04-19T00:43:00.080+08:00  INFO 8879 --- [falconx-trading-core-service] [ntainer#2-0-C-1] c.f.trading.engine.QuoteDrivenEngine     : trading.quote.tick.applied symbol=XAUUSD source=TIINGO_FOREX stale=false openPositions=0
2026-04-19T00:43:00.080+08:00  INFO 8879 --- [falconx-trading-core-service] [ntainer#2-0-C-1] c.f.t.c.TradingKafkaEventListener        : trading.kafka.consume.received topic=falconx.market.price.tick eventId=evt-38710895999848448
2026-04-19T00:43:00.080+08:00  INFO 8879 --- [falconx-trading-core-service] [ntainer#2-0-C-1] c.f.t.c.MarketPriceTickEventConsumer     : trading.consumer.market.price.tick eventId=evt-38710895999848448 symbol=EURUSD ts=2026-04-17T19:43:16.673Z
2026-04-19T00:43:00.080+08:00  INFO 8879 --- [falconx-trading-core-service] [ntainer#2-0-C-1] c.f.trading.engine.QuoteDrivenEngine     : trading.quote.tick.received symbol=EURUSD ts=2026-04-17T19:43:16.673Z stale=false
2026-04-19T00:43:00.085+08:00  INFO 8879 --- [falconx-trading-core-service] [ntainer#2-0-C-1] c.f.trading.engine.QuoteDrivenEngine     : trading.quote.tick.applied symbol=EURUSD source=TIINGO_FOREX stale=false openPositions=0
2026-04-19T00:43:00.085+08:00  INFO 8879 --- [falconx-trading-core-service] [ntainer#2-0-C-1] c.f.t.c.TradingKafkaEventListener        : trading.kafka.consume.received topic=falconx.market.price.tick eventId=evt-38710898084417536
2026-04-19T00:43:00.085+08:00  INFO 8879 --- [falconx-trading-core-service] [ntainer#2-0-C-1] c.f.t.c.MarketPriceTickEventConsumer     : trading.consumer.market.price.tick eventId=evt-38710898084417536 symbol=XAUUSD ts=2026-04-17T19:43:17.106Z
2026-04-19T00:43:00.085+08:00  INFO 8879 --- [falconx-trading-core-service] [ntainer#2-0-C-1] c.f.trading.engine.QuoteDrivenEngine     : trading.quote.tick.received symbol=XAUUSD ts=2026-04-17T19:43:17.106Z stale=false
2026-04-19T00:43:00.089+08:00  INFO 8879 --- [falconx-trading-core-service] [ntainer#2-0-C-1] c.f.trading.engine.QuoteDrivenEngine     : trading.quote.tick.applied symbol=XAUUSD source=TIINGO_FOREX stale=false openPositions=0
2026-04-19T00:43:00.089+08:00  INFO 8879 --- [falconx-trading-core-service] [ntainer#2-0-C-1] c.f.t.c.TradingKafkaEventListener        : trading.kafka.consume.received topic=falconx.market.price.tick eventId=evt-38710900991070208
2026-04-19T00:43:00.089+08:00  INFO 8879 --- [falconx-trading-core-service] [ntainer#2-0-C-1] c.f.t.c.MarketPriceTickEventConsumer     : trading.consumer.market.price.tick eventId=evt-38710900991070208 symbol=EURUSD ts=2026-04-17T19:43:17.898Z
2026-04-19T00:43:00.089+08:00  INFO 8879 --- [falconx-trading-core-service] [ntainer#2-0-C-1] c.f.trading.engine.QuoteDrivenEngine     : trading.quote.tick.received symbol=EURUSD ts=2026-04-17T19:43:17.898Z stale=false
2026-04-19T00:43:00.090+08:00  INFO 8879 --- [falconx-trading-core-service] [ntainer#2-0-C-1] c.f.trading.engine.QuoteDrivenEngine     : trading.quote.tick.applied symbol=EURUSD source=TIINGO_FOREX stale=false openPositions=0
2026-04-19T00:43:00.090+08:00  INFO 8879 --- [falconx-trading-core-service] [ntainer#2-0-C-1] c.f.t.c.TradingKafkaEventListener        : trading.kafka.consume.received topic=falconx.market.price.tick eventId=evt-38710903784476672
2026-04-19T00:43:00.090+08:00  INFO 8879 --- [falconx-trading-core-service] [ntainer#2-0-C-1] c.f.t.c.MarketPriceTickEventConsumer     : trading.consumer.market.price.tick eventId=evt-38710903784476672 symbol=XAUUSD ts=2026-04-17T19:43:18.433Z
2026-04-19T00:43:00.090+08:00  INFO 8879 --- [falconx-trading-core-service] [ntainer#2-0-C-1] c.f.trading.engine.QuoteDrivenEngine     : trading.quote.tick.received symbol=XAUUSD ts=2026-04-17T19:43:18.433Z stale=false
2026-04-19T00:43:00.092+08:00  INFO 8879 --- [falconx-trading-core-service] [ntainer#2-0-C-1] c.f.trading.engine.QuoteDrivenEngine     : trading.quote.tick.applied symbol=XAUUSD source=TIINGO_FOREX stale=false openPositions=0
2026-04-19T00:43:00.092+08:00  INFO 8879 --- [falconx-trading-core-service] [ntainer#2-0-C-1] c.f.t.c.TradingKafkaEventListener        : trading.kafka.consume.received topic=falconx.market.price.tick eventId=evt-38710908184301568
2026-04-19T00:43:00.092+08:00  INFO 8879 --- [falconx-trading-core-service] [ntainer#2-0-C-1] c.f.t.c.MarketPriceTickEventConsumer     : trading.consumer.market.price.tick eventId=evt-38710908184301568 symbol=XAUUSD ts=2026-04-17T19:43:19.479Z
2026-04-19T00:43:00.092+08:00  INFO 8879 --- [falconx-trading-core-service] [ntainer#2-0-C-1] c.f.trading.engine.QuoteDrivenEngine     : trading.quote.tick.received symbol=XAUUSD ts=2026-04-17T19:43:19.479Z stale=false
2026-04-19T00:43:00.093+08:00  INFO 8879 --- [falconx-trading-core-service] [ntainer#2-0-C-1] c.f.trading.engine.QuoteDrivenEngine     : trading.quote.tick.applied symbol=XAUUSD source=TIINGO_FOREX stale=false openPositions=0
2026-04-19T00:43:00.093+08:00  INFO 8879 --- [falconx-trading-core-service] [ntainer#2-0-C-1] c.f.t.c.TradingKafkaEventListener        : trading.kafka.consume.received topic=falconx.market.price.tick eventId=evt-38710912101781504
2026-04-19T00:43:00.093+08:00  INFO 8879 --- [falconx-trading-core-service] [ntainer#2-0-C-1] c.f.t.c.MarketPriceTickEventConsumer     : trading.consumer.market.price.tick eventId=evt-38710912101781504 symbol=XAUUSD ts=2026-04-17T19:43:20.525Z
2026-04-19T00:43:00.093+08:00  INFO 8879 --- [falconx-trading-core-service] [ntainer#2-0-C-1] c.f.trading.engine.QuoteDrivenEngine     : trading.quote.tick.received symbol=XAUUSD ts=2026-04-17T19:43:20.525Z stale=false
2026-04-19T00:43:00.095+08:00  INFO 8879 --- [falconx-trading-core-service] [ntainer#2-0-C-1] c.f.trading.engine.QuoteDrivenEngine     : trading.quote.tick.applied symbol=XAUUSD source=TIINGO_FOREX stale=false openPositions=0
2026-04-19T00:43:00.095+08:00  INFO 8879 --- [falconx-trading-core-service] [ntainer#2-0-C-1] c.f.t.c.TradingKafkaEventListener        : trading.kafka.consume.received topic=falconx.market.price.tick eventId=evt-38710918145773568
2026-04-19T00:43:00.095+08:00  INFO 8879 --- [falconx-trading-core-service] [ntainer#2-0-C-1] c.f.t.c.MarketPriceTickEventConsumer     : trading.consumer.market.price.tick eventId=evt-38710918145773568 symbol=EURUSD ts=2026-04-17T19:43:21.940Z
2026-04-19T00:43:00.095+08:00  INFO 8879 --- [falconx-trading-core-service] [ntainer#2-0-C-1] c.f.trading.engine.QuoteDrivenEngine     : trading.quote.tick.received symbol=EURUSD ts=2026-04-17T19:43:21.940Z stale=false
2026-04-19T00:43:00.096+08:00  INFO 8879 --- [falconx-trading-core-service] [ntainer#2-0-C-1] c.f.trading.engine.QuoteDrivenEngine     : trading.quote.tick.applied symbol=EURUSD source=TIINGO_FOREX stale=false openPositions=0
2026-04-19T00:43:00.096+08:00  INFO 8879 --- [falconx-trading-core-service] [ntainer#2-0-C-1] c.f.t.c.TradingKafkaEventListener        : trading.kafka.consume.received topic=falconx.market.price.tick eventId=evt-38710918594564096
2026-04-19T00:43:00.096+08:00  INFO 8879 --- [falconx-trading-core-service] [ntainer#2-0-C-1] c.f.t.c.MarketPriceTickEventConsumer     : trading.consumer.market.price.tick eventId=evt-38710918594564096 symbol=XAUUSD ts=2026-04-17T19:43:22.086Z
2026-04-19T00:43:00.096+08:00  INFO 8879 --- [falconx-trading-core-service] [ntainer#2-0-C-1] c.f.trading.engine.QuoteDrivenEngine     : trading.quote.tick.received symbol=XAUUSD ts=2026-04-17T19:43:22.086Z stale=false
2026-04-19T00:43:00.098+08:00  INFO 8879 --- [falconx-trading-core-service] [ntainer#2-0-C-1] c.f.trading.engine.QuoteDrivenEngine     : trading.quote.tick.applied symbol=XAUUSD source=TIINGO_FOREX stale=false openPositions=0
2026-04-19T00:43:00.098+08:00  INFO 8879 --- [falconx-trading-core-service] [ntainer#2-0-C-1] c.f.t.c.TradingKafkaEventListener        : trading.kafka.consume.received topic=falconx.market.price.tick eventId=evt-38710924038770688
2026-04-19T00:43:00.098+08:00  INFO 8879 --- [falconx-trading-core-service] [ntainer#2-0-C-1] c.f.t.c.MarketPriceTickEventConsumer     : trading.consumer.market.price.tick eventId=evt-38710924038770688 symbol=XAUUSD ts=2026-04-17T19:43:23.381Z
2026-04-19T00:43:00.098+08:00  INFO 8879 --- [falconx-trading-core-service] [ntainer#2-0-C-1] c.f.trading.engine.QuoteDrivenEngine     : trading.quote.tick.received symbol=XAUUSD ts=2026-04-17T19:43:23.381Z stale=false
2026-04-19T00:43:00.099+08:00  INFO 8879 --- [falconx-trading-core-service] [ntainer#2-0-C-1] c.f.trading.engine.QuoteDrivenEngine     : trading.quote.tick.applied symbol=XAUUSD source=TIINGO_FOREX stale=false openPositions=0
2026-04-19T00:43:00.099+08:00  INFO 8879 --- [falconx-trading-core-service] [ntainer#2-0-C-1] c.f.t.c.TradingKafkaEventListener        : trading.kafka.consume.received topic=falconx.market.price.tick eventId=evt-38710924298817536
2026-04-19T00:43:00.099+08:00  INFO 8879 --- [falconx-trading-core-service] [ntainer#2-0-C-1] c.f.t.c.MarketPriceTickEventConsumer     : trading.consumer.market.price.tick eventId=evt-38710924298817536 symbol=EURUSD ts=2026-04-17T19:43:23.409Z
2026-04-19T00:43:00.099+08:00  INFO 8879 --- [falconx-trading-core-service] [ntainer#2-0-C-1] c.f.trading.engine.QuoteDrivenEngine     : trading.quote.tick.received symbol=EURUSD ts=2026-04-17T19:43:23.409Z stale=false
2026-04-19T00:43:00.100+08:00  INFO 8879 --- [falconx-trading-core-service] [ntainer#2-0-C-1] c.f.trading.engine.QuoteDrivenEngine     : trading.quote.tick.applied symbol=EURUSD source=TIINGO_FOREX stale=false openPositions=0
2026-04-19T00:43:00.101+08:00  INFO 8879 --- [falconx-trading-core-service] [ntainer#2-0-C-1] c.f.t.c.TradingKafkaEventListener        : trading.kafka.consume.received topic=falconx.market.price.tick eventId=evt-38710928287600640
2026-04-19T00:43:00.101+08:00  INFO 8879 --- [falconx-trading-core-service] [ntainer#2-0-C-1] c.f.t.c.MarketPriceTickEventConsumer     : trading.consumer.market.price.tick eventId=evt-38710928287600640 symbol=XAUUSD ts=2026-04-17T19:43:24.393Z
2026-04-19T00:43:00.101+08:00  INFO 8879 --- [falconx-trading-core-service] [ntainer#2-0-C-1] c.f.trading.engine.QuoteDrivenEngine     : trading.quote.tick.received symbol=XAUUSD ts=2026-04-17T19:43:24.393Z stale=false
2026-04-19T00:43:00.102+08:00  INFO 8879 --- [falconx-trading-core-service] [ntainer#2-0-C-1] c.f.trading.engine.QuoteDrivenEngine     : trading.quote.tick.applied symbol=XAUUSD source=TIINGO_FOREX stale=false openPositions=0
2026-04-19T00:43:00.102+08:00  INFO 8879 --- [falconx-trading-core-service] [ntainer#2-0-C-1] c.f.t.c.TradingKafkaEventListener        : trading.kafka.consume.received topic=falconx.market.price.tick eventId=evt-38710929340370944
2026-04-19T00:43:00.102+08:00  INFO 8879 --- [falconx-trading-core-service] [ntainer#2-0-C-1] c.f.t.c.MarketPriceTickEventConsumer     : trading.consumer.market.price.tick eventId=evt-38710929340370944 symbol=EURUSD ts=2026-04-17T19:43:24.615Z
2026-04-19T00:43:00.102+08:00  INFO 8879 --- [falconx-trading-core-service] [ntainer#2-0-C-1] c.f.trading.engine.QuoteDrivenEngine     : trading.quote.tick.received symbol=EURUSD ts=2026-04-17T19:43:24.615Z stale=false
2026-04-19T00:43:00.103+08:00  INFO 8879 --- [falconx-trading-core-service] [ntainer#2-0-C-1] c.f.trading.engine.QuoteDrivenEngine     : trading.quote.tick.applied symbol=EURUSD source=TIINGO_FOREX stale=false openPositions=0
2026-04-19T00:43:00.104+08:00  INFO 8879 --- [falconx-trading-core-service] [ntainer#2-0-C-1] c.f.t.c.TradingKafkaEventListener        : trading.kafka.consume.received topic=falconx.market.price.tick eventId=evt-38710932653871104
2026-04-19T00:43:00.104+08:00  INFO 8879 --- [falconx-trading-core-service] [ntainer#2-0-C-1] c.f.t.c.MarketPriceTickEventConsumer     : trading.consumer.market.price.tick eventId=evt-38710932653871104 symbol=XAUUSD ts=2026-04-17T19:43:25.436Z
2026-04-19T00:43:00.104+08:00  INFO 8879 --- [falconx-trading-core-service] [ntainer#2-0-C-1] c.f.trading.engine.QuoteDrivenEngine     : trading.quote.tick.received symbol=XAUUSD ts=2026-04-17T19:43:25.436Z stale=false
2026-04-19T00:43:00.105+08:00  INFO 8879 --- [falconx-trading-core-service] [ntainer#2-0-C-1] c.f.trading.engine.QuoteDrivenEngine     : trading.quote.tick.applied symbol=XAUUSD source=TIINGO_FOREX stale=false openPositions=0
2026-04-19T00:43:00.105+08:00  INFO 8879 --- [falconx-trading-core-service] [ntainer#2-0-C-1] c.f.t.c.TradingKafkaEventListener        : trading.kafka.consume.received topic=falconx.market.price.tick eventId=evt-38710933807304704
2026-04-19T00:43:00.105+08:00  INFO 8879 --- [falconx-trading-core-service] [ntainer#2-0-C-1] c.f.t.c.MarketPriceTickEventConsumer     : trading.consumer.market.price.tick eventId=evt-38710933807304704 symbol=EURUSD ts=2026-04-17T19:43:25.695Z
2026-04-19T00:43:00.105+08:00  INFO 8879 --- [falconx-trading-core-service] [ntainer#2-0-C-1] c.f.trading.engine.QuoteDrivenEngine     : trading.quote.tick.received symbol=EURUSD ts=2026-04-17T19:43:25.695Z stale=false
2026-04-19T00:43:00.106+08:00  INFO 8879 --- [falconx-trading-core-service] [ntainer#2-0-C-1] c.f.trading.engine.QuoteDrivenEngine     : trading.quote.tick.applied symbol=EURUSD source=TIINGO_FOREX stale=false openPositions=0
2026-04-19T00:43:00.107+08:00  INFO 8879 --- [falconx-trading-core-service] [ntainer#2-0-C-1] c.f.t.c.TradingKafkaEventListener        : trading.kafka.consume.received topic=falconx.market.price.tick eventId=evt-38710937292771328
2026-04-19T00:43:00.107+08:00  INFO 8879 --- [falconx-trading-core-service] [ntainer#2-0-C-1] c.f.t.c.MarketPriceTickEventConsumer     : trading.consumer.market.price.tick eventId=evt-38710937292771328 symbol=XAUUSD ts=2026-04-17T19:43:26.548Z
2026-04-19T00:43:00.107+08:00  INFO 8879 --- [falconx-trading-core-service] [ntainer#2-0-C-1] c.f.trading.engine.QuoteDrivenEngine     : trading.quote.tick.received symbol=XAUUSD ts=2026-04-17T19:43:26.548Z stale=false
2026-04-19T00:43:00.108+08:00  INFO 8879 --- [falconx-trading-core-service] [ntainer#2-0-C-1] c.f.trading.engine.QuoteDrivenEngine     : trading.quote.tick.applied symbol=XAUUSD source=TIINGO_FOREX stale=false openPositions=0
2026-04-19T00:43:00.108+08:00  INFO 8879 --- [falconx-trading-core-service] [ntainer#2-0-C-1] c.f.t.c.TradingKafkaEventListener        : trading.kafka.consume.received topic=falconx.market.price.tick eventId=evt-38710942799892480
2026-04-19T00:43:00.108+08:00  INFO 8879 --- [falconx-trading-core-service] [ntainer#2-0-C-1] c.f.t.c.MarketPriceTickEventConsumer     : trading.consumer.market.price.tick eventId=evt-38710942799892480 symbol=XAUUSD ts=2026-04-17T19:43:27.803Z
2026-04-19T00:43:00.108+08:00  INFO 8879 --- [falconx-trading-core-service] [ntainer#2-0-C-1] c.f.trading.engine.QuoteDrivenEngine     : trading.quote.tick.received symbol=XAUUSD ts=2026-04-17T19:43:27.803Z stale=false
2026-04-19T00:43:00.110+08:00  INFO 8879 --- [falconx-trading-core-service] [ntainer#2-0-C-1] c.f.trading.engine.QuoteDrivenEngine     : trading.quote.tick.applied symbol=XAUUSD source=TIINGO_FOREX stale=false openPositions=0
2026-04-19T00:43:00.110+08:00  INFO 8879 --- [falconx-trading-core-service] [ntainer#2-0-C-1] c.f.t.c.TradingKafkaEventListener        : trading.kafka.consume.received topic=falconx.market.price.tick eventId=evt-38710945983369216
2026-04-19T00:43:00.110+08:00  INFO 8879 --- [falconx-trading-core-service] [ntainer#2-0-C-1] c.f.t.c.MarketPriceTickEventConsumer     : trading.consumer.market.price.tick eventId=evt-38710945983369216 symbol=EURUSD ts=2026-04-17T19:43:28.596Z
2026-04-19T00:43:00.110+08:00  INFO 8879 --- [falconx-trading-core-service] [ntainer#2-0-C-1] c.f.trading.engine.QuoteDrivenEngine     : trading.quote.tick.received symbol=EURUSD ts=2026-04-17T19:43:28.596Z stale=false
2026-04-19T00:43:00.111+08:00  INFO 8879 --- [falconx-trading-core-service] [ntainer#2-0-C-1] c.f.trading.engine.QuoteDrivenEngine     : trading.quote.tick.applied symbol=EURUSD source=TIINGO_FOREX stale=false openPositions=0
2026-04-19T00:43:00.111+08:00  INFO 8879 --- [falconx-trading-core-service] [ntainer#2-0-C-1] c.f.t.c.TradingKafkaEventListener        : trading.kafka.consume.received topic=falconx.market.price.tick eventId=evt-38710947996635136
2026-04-19T00:43:00.111+08:00  INFO 8879 --- [falconx-trading-core-service] [ntainer#2-0-C-1] c.f.t.c.MarketPriceTickEventConsumer     : trading.consumer.market.price.tick eventId=evt-38710947996635136 symbol=XAUUSD ts=2026-04-17T19:43:29.043Z
2026-04-19T00:43:00.111+08:00  INFO 8879 --- [falconx-trading-core-service] [ntainer#2-0-C-1] c.f.trading.engine.QuoteDrivenEngine     : trading.quote.tick.received symbol=XAUUSD ts=2026-04-17T19:43:29.043Z stale=false
2026-04-19T00:43:00.113+08:00  INFO 8879 --- [falconx-trading-core-service] [ntainer#2-0-C-1] c.f.trading.engine.QuoteDrivenEngine     : trading.quote.tick.applied symbol=XAUUSD source=TIINGO_FOREX stale=false openPositions=0
2026-04-19T00:43:00.113+08:00  INFO 8879 --- [falconx-trading-core-service] [ntainer#2-0-C-1] c.f.t.c.TradingKafkaEventListener        : trading.kafka.consume.received topic=falconx.market.price.tick eventId=evt-38710952396460032
2026-04-19T00:43:00.113+08:00  INFO 8879 --- [falconx-trading-core-service] [ntainer#2-0-C-1] c.f.t.c.MarketPriceTickEventConsumer     : trading.consumer.market.price.tick eventId=evt-38710952396460032 symbol=XAUUSD ts=2026-04-17T19:43:30.053Z
2026-04-19T00:43:00.113+08:00  INFO 8879 --- [falconx-trading-core-service] [ntainer#2-0-C-1] c.f.trading.engine.QuoteDrivenEngine     : trading.quote.tick.received symbol=XAUUSD ts=2026-04-17T19:43:30.053Z stale=false
2026-04-19T00:43:00.114+08:00  INFO 8879 --- [falconx-trading-core-service] [ntainer#2-0-C-1] c.f.trading.engine.QuoteDrivenEngine     : trading.quote.tick.applied symbol=XAUUSD source=TIINGO_FOREX stale=false openPositions=0
2026-04-19T00:43:00.114+08:00  INFO 8879 --- [falconx-trading-core-service] [ntainer#2-0-C-1] c.f.t.c.TradingKafkaEventListener        : trading.kafka.consume.received topic=falconx.market.price.tick eventId=evt-38710956800479232
2026-04-19T00:43:00.114+08:00  INFO 8879 --- [falconx-trading-core-service] [ntainer#2-0-C-1] c.f.t.c.MarketPriceTickEventConsumer     : trading.consumer.market.price.tick eventId=evt-38710956800479232 symbol=XAUUSD ts=2026-04-17T19:43:31.095Z
2026-04-19T00:43:00.114+08:00  INFO 8879 --- [falconx-trading-core-service] [ntainer#2-0-C-1] c.f.trading.engine.QuoteDrivenEngine     : trading.quote.tick.received symbol=XAUUSD ts=2026-04-17T19:43:31.095Z stale=false
2026-04-19T00:43:00.116+08:00  INFO 8879 --- [falconx-trading-core-service] [ntainer#2-0-C-1] c.f.trading.engine.QuoteDrivenEngine     : trading.quote.tick.applied symbol=XAUUSD source=TIINGO_FOREX stale=false openPositions=0
2026-04-19T00:43:00.116+08:00  INFO 8879 --- [falconx-trading-core-service] [ntainer#2-0-C-1] c.f.t.c.TradingKafkaEventListener        : trading.kafka.consume.received topic=falconx.market.price.tick eventId=evt-38710960957034496
2026-04-19T00:43:00.116+08:00  INFO 8879 --- [falconx-trading-core-service] [ntainer#2-0-C-1] c.f.t.c.MarketPriceTickEventConsumer     : trading.consumer.market.price.tick eventId=evt-38710960957034496 symbol=EURUSD ts=2026-04-17T19:43:32.151Z
2026-04-19T00:43:00.116+08:00  INFO 8879 --- [falconx-trading-core-service] [ntainer#2-0-C-1] c.f.trading.engine.QuoteDrivenEngine     : trading.quote.tick.received symbol=EURUSD ts=2026-04-17T19:43:32.151Z stale=false
2026-04-19T00:43:00.118+08:00  INFO 8879 --- [falconx-trading-core-service] [ntainer#2-0-C-1] c.f.trading.engine.QuoteDrivenEngine     : trading.quote.tick.applied symbol=EURUSD source=TIINGO_FOREX stale=false openPositions=0
2026-04-19T00:43:00.118+08:00  INFO 8879 --- [falconx-trading-core-service] [ntainer#2-0-C-1] c.f.t.c.TradingKafkaEventListener        : trading.kafka.consume.received topic=falconx.market.price.tick eventId=evt-38710963221958656
2026-04-19T00:43:00.118+08:00  INFO 8879 --- [falconx-trading-core-service] [ntainer#2-0-C-1] c.f.t.c.MarketPriceTickEventConsumer     : trading.consumer.market.price.tick eventId=evt-38710963221958656 symbol=XAUUSD ts=2026-04-17T19:43:32.630Z
2026-04-19T00:43:00.118+08:00  INFO 8879 --- [falconx-trading-core-service] [ntainer#2-0-C-1] c.f.trading.engine.QuoteDrivenEngine     : trading.quote.tick.received symbol=XAUUSD ts=2026-04-17T19:43:32.630Z stale=false
2026-04-19T00:43:00.119+08:00  INFO 8879 --- [falconx-trading-core-service] [ntainer#2-0-C-1] c.f.trading.engine.QuoteDrivenEngine     : trading.quote.tick.applied symbol=XAUUSD source=TIINGO_FOREX stale=false openPositions=0
2026-04-19T00:43:00.119+08:00  INFO 8879 --- [falconx-trading-core-service] [ntainer#2-0-C-1] c.f.t.c.TradingKafkaEventListener        : trading.kafka.consume.received topic=falconx.market.price.tick eventId=evt-38710969198841856
2026-04-19T00:43:00.119+08:00  INFO 8879 --- [falconx-trading-core-service] [ntainer#2-0-C-1] c.f.t.c.MarketPriceTickEventConsumer     : trading.consumer.market.price.tick eventId=evt-38710969198841856 symbol=XAUUSD ts=2026-04-17T19:43:34.144Z
2026-04-19T00:43:00.119+08:00  INFO 8879 --- [falconx-trading-core-service] [ntainer#2-0-C-1] c.f.trading.engine.QuoteDrivenEngine     : trading.quote.tick.received symbol=XAUUSD ts=2026-04-17T19:43:34.144Z stale=false
2026-04-19T00:43:00.121+08:00  INFO 8879 --- [falconx-trading-core-service] [ntainer#2-0-C-1] c.f.trading.engine.QuoteDrivenEngine     : trading.quote.tick.applied symbol=XAUUSD source=TIINGO_FOREX stale=false openPositions=0
2026-04-19T00:43:00.121+08:00  INFO 8879 --- [falconx-trading-core-service] [ntainer#2-0-C-1] c.f.t.c.TradingKafkaEventListener        : trading.kafka.consume.received topic=falconx.market.price.tick eventId=evt-38710972139048960
2026-04-19T00:43:00.121+08:00  INFO 8879 --- [falconx-trading-core-service] [ntainer#2-0-C-1] c.f.t.c.MarketPriceTickEventConsumer     : trading.consumer.market.price.tick eventId=evt-38710972139048960 symbol=EURUSD ts=2026-04-17T19:43:34.828Z
2026-04-19T00:43:00.121+08:00  INFO 8879 --- [falconx-trading-core-service] [ntainer#2-0-C-1] c.f.trading.engine.QuoteDrivenEngine     : trading.quote.tick.received symbol=EURUSD ts=2026-04-17T19:43:34.828Z stale=false
2026-04-19T00:43:00.122+08:00  INFO 8879 --- [falconx-trading-core-service] [ntainer#2-0-C-1] c.f.trading.engine.QuoteDrivenEngine     : trading.quote.tick.applied symbol=EURUSD source=TIINGO_FOREX stale=false openPositions=0
2026-04-19T00:43:00.122+08:00  INFO 8879 --- [falconx-trading-core-service] [ntainer#2-0-C-1] c.f.t.c.TradingKafkaEventListener        : trading.kafka.consume.received topic=falconx.market.price.tick eventId=evt-38710974341058560
2026-04-19T00:43:00.122+08:00  INFO 8879 --- [falconx-trading-core-service] [ntainer#2-0-C-1] c.f.t.c.MarketPriceTickEventConsumer     : trading.consumer.market.price.tick eventId=evt-38710974341058560 symbol=XAUUSD ts=2026-04-17T19:43:35.313Z
2026-04-19T00:43:00.122+08:00  INFO 8879 --- [falconx-trading-core-service] [ntainer#2-0-C-1] c.f.trading.engine.QuoteDrivenEngine     : trading.quote.tick.received symbol=XAUUSD ts=2026-04-17T19:43:35.313Z stale=false
2026-04-19T00:43:00.125+08:00  INFO 8879 --- [falconx-trading-core-service] [ntainer#2-0-C-1] c.f.trading.engine.QuoteDrivenEngine     : trading.quote.tick.applied symbol=XAUUSD source=TIINGO_FOREX stale=false openPositions=0
2026-04-19T00:43:00.125+08:00  INFO 8879 --- [falconx-trading-core-service] [ntainer#2-0-C-1] c.f.t.c.TradingKafkaEventListener        : trading.kafka.consume.received topic=falconx.market.price.tick eventId=evt-38710978556334080
2026-04-19T00:43:00.125+08:00  INFO 8879 --- [falconx-trading-core-service] [ntainer#2-0-C-1] c.f.t.c.MarketPriceTickEventConsumer     : trading.consumer.market.price.tick eventId=evt-38710978556334080 symbol=EURUSD ts=2026-04-17T19:43:36.306Z
2026-04-19T00:43:00.125+08:00  INFO 8879 --- [falconx-trading-core-service] [ntainer#2-0-C-1] c.f.trading.engine.QuoteDrivenEngine     : trading.quote.tick.received symbol=EURUSD ts=2026-04-17T19:43:36.306Z stale=false
2026-04-19T00:43:00.127+08:00  INFO 8879 --- [falconx-trading-core-service] [ntainer#2-0-C-1] c.f.trading.engine.QuoteDrivenEngine     : trading.quote.tick.applied symbol=EURUSD source=TIINGO_FOREX stale=false openPositions=0
2026-04-19T00:43:00.127+08:00  INFO 8879 --- [falconx-trading-core-service] [ntainer#2-0-C-1] c.f.t.c.TradingKafkaEventListener        : trading.kafka.consume.received topic=falconx.market.price.tick eventId=evt-38710978619248640
2026-04-19T00:43:00.127+08:00  INFO 8879 --- [falconx-trading-core-service] [ntainer#2-0-C-1] c.f.t.c.MarketPriceTickEventConsumer     : trading.consumer.market.price.tick eventId=evt-38710978619248640 symbol=XAUUSD ts=2026-04-17T19:43:36.350Z
2026-04-19T00:43:00.127+08:00  INFO 8879 --- [falconx-trading-core-service] [ntainer#2-0-C-1] c.f.trading.engine.QuoteDrivenEngine     : trading.quote.tick.received symbol=XAUUSD ts=2026-04-17T19:43:36.350Z stale=false
2026-04-19T00:43:00.129+08:00  INFO 8879 --- [falconx-trading-core-service] [ntainer#2-0-C-1] c.f.trading.engine.QuoteDrivenEngine     : trading.quote.tick.applied symbol=XAUUSD source=TIINGO_FOREX stale=false openPositions=0
2026-04-19T00:43:00.129+08:00  INFO 8879 --- [falconx-trading-core-service] [ntainer#2-0-C-1] c.f.t.c.TradingKafkaEventListener        : trading.kafka.consume.received topic=falconx.market.price.tick eventId=evt-38710982947770368
2026-04-19T00:43:00.129+08:00  INFO 8879 --- [falconx-trading-core-service] [ntainer#2-0-C-1] c.f.t.c.MarketPriceTickEventConsumer     : trading.consumer.market.price.tick eventId=evt-38710982947770368 symbol=XAUUSD ts=2026-04-17T19:43:37.350Z
2026-04-19T00:43:00.129+08:00  INFO 8879 --- [falconx-trading-core-service] [ntainer#2-0-C-1] c.f.trading.engine.QuoteDrivenEngine     : trading.quote.tick.received symbol=XAUUSD ts=2026-04-17T19:43:37.350Z stale=false
2026-04-19T00:43:00.131+08:00  INFO 8879 --- [falconx-trading-core-service] [ntainer#2-0-C-1] c.f.trading.engine.QuoteDrivenEngine     : trading.quote.tick.applied symbol=XAUUSD source=TIINGO_FOREX stale=false openPositions=0
2026-04-19T00:43:00.131+08:00  INFO 8879 --- [falconx-trading-core-service] [ntainer#2-0-C-1] c.f.t.c.TradingKafkaEventListener        : trading.kafka.consume.received topic=falconx.market.price.tick eventId=evt-38710983157485568
2026-04-19T00:43:00.131+08:00  INFO 8879 --- [falconx-trading-core-service] [ntainer#2-0-C-1] c.f.t.c.MarketPriceTickEventConsumer     : trading.consumer.market.price.tick eventId=evt-38710983157485568 symbol=EURUSD ts=2026-04-17T19:43:37.372Z
2026-04-19T00:43:00.131+08:00  INFO 8879 --- [falconx-trading-core-service] [ntainer#2-0-C-1] c.f.trading.engine.QuoteDrivenEngine     : trading.quote.tick.received symbol=EURUSD ts=2026-04-17T19:43:37.372Z stale=false
2026-04-19T00:43:00.132+08:00  INFO 8879 --- [falconx-trading-core-service] [ntainer#2-0-C-1] c.f.trading.engine.QuoteDrivenEngine     : trading.quote.tick.applied symbol=EURUSD source=TIINGO_FOREX stale=false openPositions=0
2026-04-19T00:43:00.132+08:00  INFO 8879 --- [falconx-trading-core-service] [ntainer#2-0-C-1] c.f.t.c.TradingKafkaEventListener        : trading.kafka.consume.received topic=falconx.market.price.tick eventId=evt-38710987574087680
2026-04-19T00:43:00.132+08:00  INFO 8879 --- [falconx-trading-core-service] [ntainer#2-0-C-1] c.f.t.c.MarketPriceTickEventConsumer     : trading.consumer.market.price.tick eventId=evt-38710987574087680 symbol=XAUUSD ts=2026-04-17T19:43:38.453Z
2026-04-19T00:43:00.132+08:00  INFO 8879 --- [falconx-trading-core-service] [ntainer#2-0-C-1] c.f.trading.engine.QuoteDrivenEngine     : trading.quote.tick.received symbol=XAUUSD ts=2026-04-17T19:43:38.453Z stale=false
2026-04-19T00:43:00.134+08:00  INFO 8879 --- [falconx-trading-core-service] [ntainer#2-0-C-1] c.f.trading.engine.QuoteDrivenEngine     : trading.quote.tick.applied symbol=XAUUSD source=TIINGO_FOREX stale=false openPositions=0
2026-04-19T00:43:00.134+08:00  INFO 8879 --- [falconx-trading-core-service] [ntainer#2-0-C-1] c.f.t.c.TradingKafkaEventListener        : trading.kafka.consume.received topic=falconx.market.price.tick eventId=evt-38710992208793600
[...]
2026-04-19T00:43:01.010+08:00  INFO 8879 --- [falconx-trading-core-service] [ntainer#2-0-C-1] c.f.t.c.MarketPriceTickEventConsumer     : trading.consumer.market.price.tick eventId=evt-38711884853153792 symbol=XAUUSD ts=2026-04-17T19:47:12.438Z
2026-04-19T00:43:01.010+08:00  INFO 8879 --- [falconx-trading-core-service] [ntainer#2-0-C-1] c.f.trading.engine.QuoteDrivenEngine     : trading.quote.tick.received symbol=XAUUSD ts=2026-04-17T19:47:12.438Z stale=false
2026-04-19T00:43:01.011+08:00  INFO 8879 --- [falconx-trading-core-service] [ntainer#2-0-C-1] c.f.trading.engine.QuoteDrivenEngine     : trading.quote.tick.applied symbol=XAUUSD source=TIINGO_FOREX stale=false openPositions=0
2026-04-19T00:43:01.011+08:00  INFO 8879 --- [falconx-trading-core-service] [ntainer#2-0-C-1] c.f.t.c.TradingKafkaEventListener        : trading.kafka.consume.received topic=falconx.market.price.tick eventId=evt-38711885939478528
2026-04-19T00:43:01.011+08:00  INFO 8879 --- [falconx-trading-core-service] [ntainer#2-0-C-1] c.f.t.c.MarketPriceTickEventConsumer     : trading.consumer.market.price.tick eventId=evt-38711885939478528 symbol=EURUSD ts=2026-04-17T19:47:12.701Z
2026-04-19T00:43:01.011+08:00  INFO 8879 --- [falconx-trading-core-service] [ntainer#2-0-C-1] c.f.trading.engine.QuoteDrivenEngine     : trading.quote.tick.received symbol=EURUSD ts=2026-04-17T19:47:12.701Z stale=false
2026-04-19T00:43:01.013+08:00  INFO 8879 --- [falconx-trading-core-service] [ntainer#2-0-C-1] c.f.trading.engine.QuoteDrivenEngine     : trading.quote.tick.applied symbol=EURUSD source=TIINGO_FOREX stale=false openPositions=0
2026-04-19T00:43:01.013+08:00  INFO 8879 --- [falconx-trading-core-service] [ntainer#2-0-C-1] c.f.t.c.TradingKafkaEventListener        : trading.kafka.consume.received topic=falconx.market.price.tick eventId=evt-38711890708402176
2026-04-19T00:43:01.013+08:00  INFO 8879 --- [falconx-trading-core-service] [ntainer#2-0-C-1] c.f.t.c.MarketPriceTickEventConsumer     : trading.consumer.market.price.tick eventId=evt-38711890708402176 symbol=XAUUSD ts=2026-04-17T19:47:13.808Z
2026-04-19T00:43:01.013+08:00  INFO 8879 --- [falconx-trading-core-service] [ntainer#2-0-C-1] c.f.trading.engine.QuoteDrivenEngine     : trading.quote.tick.received symbol=XAUUSD ts=2026-04-17T19:47:13.808Z stale=false
2026-04-19T00:43:01.014+08:00  INFO 8879 --- [falconx-trading-core-service] [ntainer#2-0-C-1] c.f.trading.engine.QuoteDrivenEngine     : trading.quote.tick.applied symbol=XAUUSD source=TIINGO_FOREX stale=false openPositions=0
2026-04-19T00:43:01.014+08:00  INFO 8879 --- [falconx-trading-core-service] [ntainer#2-0-C-1] c.f.t.c.TradingKafkaEventListener        : trading.kafka.consume.received topic=falconx.market.price.tick eventId=evt-38711895942893568
2026-04-19T00:43:01.014+08:00  INFO 8879 --- [falconx-trading-core-service] [ntainer#2-0-C-1] c.f.t.c.MarketPriceTickEventConsumer     : trading.consumer.market.price.tick eventId=evt-38711895942893568 symbol=XAUUSD ts=2026-04-17T19:47:15.056Z
2026-04-19T00:43:01.015+08:00  INFO 8879 --- [falconx-trading-core-service] [ntainer#2-0-C-1] c.f.trading.engine.QuoteDrivenEngine     : trading.quote.tick.received symbol=XAUUSD ts=2026-04-17T19:47:15.056Z stale=false
2026-04-19T00:43:01.016+08:00  INFO 8879 --- [falconx-trading-core-service] [ntainer#2-0-C-1] c.f.trading.engine.QuoteDrivenEngine     : trading.quote.tick.applied symbol=XAUUSD source=TIINGO_FOREX stale=false openPositions=0
2026-04-19T00:43:01.016+08:00  INFO 8879 --- [falconx-trading-core-service] [ntainer#2-0-C-1] c.f.t.c.TradingKafkaEventListener        : trading.kafka.consume.received topic=falconx.market.price.tick eventId=evt-38711900325941248
2026-04-19T00:43:01.016+08:00  INFO 8879 --- [falconx-trading-core-service] [ntainer#2-0-C-1] c.f.t.c.MarketPriceTickEventConsumer     : trading.consumer.market.price.tick eventId=evt-38711900325941248 symbol=XAUUSD ts=2026-04-17T19:47:16.058Z
2026-04-19T00:43:01.016+08:00  INFO 8879 --- [falconx-trading-core-service] [ntainer#2-0-C-1] c.f.trading.engine.QuoteDrivenEngine     : trading.quote.tick.received symbol=XAUUSD ts=2026-04-17T19:47:16.058Z stale=false
2026-04-19T00:43:01.018+08:00  INFO 8879 --- [falconx-trading-core-service] [ntainer#2-0-C-1] c.f.trading.engine.QuoteDrivenEngine     : trading.quote.tick.applied symbol=XAUUSD source=TIINGO_FOREX stale=false openPositions=0
2026-04-19T00:43:01.018+08:00  INFO 8879 --- [falconx-trading-core-service] [ntainer#2-0-C-1] c.f.t.c.TradingKafkaEventListener        : trading.kafka.consume.received topic=falconx.market.price.tick eventId=evt-38711905858228224
2026-04-19T00:43:01.018+08:00  INFO 8879 --- [falconx-trading-core-service] [ntainer#2-0-C-1] c.f.t.c.MarketPriceTickEventConsumer     : trading.consumer.market.price.tick eventId=evt-38711905858228224 symbol=XAUUSD ts=2026-04-17T19:47:17.309Z
2026-04-19T00:43:01.018+08:00  INFO 8879 --- [falconx-trading-core-service] [ntainer#2-0-C-1] c.f.trading.engine.QuoteDrivenEngine     : trading.quote.tick.received symbol=XAUUSD ts=2026-04-17T19:47:17.309Z stale=false
2026-04-19T00:43:01.020+08:00  INFO 8879 --- [falconx-trading-core-service] [ntainer#2-0-C-1] c.f.trading.engine.QuoteDrivenEngine     : trading.quote.tick.applied symbol=XAUUSD source=TIINGO_FOREX stale=false openPositions=0
2026-04-19T00:43:01.020+08:00  INFO 8879 --- [falconx-trading-core-service] [ntainer#2-0-C-1] c.f.t.c.TradingKafkaEventListener        : trading.kafka.consume.received topic=falconx.market.price.tick eventId=evt-38711910035755008
2026-04-19T00:43:01.020+08:00  INFO 8879 --- [falconx-trading-core-service] [ntainer#2-0-C-1] c.f.t.c.MarketPriceTickEventConsumer     : trading.consumer.market.price.tick eventId=evt-38711910035755008 symbol=XAUUSD ts=2026-04-17T19:47:18.436Z
2026-04-19T00:43:01.020+08:00  INFO 8879 --- [falconx-trading-core-service] [ntainer#2-0-C-1] c.f.trading.engine.QuoteDrivenEngine     : trading.quote.tick.received symbol=XAUUSD ts=2026-04-17T19:47:18.436Z stale=false
2026-04-19T00:43:01.023+08:00  INFO 8879 --- [falconx-trading-core-service] [ntainer#2-0-C-1] c.f.trading.engine.QuoteDrivenEngine     : trading.quote.tick.applied symbol=XAUUSD source=TIINGO_FOREX stale=false openPositions=0
2026-04-19T00:43:01.023+08:00  INFO 8879 --- [falconx-trading-core-service] [ntainer#2-0-C-1] c.f.t.c.TradingKafkaEventListener        : trading.kafka.consume.received topic=falconx.market.price.tick eventId=evt-38711914611740672
2026-04-19T00:43:01.023+08:00  INFO 8879 --- [falconx-trading-core-service] [ntainer#2-0-C-1] c.f.t.c.MarketPriceTickEventConsumer     : trading.consumer.market.price.tick eventId=evt-38711914611740672 symbol=XAUUSD ts=2026-04-17T19:47:19.483Z
2026-04-19T00:43:01.023+08:00  INFO 8879 --- [falconx-trading-core-service] [ntainer#2-0-C-1] c.f.trading.engine.QuoteDrivenEngine     : trading.quote.tick.received symbol=XAUUSD ts=2026-04-17T19:47:19.483Z stale=false
2026-04-19T00:43:01.025+08:00  INFO 8879 --- [falconx-trading-core-service] [ntainer#2-0-C-1] c.f.trading.engine.QuoteDrivenEngine     : trading.quote.tick.applied symbol=XAUUSD source=TIINGO_FOREX stale=false openPositions=0
2026-04-19T00:43:01.025+08:00  INFO 8879 --- [falconx-trading-core-service] [ntainer#2-0-C-1] c.f.t.c.TradingKafkaEventListener        : trading.kafka.consume.received topic=falconx.market.price.tick eventId=evt-38711918831210496
2026-04-19T00:43:01.025+08:00  INFO 8879 --- [falconx-trading-core-service] [ntainer#2-0-C-1] c.f.t.c.MarketPriceTickEventConsumer     : trading.consumer.market.price.tick eventId=evt-38711918831210496 symbol=XAUUSD ts=2026-04-17T19:47:20.516Z
2026-04-19T00:43:01.025+08:00  INFO 8879 --- [falconx-trading-core-service] [ntainer#2-0-C-1] c.f.trading.engine.QuoteDrivenEngine     : trading.quote.tick.received symbol=XAUUSD ts=2026-04-17T19:47:20.516Z stale=false
2026-04-19T00:43:01.028+08:00  INFO 8879 --- [falconx-trading-core-service] [ntainer#2-0-C-1] c.f.trading.engine.QuoteDrivenEngine     : trading.quote.tick.applied symbol=XAUUSD source=TIINGO_FOREX stale=false openPositions=0
2026-04-19T00:43:01.028+08:00  INFO 8879 --- [falconx-trading-core-service] [ntainer#2-0-C-1] c.f.t.c.TradingKafkaEventListener        : trading.kafka.consume.received topic=falconx.market.price.tick eventId=evt-38711923839209472
2026-04-19T00:43:01.028+08:00  INFO 8879 --- [falconx-trading-core-service] [ntainer#2-0-C-1] c.f.t.c.MarketPriceTickEventConsumer     : trading.consumer.market.price.tick eventId=evt-38711923839209472 symbol=XAUUSD ts=2026-04-17T19:47:21.712Z
2026-04-19T00:43:01.028+08:00  INFO 8879 --- [falconx-trading-core-service] [ntainer#2-0-C-1] c.f.trading.engine.QuoteDrivenEngine     : trading.quote.tick.received symbol=XAUUSD ts=2026-04-17T19:47:21.712Z stale=false
2026-04-19T00:43:01.030+08:00  INFO 8879 --- [falconx-trading-core-service] [ntainer#2-0-C-1] c.f.trading.engine.QuoteDrivenEngine     : trading.quote.tick.applied symbol=XAUUSD source=TIINGO_FOREX stale=false openPositions=0
2026-04-19T00:43:01.030+08:00  INFO 8879 --- [falconx-trading-core-service] [ntainer#2-0-C-1] c.f.t.c.TradingKafkaEventListener        : trading.kafka.consume.received topic=falconx.market.price.tick eventId=evt-38711924308971520
2026-04-19T00:43:01.030+08:00  INFO 8879 --- [falconx-trading-core-service] [ntainer#2-0-C-1] c.f.t.c.MarketPriceTickEventConsumer     : trading.consumer.market.price.tick eventId=evt-38711924308971520 symbol=EURUSD ts=2026-04-17T19:47:21.823Z
2026-04-19T00:43:01.030+08:00  INFO 8879 --- [falconx-trading-core-service] [ntainer#2-0-C-1] c.f.trading.engine.QuoteDrivenEngine     : trading.quote.tick.received symbol=EURUSD ts=2026-04-17T19:47:21.823Z stale=false
2026-04-19T00:43:01.031+08:00  INFO 8879 --- [falconx-trading-core-service] [ntainer#2-0-C-1] c.f.trading.engine.QuoteDrivenEngine     : trading.quote.tick.applied symbol=EURUSD source=TIINGO_FOREX stale=false openPositions=0
2026-04-19T00:43:01.031+08:00  INFO 8879 --- [falconx-trading-core-service] [ntainer#2-0-C-1] c.f.t.c.TradingKafkaEventListener        : trading.kafka.consume.received topic=falconx.market.price.tick eventId=evt-38711928662659072
2026-04-19T00:43:01.031+08:00  INFO 8879 --- [falconx-trading-core-service] [ntainer#2-0-C-1] c.f.t.c.MarketPriceTickEventConsumer     : trading.consumer.market.price.tick eventId=evt-38711928662659072 symbol=XAUUSD ts=2026-04-17T19:47:22.808Z
2026-04-19T00:43:01.031+08:00  INFO 8879 --- [falconx-trading-core-service] [ntainer#2-0-C-1] c.f.trading.engine.QuoteDrivenEngine     : trading.quote.tick.received symbol=XAUUSD ts=2026-04-17T19:47:22.808Z stale=false
2026-04-19T00:43:01.034+08:00  INFO 8879 --- [falconx-trading-core-service] [ntainer#2-0-C-1] c.f.trading.engine.QuoteDrivenEngine     : trading.quote.tick.applied symbol=XAUUSD source=TIINGO_FOREX stale=false openPositions=0
2026-04-19T00:43:01.034+08:00  INFO 8879 --- [falconx-trading-core-service] [ntainer#2-0-C-1] c.f.t.c.TradingKafkaEventListener        : trading.kafka.consume.received topic=falconx.market.price.tick eventId=evt-38711933486108672
2026-04-19T00:43:01.034+08:00  INFO 8879 --- [falconx-trading-core-service] [ntainer#2-0-C-1] c.f.t.c.MarketPriceTickEventConsumer     : trading.consumer.market.price.tick eventId=evt-38711933486108672 symbol=XAUUSD ts=2026-04-17T19:47:23.965Z
2026-04-19T00:43:01.034+08:00  INFO 8879 --- [falconx-trading-core-service] [ntainer#2-0-C-1] c.f.trading.engine.QuoteDrivenEngine     : trading.quote.tick.received symbol=XAUUSD ts=2026-04-17T19:47:23.965Z stale=false
2026-04-19T00:43:01.036+08:00  INFO 8879 --- [falconx-trading-core-service] [ntainer#2-0-C-1] c.f.trading.engine.QuoteDrivenEngine     : trading.quote.tick.applied symbol=XAUUSD source=TIINGO_FOREX stale=false openPositions=0
2026-04-19T00:43:01.036+08:00  INFO 8879 --- [falconx-trading-core-service] [ntainer#2-0-C-1] c.f.t.c.TradingKafkaEventListener        : trading.kafka.consume.received topic=falconx.market.price.tick eventId=evt-38711937659441152
2026-04-19T00:43:01.036+08:00  INFO 8879 --- [falconx-trading-core-service] [ntainer#2-0-C-1] c.f.t.c.MarketPriceTickEventConsumer     : trading.consumer.market.price.tick eventId=evt-38711937659441152 symbol=XAUUSD ts=2026-04-17T19:47:24.965Z
2026-04-19T00:43:01.036+08:00  INFO 8879 --- [falconx-trading-core-service] [ntainer#2-0-C-1] c.f.trading.engine.QuoteDrivenEngine     : trading.quote.tick.received symbol=XAUUSD ts=2026-04-17T19:47:24.965Z stale=false
2026-04-19T00:43:01.037+08:00  INFO 8879 --- [falconx-trading-core-service] [ntainer#2-0-C-1] c.f.trading.engine.QuoteDrivenEngine     : trading.quote.tick.applied symbol=XAUUSD source=TIINGO_FOREX stale=false openPositions=0
2026-04-19T00:43:01.037+08:00  INFO 8879 --- [falconx-trading-core-service] [ntainer#2-0-C-1] c.f.t.c.TradingKafkaEventListener        : trading.kafka.consume.received topic=falconx.market.price.tick eventId=evt-38711939865645056
2026-04-19T00:43:01.037+08:00  INFO 8879 --- [falconx-trading-core-service] [ntainer#2-0-C-1] c.f.t.c.MarketPriceTickEventConsumer     : trading.consumer.market.price.tick eventId=evt-38711939865645056 symbol=EURUSD ts=2026-04-17T19:47:25.545Z
2026-04-19T00:43:01.037+08:00  INFO 8879 --- [falconx-trading-core-service] [ntainer#2-0-C-1] c.f.trading.engine.QuoteDrivenEngine     : trading.quote.tick.received symbol=EURUSD ts=2026-04-17T19:47:25.545Z stale=false
2026-04-19T00:43:01.039+08:00  INFO 8879 --- [falconx-trading-core-service] [ntainer#2-0-C-1] c.f.trading.engine.QuoteDrivenEngine     : trading.quote.tick.applied symbol=EURUSD source=TIINGO_FOREX stale=false openPositions=0
2026-04-19T00:43:01.039+08:00  INFO 8879 --- [falconx-trading-core-service] [ntainer#2-0-C-1] c.f.t.c.TradingKafkaEventListener        : trading.kafka.consume.received topic=falconx.market.price.tick eventId=evt-38711942063460352
2026-04-19T00:43:01.039+08:00  INFO 8879 --- [falconx-trading-core-service] [ntainer#2-0-C-1] c.f.t.c.MarketPriceTickEventConsumer     : trading.consumer.market.price.tick eventId=evt-38711942063460352 symbol=XAUUSD ts=2026-04-17T19:47:25.970Z
2026-04-19T00:43:01.039+08:00  INFO 8879 --- [falconx-trading-core-service] [ntainer#2-0-C-1] c.f.trading.engine.QuoteDrivenEngine     : trading.quote.tick.received symbol=XAUUSD ts=2026-04-17T19:47:25.970Z stale=false
2026-04-19T00:43:01.041+08:00  INFO 8879 --- [falconx-trading-core-service] [ntainer#2-0-C-1] c.f.trading.engine.QuoteDrivenEngine     : trading.quote.tick.applied symbol=XAUUSD source=TIINGO_FOREX stale=false openPositions=0
2026-04-19T00:43:01.041+08:00  INFO 8879 --- [falconx-trading-core-service] [ntainer#2-0-C-1] c.f.t.c.TradingKafkaEventListener        : trading.kafka.consume.received topic=falconx.market.price.tick eventId=evt-38711946480062464
2026-04-19T00:43:01.041+08:00  INFO 8879 --- [falconx-trading-core-service] [ntainer#2-0-C-1] c.f.t.c.MarketPriceTickEventConsumer     : trading.consumer.market.price.tick eventId=evt-38711946480062464 symbol=XAUUSD ts=2026-04-17T19:47:27.116Z
2026-04-19T00:43:01.041+08:00  INFO 8879 --- [falconx-trading-core-service] [ntainer#2-0-C-1] c.f.trading.engine.QuoteDrivenEngine     : trading.quote.tick.received symbol=XAUUSD ts=2026-04-17T19:47:27.116Z stale=false
2026-04-19T00:43:01.043+08:00  INFO 8879 --- [falconx-trading-core-service] [ntainer#2-0-C-1] c.f.trading.engine.QuoteDrivenEngine     : trading.quote.tick.applied symbol=XAUUSD source=TIINGO_FOREX stale=false openPositions=0
2026-04-19T00:43:01.043+08:00  INFO 8879 --- [falconx-trading-core-service] [ntainer#2-0-C-1] c.f.t.c.TradingKafkaEventListener        : trading.kafka.consume.received topic=falconx.market.price.tick eventId=evt-38711946702360576
2026-04-19T00:43:01.043+08:00  INFO 8879 --- [falconx-trading-core-service] [ntainer#2-0-C-1] c.f.t.c.MarketPriceTickEventConsumer     : trading.consumer.market.price.tick eventId=evt-38711946702360576 symbol=EURUSD ts=2026-04-17T19:47:27.115Z
2026-04-19T00:43:01.043+08:00  INFO 8879 --- [falconx-trading-core-service] [ntainer#2-0-C-1] c.f.trading.engine.QuoteDrivenEngine     : trading.quote.tick.received symbol=EURUSD ts=2026-04-17T19:47:27.115Z stale=false
2026-04-19T00:43:01.044+08:00  INFO 8879 --- [falconx-trading-core-service] [ntainer#2-0-C-1] c.f.trading.engine.QuoteDrivenEngine     : trading.quote.tick.applied symbol=EURUSD source=TIINGO_FOREX stale=false openPositions=0
2026-04-19T00:43:01.044+08:00  INFO 8879 --- [falconx-trading-core-service] [ntainer#2-0-C-1] c.f.t.c.TradingKafkaEventListener        : trading.kafka.consume.received topic=falconx.market.price.tick eventId=evt-38711951085408256
2026-04-19T00:43:01.044+08:00  INFO 8879 --- [falconx-trading-core-service] [ntainer#2-0-C-1] c.f.t.c.MarketPriceTickEventConsumer     : trading.consumer.market.price.tick eventId=evt-38711951085408256 symbol=XAUUSD ts=2026-04-17T19:47:28.184Z
2026-04-19T00:43:01.044+08:00  INFO 8879 --- [falconx-trading-core-service] [ntainer#2-0-C-1] c.f.trading.engine.QuoteDrivenEngine     : trading.quote.tick.received symbol=XAUUSD ts=2026-04-17T19:47:28.184Z stale=false
2026-04-19T00:43:01.045+08:00  INFO 8879 --- [falconx-trading-core-service] [ntainer#2-0-C-1] c.f.trading.engine.QuoteDrivenEngine     : trading.quote.tick.applied symbol=XAUUSD source=TIINGO_FOREX stale=false openPositions=0
2026-04-19T00:43:01.045+08:00  INFO 8879 --- [falconx-trading-core-service] [ntainer#2-0-C-1] c.f.t.c.TradingKafkaEventListener        : trading.kafka.consume.received topic=falconx.market.price.tick eventId=evt-38711956340871168
2026-04-19T00:43:01.045+08:00  INFO 8879 --- [falconx-trading-core-service] [ntainer#2-0-C-1] c.f.t.c.MarketPriceTickEventConsumer     : trading.consumer.market.price.tick eventId=evt-38711956340871168 symbol=XAUUSD ts=2026-04-17T19:47:29.421Z
2026-04-19T00:43:01.045+08:00  INFO 8879 --- [falconx-trading-core-service] [ntainer#2-0-C-1] c.f.trading.engine.QuoteDrivenEngine     : trading.quote.tick.received symbol=XAUUSD ts=2026-04-17T19:47:29.421Z stale=false
2026-04-19T00:43:01.047+08:00  INFO 8879 --- [falconx-trading-core-service] [ntainer#2-0-C-1] c.f.trading.engine.QuoteDrivenEngine     : trading.quote.tick.applied symbol=XAUUSD source=TIINGO_FOREX stale=false openPositions=0
2026-04-19T00:43:01.047+08:00  INFO 8879 --- [falconx-trading-core-service] [ntainer#2-0-C-1] c.f.t.c.TradingKafkaEventListener        : trading.kafka.consume.received topic=falconx.market.price.tick eventId=evt-38711960858136576
2026-04-19T00:43:01.047+08:00  INFO 8879 --- [falconx-trading-core-service] [ntainer#2-0-C-1] c.f.t.c.MarketPriceTickEventConsumer     : trading.consumer.market.price.tick eventId=evt-38711960858136576 symbol=XAUUSD ts=2026-04-17T19:47:30.540Z
2026-04-19T00:43:01.047+08:00  INFO 8879 --- [falconx-trading-core-service] [ntainer#2-0-C-1] c.f.trading.engine.QuoteDrivenEngine     : trading.quote.tick.received symbol=XAUUSD ts=2026-04-17T19:47:30.540Z stale=false
2026-04-19T00:43:01.049+08:00  INFO 8879 --- [falconx-trading-core-service] [ntainer#2-0-C-1] c.f.trading.engine.QuoteDrivenEngine     : trading.quote.tick.applied symbol=XAUUSD source=TIINGO_FOREX stale=false openPositions=0
2026-04-19T00:43:01.049+08:00  INFO 8879 --- [falconx-trading-core-service] [ntainer#2-0-C-1] c.f.t.c.TradingKafkaEventListener        : trading.kafka.consume.received topic=falconx.market.price.tick eventId=evt-38711967124426752
2026-04-19T00:43:01.049+08:00  INFO 8879 --- [falconx-trading-core-service] [ntainer#2-0-C-1] c.f.t.c.MarketPriceTickEventConsumer     : trading.consumer.market.price.tick eventId=evt-38711967124426752 symbol=XAUUSD ts=2026-04-17T19:47:32.027Z
2026-04-19T00:43:01.049+08:00  INFO 8879 --- [falconx-trading-core-service] [ntainer#2-0-C-1] c.f.trading.engine.QuoteDrivenEngine     : trading.quote.tick.received symbol=XAUUSD ts=2026-04-17T19:47:32.027Z stale=false
]]></system-out>
  </testcase>
</testsuite>