<?xml version="1.0" encoding="UTF-8"?>
<testsuite xmlns:xsi="http://www.w3.org/2001/XMLSchema-instance" xsi:noNamespaceSchemaLocation="https://maven.apache.org/surefire/maven-surefire-plugin/xsd/surefire-test-report.xsd" version="3.0.2" name="com.falconx.trading.consumer.TradingKafkaEventListenerTests" time="0.111" tests="3" errors="0" skipped="0" failures="0" flakes="0">
  <properties>
[...]
</properties>
  <testcase name="shouldDelegateWalletDepositConfirmed" classname="com.falconx.trading.consumer.TradingKafkaEventListenerTests" time="0.1">
    <system-out><![CDATA[2026-04-19T00:42:59.762+08:00  INFO 8879 --- [falconx-trading-core-service] [ntainer#2-0-C-1] c.f.trading.engine.QuoteDrivenEngine     : trading.quote.tick.applied symbol=EURUSD source=TIINGO_FOREX stale=false openPositions=0
2026-04-19T00:42:59.763+08:00  INFO 8879 --- [falconx-trading-core-service] [ntainer#2-0-C-1] c.f.t.c.TradingKafkaEventListener        : trading.kafka.consume.received topic=falconx.market.price.tick eventId=evt-38710706111123456
2026-04-19T00:42:59.763+08:00  INFO 8879 --- [falconx-trading-core-service] [ntainer#2-0-C-1] c.f.t.c.MarketPriceTickEventConsumer     : trading.consumer.market.price.tick eventId=evt-38710706111123456 symbol=XAUUSD ts=2026-04-17T19:42:31.321Z
2026-04-19T00:42:59.763+08:00  INFO 8879 --- [falconx-trading-core-service] [ntainer#2-0-C-1] c.f.trading.engine.QuoteDrivenEngine     : trading.quote.tick.received symbol=XAUUSD ts=2026-04-17T19:42:31.321Z stale=false
2026-04-19T00:42:59.804+08:00  INFO 8879 --- [falconx-trading-core-service] [ntainer#2-0-C-1] c.f.trading.engine.QuoteDrivenEngine     : trading.quote.tick.applied symbol=XAUUSD source=TIINGO_FOREX stale=false openPositions=0
2026-04-19T00:42:59.804+08:00  INFO 8879 --- [falconx-trading-core-service] [ntainer#2-0-C-1] c.f.t.c.TradingKafkaEventListener        : trading.kafka.consume.received topic=falconx.market.price.tick eventId=evt-38710708304744448
2026-04-19T00:42:59.804+08:00  INFO 8879 --- [falconx-trading-core-service] [ntainer#2-0-C-1] c.f.t.c.MarketPriceTickEventConsumer     : trading.consumer.market.price.tick eventId=evt-38710708304744448 symbol=EURUSD ts=2026-04-17T19:42:31.924Z
2026-04-19T00:42:59.804+08:00  INFO 8879 --- [falconx-trading-core-service] [ntainer#2-0-C-1] c.f.trading.engine.QuoteDrivenEngine     : trading.quote.tick.received symbol=EURUSD ts=2026-04-17T19:42:31.924Z stale=false
2026-04-19T00:42:59.856+08:00  INFO 8879 --- [falconx-trading-core-service] [ntainer#2-0-C-1] c.f.trading.engine.QuoteDrivenEngine     : trading.quote.tick.applied symbol=EURUSD source=TIINGO_FOREX stale=false openPositions=0
2026-04-19T00:42:59.856+08:00  INFO 8879 --- [falconx-trading-core-service] [ntainer#2-0-C-1] c.f.t.c.TradingKafkaEventListener        : trading.kafka.consume.received topic=falconx.market.price.tick eventId=evt-38710710531919872
2026-04-19T00:42:59.857+08:00  INFO 8879 --- [falconx-trading-core-service] [ntainer#2-0-C-1] c.f.t.c.MarketPriceTickEventConsumer     : trading.consumer.market.price.tick eventId=evt-38710710531919872 symbol=XAUUSD ts=2026-04-17T19:42:32.360Z
2026-04-19T00:42:59.857+08:00  INFO 8879 --- [falconx-trading-core-service] [ntainer#2-0-C-1] c.f.trading.engine.QuoteDrivenEngine     : trading.quote.tick.received symbol=XAUUSD ts=2026-04-17T19:42:32.360Z stale=false
2026-04-19T00:42:59.857+08:00  INFO 8879 --- [falconx-trading-core-service] [           main] c.f.t.c.TradingKafkaEventListener        : trading.kafka.consume.received topic=falconx.wallet.deposit.confirmed eventId=evt-50002
2026-04-19T00:42:59.861+08:00  INFO 8879 --- [falconx-trading-core-service] [ntainer#2-0-C-1] c.f.trading.engine.QuoteDrivenEngine     : trading.quote.tick.applied symbol=XAUUSD source=TIINGO_FOREX stale=false openPositions=0
2026-04-19T00:42:59.861+08:00  INFO 8879 --- [falconx-trading-core-service] [ntainer#2-0-C-1] c.f.t.c.TradingKafkaEventListener        : trading.kafka.consume.received topic=falconx.market.price.tick eventId=evt-38710715133071360
2026-04-19T00:42:59.861+08:00  INFO 8879 --- [falconx-trading-core-service] [ntainer#2-0-C-1] c.f.t.c.MarketPriceTickEventConsumer     : trading.consumer.market.price.tick eventId=evt-38710715133071360 symbol=XAUUSD ts=2026-04-17T19:42:33.508Z
2026-04-19T00:42:59.861+08:00  INFO 8879 --- [falconx-trading-core-service] [ntainer#2-0-C-1] c.f.trading.engine.QuoteDrivenEngine     : trading.quote.tick.received symbol=XAUUSD ts=2026-04-17T19:42:33.508Z stale=false
]]></system-out>
  </testcase>
  <testcase name="shouldDelegateWalletDepositReversed" classname="com.falconx.trading.consumer.TradingKafkaEventListenerTests" time="0.005">
    <system-out><![CDATA[2026-04-19T00:42:59.865+08:00  INFO 8879 --- [falconx-trading-core-service] [ntainer#2-0-C-1] c.f.trading.engine.QuoteDrivenEngine     : trading.quote.tick.applied symbol=XAUUSD source=TIINGO_FOREX stale=false openPositions=0
2026-04-19T00:42:59.865+08:00  INFO 8879 --- [falconx-trading-core-service] [ntainer#2-0-C-1] c.f.t.c.TradingKafkaEventListener        : trading.kafka.consume.received topic=falconx.market.price.tick eventId=evt-38710715359563776
2026-04-19T00:42:59.865+08:00  INFO 8879 --- [falconx-trading-core-service] [ntainer#2-0-C-1] c.f.t.c.MarketPriceTickEventConsumer     : trading.consumer.market.price.tick eventId=evt-38710715359563776 symbol=EURUSD ts=2026-04-17T19:42:33.576Z
2026-04-19T00:42:59.865+08:00  INFO 8879 --- [falconx-trading-core-service] [ntainer#2-0-C-1] c.f.trading.engine.QuoteDrivenEngine     : trading.quote.tick.received symbol=EURUSD ts=2026-04-17T19:42:33.576Z stale=false
2026-04-19T00:42:59.866+08:00  INFO 8879 --- [falconx-trading-core-service] [           main] c.f.t.c.TradingKafkaEventListener        : trading.kafka.consume.received topic=falconx.wallet.deposit.reversed eventId=evt-50003
]]></system-out>
  </testcase>
  <testcase name="shouldDelegateMarketPriceTick" classname="com.falconx.trading.consumer.TradingKafkaEventListenerTests" time="0.003">
    <system-out><![CDATA[2026-04-19T00:42:59.869+08:00  INFO 8879 --- [falconx-trading-core-service] [ntainer#2-0-C-1] c.f.trading.engine.QuoteDrivenEngine     : trading.quote.tick.applied symbol=EURUSD source=TIINGO_FOREX stale=false openPositions=0
2026-04-19T00:42:59.869+08:00  INFO 8879 --- [falconx-trading-core-service] [ntainer#2-0-C-1] c.f.t.c.TradingKafkaEventListener        : trading.kafka.consume.received topic=falconx.market.price.tick eventId=evt-38710719562256384
2026-04-19T00:42:59.869+08:00  INFO 8879 --- [falconx-trading-core-service] [ntainer#2-0-C-1] c.f.t.c.MarketPriceTickEventConsumer     : trading.consumer.market.price.tick eventId=evt-38710719562256384 symbol=XAUUSD ts=2026-04-17T19:42:34.551Z
2026-04-19T00:42:59.869+08:00  INFO 8879 --- [falconx-trading-core-service] [ntainer#2-0-C-1] c.f.trading.engine.QuoteDrivenEngine     : trading.quote.tick.received symbol=XAUUSD ts=2026-04-17T19:42:34.551Z stale=false
2026-04-19T00:42:59.870+08:00  INFO 8879 --- [falconx-trading-core-service] [           main] c.f.t.c.TradingKafkaEventListener        : trading.kafka.consume.received topic=falconx.market.price.tick eventId=evt-50001
2026-04-19T00:42:59.871+08:00  INFO 8879 --- [falconx-trading-core-service] [ntainer#2-0-C-1] c.f.trading.engine.QuoteDrivenEngine     : trading.quote.tick.applied symbol=XAUUSD source=TIINGO_FOREX stale=false openPositions=0
2026-04-19T00:42:59.871+08:00  INFO 8879 --- [falconx-trading-core-service] [ntainer#2-0-C-1] c.f.t.c.TradingKafkaEventListener        : trading.kafka.consume.received topic=falconx.market.price.tick eventId=evt-38710723936915456
2026-04-19T00:42:59.871+08:00  INFO 8879 --- [falconx-trading-core-service] [ntainer#2-0-C-1] c.f.t.c.MarketPriceTickEventConsumer     : trading.consumer.market.price.tick eventId=evt-38710723936915456 symbol=XAUUSD ts=2026-04-17T19:42:35.646Z
2026-04-19T00:42:59.871+08:00  INFO 8879 --- [falconx-trading-core-service] [ntainer#2-0-C-1] c.f.trading.engine.QuoteDrivenEngine     : trading.quote.tick.received symbol=XAUUSD ts=2026-04-17T19:42:35.646Z stale=false
]]></system-out>
  </testcase>
</testsuite>