<?xml version="1.0" encoding="UTF-8"?>
<testsuite xmlns:xsi="http://www.w3.org/2001/XMLSchema-instance" xsi:noNamespaceSchemaLocation="https://maven.apache.org/surefire/maven-surefire-plugin/xsd/surefire-test-report.xsd" version="3.0.2" name="com.falconx.trading.TradingPersistenceIntegrationTests" time="3.863" tests="1" errors="0" skipped="0" failures="0" flakes="0">
  <properties>
[...]
</properties>
  <testcase name="shouldPersistDepositOrderAndTradeFacts" classname="com.falconx.trading.TradingPersistenceIntegrationTests" time="1.629">
    <system-out><![CDATA[
  .   ____          _            __ _ _
 /\\ / ___'_ __ _ _(_)_ __  __ _ \ \ \ \
( ( )\___ | '_ | '_| | '_ \/ _` | \ \ \ \
 \\/  ___)| |_)| | | | | || (_| |  ) ) ) )
  '  |____| .__|_| |_|_| |_\__, | / / / /
 =========|_|==============|___/=/_/_/_/

 :: Spring Boot ::                (v4.0.5)

2026-04-19T00:42:55.828+08:00  INFO 8879 --- [falconx-trading-core-service] [           main] c.f.t.TradingPersistenceIntegrationTests : Starting TradingPersistenceIntegrationTests using Java 25.0.2 with PID 8879 (started by ives in /Users/ives/WorkCode/Claude/FalconX/falconx-trading-core-service)
2026-04-19T00:42:55.828+08:00  INFO 8879 --- [falconx-trading-core-service] [           main] c.f.t.TradingPersistenceIntegrationTests : The following 1 profile is active: "stage5"
2026-04-19T00:42:56.207+08:00  INFO 8879 --- [falconx-trading-core-service] [           main] .s.d.r.c.RepositoryConfigurationDelegate : Multiple Spring Data modules found, entering strict repository configuration mode
2026-04-19T00:42:56.209+08:00  INFO 8879 --- [falconx-trading-core-service] [           main] .s.d.r.c.RepositoryConfigurationDelegate : Bootstrapping Spring Data Redis repositories in DEFAULT mode.
2026-04-19T00:42:56.231+08:00  INFO 8879 --- [falconx-trading-core-service] [           main] .s.d.r.c.RepositoryConfigurationDelegate : Finished Spring Data repository scanning in 13 ms. Found 0 Redis repository interfaces.
 _ _   |_  _ _|_. ___ _ |    _ 
| | |\/|_)(_| | |_\  |_)||_|_\ 
     /               |         
                        3.5.15 
2026-04-19T00:42:56.747+08:00  INFO 8879 --- [falconx-trading-core-service] [           main] org.redisson.Version                     : Redisson 4.3.0
2026-04-19T00:42:56.815+08:00  WARN 8879 --- [falconx-trading-core-service] [           main] i.n.r.d.DnsServerAddressStreamProviders  : Can not find io.netty.resolver.dns.macos.MacOSDnsServerAddressStreamProvider in the classpath, fallback to system defaults. This may result in incorrect DNS resolutions on MacOS. Check whether you have a dependency on 'io.netty:netty-resolver-dns-native-macos'
2026-04-19T00:42:56.950+08:00  INFO 8879 --- [falconx-trading-core-service] [isson-netty-1-5] o.redisson.connection.ConnectionsHolder  : 1 connections initialized for localhost/127.0.0.1:6379
2026-04-19T00:42:56.992+08:00  INFO 8879 --- [falconx-trading-core-service] [sson-netty-1-20] o.redisson.connection.ConnectionsHolder  : 24 connections initialized for localhost/127.0.0.1:6379
2026-04-19T00:42:57.188+08:00  INFO 8879 --- [falconx-trading-core-service] [           main] com.zaxxer.hikari.HikariDataSource       : HikariPool-1 - Starting...
2026-04-19T00:42:57.278+08:00  INFO 8879 --- [falconx-trading-core-service] [           main] com.zaxxer.hikari.pool.HikariPool        : HikariPool-1 - Added connection com.mysql.cj.jdbc.ConnectionImpl@25f3207e
2026-04-19T00:42:57.279+08:00  INFO 8879 --- [falconx-trading-core-service] [           main] com.zaxxer.hikari.HikariDataSource       : HikariPool-1 - Start completed.
2026-04-19T00:42:57.306+08:00  INFO 8879 --- [falconx-trading-core-service] [           main] org.flywaydb.core.FlywayExecutor         : Database: jdbc:mysql://localhost:3306/falconx_trading_it?createDatabaseIfNotExist=true&useSSL=false&allowPublicKeyRetrieval=true&serverTimezone=UTC (MySQL 8.4)
2026-04-19T00:42:57.319+08:00  WARN 8879 --- [falconx-trading-core-service] [           main] o.f.c.internal.database.base.Database    : Using MySQL 8.4 which is newer than the version Flyway has been verified with. The latest verified version of MySQL is 8.1.
2026-04-19T00:42:57.352+08:00  INFO 8879 --- [falconx-trading-core-service] [           main] o.f.core.internal.command.DbValidate     : Successfully validated 4 migrations (execution time 00:00.024s)
2026-04-19T00:42:57.365+08:00  INFO 8879 --- [falconx-trading-core-service] [           main] o.f.core.internal.command.DbMigrate      : Current version of schema `falconx_trading_it`: 4
2026-04-19T00:42:57.367+08:00  INFO 8879 --- [falconx-trading-core-service] [           main] o.f.core.internal.command.DbMigrate      : Schema `falconx_trading_it` is up to date. No migration necessary.
2026-04-19T00:42:57.521+08:00  INFO 8879 --- [falconx-trading-core-service] [           main] m.e.s.MybatisPlusApplicationContextAware : Register ApplicationContext instances org.springframework.web.context.support.GenericWebApplicationContext@7604198a
2026-04-19T00:42:57.650+08:00  INFO 8879 --- [falconx-trading-core-service] [           main] o.a.kafka.common.config.AbstractConfig   : ConsumerConfig values: 
	allow.auto.create.topics = true
	auto.commit.interval.ms = 5000
	auto.offset.reset = latest
	bootstrap.servers = [localhost:9092]
	check.crcs = true
	client.dns.lookup = use_all_dns_ips
	client.id = consumer-falconx-trading-core-service-1
	client.rack = 
	connections.max.idle.ms = 540000
	default.api.timeout.ms = 60000
	enable.auto.commit = false
	enable.metrics.push = true
	exclude.internal.topics = true
	fetch.max.bytes = 52428800
	fetch.max.wait.ms = 500
	fetch.min.bytes = 1
	group.id = falconx-trading-core-service
	group.instance.id = null
	group.protocol = classic
	group.remote.assignor = null
	heartbeat.interval.ms = 3000
	interceptor.classes = []
	internal.leave.group.on.close = true
	internal.throw.on.fetch.stable.offset.unsupported = false
	isolation.level = read_uncommitted
	key.deserializer = class org.apache.kafka.common.serialization.StringDeserializer
	max.partition.fetch.bytes = 1048576
	max.poll.interval.ms = 300000
	max.poll.records = 500
	metadata.max.age.ms = 300000
	metadata.recovery.rebootstrap.trigger.ms = 300000
	metadata.recovery.strategy = rebootstrap
	metric.reporters = [org.apache.kafka.common.metrics.JmxReporter]
	metrics.num.samples = 2
	metrics.recording.level = INFO
	metrics.sample.window.ms = 30000
	partition.assignment.strategy = [class org.apache.kafka.clients.consumer.RangeAssignor, class org.apache.kafka.clients.consumer.CooperativeStickyAssignor]
	receive.buffer.bytes = 65536
	reconnect.backoff.max.ms = 1000
	reconnect.backoff.ms = 50
	request.timeout.ms = 30000
	retry.backoff.max.ms = 1000
	retry.backoff.ms = 100
	sasl.client.callback.handler.class = null
	sasl.jaas.config = null
	sasl.kerberos.kinit.cmd = /usr/bin/kinit
	sasl.kerberos.min.time.before.relogin = 60000
	sasl.kerberos.service.name = null
	sasl.kerberos.ticket.renew.jitter = 0.05
	sasl.kerberos.ticket.renew.window.factor = 0.8
	sasl.login.callback.handler.class = null
	sasl.login.class = null
	sasl.login.connect.timeout.ms = null
	sasl.login.read.timeout.ms = null
	sasl.login.refresh.buffer.seconds = 300
	sasl.login.refresh.min.period.seconds = 60
	sasl.login.refresh.window.factor = 0.8
	sasl.login.refresh.window.jitter = 0.05
	sasl.login.retry.backoff.max.ms = 10000
	sasl.login.retry.backoff.ms = 100
	sasl.mechanism = GSSAPI
	sasl.oauthbearer.assertion.algorithm = RS256
	sasl.oauthbearer.assertion.claim.aud = null
	sasl.oauthbearer.assertion.claim.exp.seconds = 300
	sasl.oauthbearer.assertion.claim.iss = null
	sasl.oauthbearer.assertion.claim.jti.include = false
	sasl.oauthbearer.assertion.claim.nbf.seconds = 60
	sasl.oauthbearer.assertion.claim.sub = null
	sasl.oauthbearer.assertion.file = null
	sasl.oauthbearer.assertion.private.key.file = null
	sasl.oauthbearer.assertion.private.key.passphrase = null
	sasl.oauthbearer.assertion.template.file = null
	sasl.oauthbearer.client.credentials.client.id = null
	sasl.oauthbearer.client.credentials.client.secret = null
	sasl.oauthbearer.clock.skew.seconds = 30
	sasl.oauthbearer.expected.audience = null
	sasl.oauthbearer.expected.issuer = null
	sasl.oauthbearer.header.urlencode = false
	sasl.oauthbearer.jwks.endpoint.refresh.ms = 3600000
	sasl.oauthbearer.jwks.endpoint.retry.backoff.max.ms = 10000
	sasl.oauthbearer.jwks.endpoint.retry.backoff.ms = 100
	sasl.oauthbearer.jwks.endpoint.url = null
	sasl.oauthbearer.jwt.retriever.class = class org.apache.kafka.common.security.oauthbearer.DefaultJwtRetriever
	sasl.oauthbearer.jwt.validator.class = class org.apache.kafka.common.security.oauthbearer.DefaultJwtValidator
	sasl.oauthbearer.scope = null
	sasl.oauthbearer.scope.claim.name = scope
	sasl.oauthbearer.sub.claim.name = sub
	sasl.oauthbearer.token.endpoint.url = null
	security.protocol = PLAINTEXT
	security.providers = null
	send.buffer.bytes = 131072
	session.timeout.ms = 45000
	share.acknowledgement.mode = implicit
	socket.connection.setup.timeout.max.ms = 30000
	socket.connection.setup.timeout.ms = 10000
	ssl.cipher.suites = null
	ssl.enabled.protocols = [TLSv1.2, TLSv1.3]
	ssl.endpoint.identification.algorithm = https
	ssl.engine.factory.class = null
	ssl.key.password = null
	ssl.keymanager.algorithm = SunX509
	ssl.keystore.certificate.chain = null
	ssl.keystore.key = null
	ssl.keystore.location = null
	ssl.keystore.password = null
	ssl.keystore.type = JKS
	ssl.protocol = TLSv1.3
	ssl.provider = null
	ssl.secure.random.implementation = null
	ssl.trustmanager.algorithm = PKIX
	ssl.truststore.certificates = null
	ssl.truststore.location = null
	ssl.truststore.password = null
	ssl.truststore.type = JKS
	value.deserializer = class org.apache.kafka.common.serialization.StringDeserializer

2026-04-19T00:42:57.680+08:00  INFO 8879 --- [falconx-trading-core-service] [           main] o.a.k.c.t.i.KafkaMetricsCollector        : initializing Kafka metrics collector
2026-04-19T00:42:57.769+08:00  INFO 8879 --- [falconx-trading-core-service] [           main] o.a.kafka.common.utils.AppInfoParser     : Kafka version: 4.1.2
2026-04-19T00:42:57.770+08:00  INFO 8879 --- [falconx-trading-core-service] [           main] o.a.kafka.common.utils.AppInfoParser     : Kafka commitId: c82fd9b934b4c1e6
2026-04-19T00:42:57.770+08:00  INFO 8879 --- [falconx-trading-core-service] [           main] o.a.kafka.common.utils.AppInfoParser     : Kafka startTimeMs: 1776530577769
2026-04-19T00:42:57.771+08:00  INFO 8879 --- [falconx-trading-core-service] [           main] o.a.k.c.c.i.ClassicKafkaConsumer         : [Consumer clientId=consumer-falconx-trading-core-service-1, groupId=falconx-trading-core-service] Subscribed to topic(s): falconx.market.price.tick
2026-04-19T00:42:57.775+08:00  INFO 8879 --- [falconx-trading-core-service] [           main] o.a.kafka.common.config.AbstractConfig   : ConsumerConfig values: 
	allow.auto.create.topics = true
	auto.commit.interval.ms = 5000
	auto.offset.reset = latest
	bootstrap.servers = [localhost:9092]
	check.crcs = true
	client.dns.lookup = use_all_dns_ips
	client.id = consumer-falconx-trading-core-service-2
	client.rack = 
	connections.max.idle.ms = 540000
	default.api.timeout.ms = 60000
	enable.auto.commit = false
	enable.metrics.push = true
	exclude.internal.topics = true
	fetch.max.bytes = 52428800
	fetch.max.wait.ms = 500
	fetch.min.bytes = 1
	group.id = falconx-trading-core-service
	group.instance.id = null
	group.protocol = classic
	group.remote.assignor = null
	heartbeat.interval.ms = 3000
	interceptor.classes = []
	internal.leave.group.on.close = true
	internal.throw.on.fetch.stable.offset.unsupported = false
	isolation.level = read_uncommitted
	key.deserializer = class org.apache.kafka.common.serialization.StringDeserializer
	max.partition.fetch.bytes = 1048576
	max.poll.interval.ms = 300000
	max.poll.records = 500
	metadata.max.age.ms = 300000
	metadata.recovery.rebootstrap.trigger.ms = 300000
	metadata.recovery.strategy = rebootstrap
	metric.reporters = [org.apache.kafka.common.metrics.JmxReporter]
	metrics.num.samples = 2
	metrics.recording.level = INFO
	metrics.sample.window.ms = 30000
	partition.assignment.strategy = [class org.apache.kafka.clients.consumer.RangeAssignor, class org.apache.kafka.clients.consumer.CooperativeStickyAssignor]
	receive.buffer.bytes = 65536
	reconnect.backoff.max.ms = 1000
	reconnect.backoff.ms = 50
	request.timeout.ms = 30000
	retry.backoff.max.ms = 1000
	retry.backoff.ms = 100
	sasl.client.callback.handler.class = null
	sasl.jaas.config = null
	sasl.kerberos.kinit.cmd = /usr/bin/kinit
	sasl.kerberos.min.time.before.relogin = 60000
	sasl.kerberos.service.name = null
	sasl.kerberos.ticket.renew.jitter = 0.05
	sasl.kerberos.ticket.renew.window.factor = 0.8
	sasl.login.callback.handler.class = null
	sasl.login.class = null
	sasl.login.connect.timeout.ms = null
	sasl.login.read.timeout.ms = null
	sasl.login.refresh.buffer.seconds = 300
	sasl.login.refresh.min.period.seconds = 60
	sasl.login.refresh.window.factor = 0.8
	sasl.login.refresh.window.jitter = 0.05
	sasl.login.retry.backoff.max.ms = 10000
	sasl.login.retry.backoff.ms = 100
	sasl.mechanism = GSSAPI
	sasl.oauthbearer.assertion.algorithm = RS256
	sasl.oauthbearer.assertion.claim.aud = null
	sasl.oauthbearer.assertion.claim.exp.seconds = 300
	sasl.oauthbearer.assertion.claim.iss = null
	sasl.oauthbearer.assertion.claim.jti.include = false
	sasl.oauthbearer.assertion.claim.nbf.seconds = 60
	sasl.oauthbearer.assertion.claim.sub = null
	sasl.oauthbearer.assertion.file = null
	sasl.oauthbearer.assertion.private.key.file = null
	sasl.oauthbearer.assertion.private.key.passphrase = null
	sasl.oauthbearer.assertion.template.file = null
	sasl.oauthbearer.client.credentials.client.id = null
	sasl.oauthbearer.client.credentials.client.secret = null
	sasl.oauthbearer.clock.skew.seconds = 30
	sasl.oauthbearer.expected.audience = null
	sasl.oauthbearer.expected.issuer = null
	sasl.oauthbearer.header.urlencode = false
	sasl.oauthbearer.jwks.endpoint.refresh.ms = 3600000
	sasl.oauthbearer.jwks.endpoint.retry.backoff.max.ms = 10000
	sasl.oauthbearer.jwks.endpoint.retry.backoff.ms = 100
	sasl.oauthbearer.jwks.endpoint.url = null
	sasl.oauthbearer.jwt.retriever.class = class org.apache.kafka.common.security.oauthbearer.DefaultJwtRetriever
	sasl.oauthbearer.jwt.validator.class = class org.apache.kafka.common.security.oauthbearer.DefaultJwtValidator
	sasl.oauthbearer.scope = null
	sasl.oauthbearer.scope.claim.name = scope
	sasl.oauthbearer.sub.claim.name = sub
	sasl.oauthbearer.token.endpoint.url = null
	security.protocol = PLAINTEXT
	security.providers = null
	send.buffer.bytes = 131072
	session.timeout.ms = 45000
	share.acknowledgement.mode = implicit
	socket.connection.setup.timeout.max.ms = 30000
	socket.connection.setup.timeout.ms = 10000
	ssl.cipher.suites = null
	ssl.enabled.protocols = [TLSv1.2, TLSv1.3]
	ssl.endpoint.identification.algorithm = https
	ssl.engine.factory.class = null
	ssl.key.password = null
	ssl.keymanager.algorithm = SunX509
	ssl.keystore.certificate.chain = null
	ssl.keystore.key = null
	ssl.keystore.location = null
	ssl.keystore.password = null
	ssl.keystore.type = JKS
	ssl.protocol = TLSv1.3
	ssl.provider = null
	ssl.secure.random.implementation = null
	ssl.trustmanager.algorithm = PKIX
	ssl.truststore.certificates = null
	ssl.truststore.location = null
	ssl.truststore.password = null
	ssl.truststore.type = JKS
	value.deserializer = class org.apache.kafka.common.serialization.StringDeserializer

2026-04-19T00:42:57.775+08:00  INFO 8879 --- [falconx-trading-core-service] [           main] o.a.k.c.t.i.KafkaMetricsCollector        : initializing Kafka metrics collector
2026-04-19T00:42:57.778+08:00  INFO 8879 --- [falconx-trading-core-service] [           main] o.a.kafka.common.utils.AppInfoParser     : Kafka version: 4.1.2
2026-04-19T00:42:57.778+08:00  INFO 8879 --- [falconx-trading-core-service] [           main] o.a.kafka.common.utils.AppInfoParser     : Kafka commitId: c82fd9b934b4c1e6
2026-04-19T00:42:57.778+08:00  INFO 8879 --- [falconx-trading-core-service] [           main] o.a.kafka.common.utils.AppInfoParser     : Kafka startTimeMs: 1776530577778
2026-04-19T00:42:57.778+08:00  INFO 8879 --- [falconx-trading-core-service] [           main] o.a.k.c.c.i.ClassicKafkaConsumer         : [Consumer clientId=consumer-falconx-trading-core-service-2, groupId=falconx-trading-core-service] Subscribed to topic(s): falconx.wallet.deposit.confirmed
2026-04-19T00:42:57.779+08:00  INFO 8879 --- [falconx-trading-core-service] [           main] o.a.kafka.common.config.AbstractConfig   : ConsumerConfig values: 
	allow.auto.create.topics = true
	auto.commit.interval.ms = 5000
	auto.offset.reset = latest
	bootstrap.servers = [localhost:9092]
	check.crcs = true
	client.dns.lookup = use_all_dns_ips
	client.id = consumer-falconx-trading-core-service-3
	client.rack = 
	connections.max.idle.ms = 540000
	default.api.timeout.ms = 60000
	enable.auto.commit = false
	enable.metrics.push = true
	exclude.internal.topics = true
	fetch.max.bytes = 52428800
	fetch.max.wait.ms = 500
	fetch.min.bytes = 1
	group.id = falconx-trading-core-service
	group.instance.id = null
	group.protocol = classic
	group.remote.assignor = null
	heartbeat.interval.ms = 3000
	interceptor.classes = []
	internal.leave.group.on.close = true
	internal.throw.on.fetch.stable.offset.unsupported = false
	isolation.level = read_uncommitted
	key.deserializer = class org.apache.kafka.common.serialization.StringDeserializer
	max.partition.fetch.bytes = 1048576
	max.poll.interval.ms = 300000
	max.poll.records = 500
	metadata.max.age.ms = 300000
	metadata.recovery.rebootstrap.trigger.ms = 300000
	metadata.recovery.strategy = rebootstrap
	metric.reporters = [org.apache.kafka.common.metrics.JmxReporter]
	metrics.num.samples = 2
	metrics.recording.level = INFO
	metrics.sample.window.ms = 30000
	partition.assignment.strategy = [class org.apache.kafka.clients.consumer.RangeAssignor, class org.apache.kafka.clients.consumer.CooperativeStickyAssignor]
	receive.buffer.bytes = 65536
	reconnect.backoff.max.ms = 1000
	reconnect.backoff.ms = 50
	request.timeout.ms = 30000
	retry.backoff.max.ms = 1000
	retry.backoff.ms = 100
	sasl.client.callback.handler.class = null
	sasl.jaas.config = null
	sasl.kerberos.kinit.cmd = /usr/bin/kinit
	sasl.kerberos.min.time.before.relogin = 60000
	sasl.kerberos.service.name = null
	sasl.kerberos.ticket.renew.jitter = 0.05
	sasl.kerberos.ticket.renew.window.factor = 0.8
	sasl.login.callback.handler.class = null
	sasl.login.class = null
	sasl.login.connect.timeout.ms = null
	sasl.login.read.timeout.ms = null
	sasl.login.refresh.buffer.seconds = 300
	sasl.login.refresh.min.period.seconds = 60
	sasl.login.refresh.window.factor = 0.8
	sasl.login.refresh.window.jitter = 0.05
	sasl.login.retry.backoff.max.ms = 10000
	sasl.login.retry.backoff.ms = 100
	sasl.mechanism = GSSAPI
	sasl.oauthbearer.assertion.algorithm = RS256
	sasl.oauthbearer.assertion.claim.aud = null
	sasl.oauthbearer.assertion.claim.exp.seconds = 300
	sasl.oauthbearer.assertion.claim.iss = null
	sasl.oauthbearer.assertion.claim.jti.include = false
	sasl.oauthbearer.assertion.claim.nbf.seconds = 60
	sasl.oauthbearer.assertion.claim.sub = null
	sasl.oauthbearer.assertion.file = null
	sasl.oauthbearer.assertion.private.key.file = null
	sasl.oauthbearer.assertion.private.key.passphrase = null
	sasl.oauthbearer.assertion.template.file = null
	sasl.oauthbearer.client.credentials.client.id = null
	sasl.oauthbearer.client.credentials.client.secret = null
	sasl.oauthbearer.clock.skew.seconds = 30
	sasl.oauthbearer.expected.audience = null
	sasl.oauthbearer.expected.issuer = null
	sasl.oauthbearer.header.urlencode = false
	sasl.oauthbearer.jwks.endpoint.refresh.ms = 3600000
	sasl.oauthbearer.jwks.endpoint.retry.backoff.max.ms = 10000
	sasl.oauthbearer.jwks.endpoint.retry.backoff.ms = 100
	sasl.oauthbearer.jwks.endpoint.url = null
	sasl.oauthbearer.jwt.retriever.class = class org.apache.kafka.common.security.oauthbearer.DefaultJwtRetriever
	sasl.oauthbearer.jwt.validator.class = class org.apache.kafka.common.security.oauthbearer.DefaultJwtValidator
	sasl.oauthbearer.scope = null
	sasl.oauthbearer.scope.claim.name = scope
	sasl.oauthbearer.sub.claim.name = sub
	sasl.oauthbearer.token.endpoint.url = null
	security.protocol = PLAINTEXT
	security.providers = null
	send.buffer.bytes = 131072
	session.timeout.ms = 45000
	share.acknowledgement.mode = implicit
	socket.connection.setup.timeout.max.ms = 30000
	socket.connection.setup.timeout.ms = 10000
	ssl.cipher.suites = null
	ssl.enabled.protocols = [TLSv1.2, TLSv1.3]
	ssl.endpoint.identification.algorithm = https
	ssl.engine.factory.class = null
	ssl.key.password = null
	ssl.keymanager.algorithm = SunX509
	ssl.keystore.certificate.chain = null
	ssl.keystore.key = null
	ssl.keystore.location = null
	ssl.keystore.password = null
	ssl.keystore.type = JKS
	ssl.protocol = TLSv1.3
	ssl.provider = null
	ssl.secure.random.implementation = null
	ssl.trustmanager.algorithm = PKIX
	ssl.truststore.certificates = null
	ssl.truststore.location = null
	ssl.truststore.password = null
	ssl.truststore.type = JKS
	value.deserializer = class org.apache.kafka.common.serialization.StringDeserializer

2026-04-19T00:42:57.780+08:00  INFO 8879 --- [falconx-trading-core-service] [           main] o.a.k.c.t.i.KafkaMetricsCollector        : initializing Kafka metrics collector
2026-04-19T00:42:57.782+08:00  INFO 8879 --- [falconx-trading-core-service] [           main] o.a.kafka.common.utils.AppInfoParser     : Kafka version: 4.1.2
2026-04-19T00:42:57.782+08:00  INFO 8879 --- [falconx-trading-core-service] [           main] o.a.kafka.common.utils.AppInfoParser     : Kafka commitId: c82fd9b934b4c1e6
2026-04-19T00:42:57.782+08:00  INFO 8879 --- [falconx-trading-core-service] [           main] o.a.kafka.common.utils.AppInfoParser     : Kafka startTimeMs: 1776530577782
2026-04-19T00:42:57.782+08:00  INFO 8879 --- [falconx-trading-core-service] [           main] o.a.k.c.c.i.ClassicKafkaConsumer         : [Consumer clientId=consumer-falconx-trading-core-service-3, groupId=falconx-trading-core-service] Subscribed to topic(s): falconx.wallet.deposit.reversed
2026-04-19T00:42:57.787+08:00  INFO 8879 --- [falconx-trading-core-service] [           main] c.f.t.TradingPersistenceIntegrationTests : Started TradingPersistenceIntegrationTests in 2.092 seconds (process running for 3.513)
2026-04-19T00:42:57.803+08:00  INFO 8879 --- [falconx-trading-core-service] [           main] .t.e.OpenPositionSnapshotBootstrapRunner : trading.position.snapshot.bootstrap.completed
2026-04-19T00:42:57.851+08:00  INFO 8879 --- [falconx-trading-core-service] [           main] o.a.kafka.common.config.AbstractConfig   : ConsumerConfig values: 
	allow.auto.create.topics = true
	auto.commit.interval.ms = 5000
	auto.offset.reset = latest
	bootstrap.servers = [localhost:9092]
	check.crcs = true
	client.dns.lookup = use_all_dns_ips
	client.id = consumer-trading-persistence-it-e7796883-7e3c-426d-b52f-379c0d3a306b-4
	client.rack = 
	connections.max.idle.ms = 540000
	default.api.timeout.ms = 60000
	enable.auto.commit = true
	enable.metrics.push = true
	exclude.internal.topics = true
	fetch.max.bytes = 52428800
	fetch.max.wait.ms = 500
	fetch.min.bytes = 1
	group.id = trading-persistence-it-e7796883-7e3c-426d-b52f-379c0d3a306b
	group.instance.id = null
	group.protocol = classic
	group.remote.assignor = null
	heartbeat.interval.ms = 3000
	interceptor.classes = []
	internal.leave.group.on.close = true
	internal.throw.on.fetch.stable.offset.unsupported = false
	isolation.level = read_uncommitted
	key.deserializer = class org.apache.kafka.common.serialization.StringDeserializer
	max.partition.fetch.bytes = 1048576
	max.poll.interval.ms = 300000
	max.poll.records = 500
	metadata.max.age.ms = 300000
	metadata.recovery.rebootstrap.trigger.ms = 300000
	metadata.recovery.strategy = rebootstrap
	metric.reporters = [org.apache.kafka.common.metrics.JmxReporter]
	metrics.num.samples = 2
	metrics.recording.level = INFO
	metrics.sample.window.ms = 30000
	partition.assignment.strategy = [class org.apache.kafka.clients.consumer.RangeAssignor, class org.apache.kafka.clients.consumer.CooperativeStickyAssignor]
	receive.buffer.bytes = 65536
	reconnect.backoff.max.ms = 1000
	reconnect.backoff.ms = 50
	request.timeout.ms = 30000
	retry.backoff.max.ms = 1000
	retry.backoff.ms = 100
	sasl.client.callback.handler.class = null
	sasl.jaas.config = null
	sasl.kerberos.kinit.cmd = /usr/bin/kinit
	sasl.kerberos.min.time.before.relogin = 60000
	sasl.kerberos.service.name = null
	sasl.kerberos.ticket.renew.jitter = 0.05
	sasl.kerberos.ticket.renew.window.factor = 0.8
	sasl.login.callback.handler.class = null
	sasl.login.class = null
	sasl.login.connect.timeout.ms = null
	sasl.login.read.timeout.ms = null
	sasl.login.refresh.buffer.seconds = 300
	sasl.login.refresh.min.period.seconds = 60
	sasl.login.refresh.window.factor = 0.8
	sasl.login.refresh.window.jitter = 0.05
	sasl.login.retry.backoff.max.ms = 10000
	sasl.login.retry.backoff.ms = 100
	sasl.mechanism = GSSAPI
	sasl.oauthbearer.assertion.algorithm = RS256
	sasl.oauthbearer.assertion.claim.aud = null
	sasl.oauthbearer.assertion.claim.exp.seconds = 300
	sasl.oauthbearer.assertion.claim.iss = null
	sasl.oauthbearer.assertion.claim.jti.include = false
	sasl.oauthbearer.assertion.claim.nbf.seconds = 60
	sasl.oauthbearer.assertion.claim.sub = null
	sasl.oauthbearer.assertion.file = null
	sasl.oauthbearer.assertion.private.key.file = null
	sasl.oauthbearer.assertion.private.key.passphrase = null
	sasl.oauthbearer.assertion.template.file = null
	sasl.oauthbearer.client.credentials.client.id = null
	sasl.oauthbearer.client.credentials.client.secret = null
	sasl.oauthbearer.clock.skew.seconds = 30
	sasl.oauthbearer.expected.audience = null
	sasl.oauthbearer.expected.issuer = null
	sasl.oauthbearer.header.urlencode = false
	sasl.oauthbearer.jwks.endpoint.refresh.ms = 3600000
	sasl.oauthbearer.jwks.endpoint.retry.backoff.max.ms = 10000
	sasl.oauthbearer.jwks.endpoint.retry.backoff.ms = 100
	sasl.oauthbearer.jwks.endpoint.url = null
	sasl.oauthbearer.jwt.retriever.class = class org.apache.kafka.common.security.oauthbearer.DefaultJwtRetriever
	sasl.oauthbearer.jwt.validator.class = class org.apache.kafka.common.security.oauthbearer.DefaultJwtValidator
	sasl.oauthbearer.scope = null
	sasl.oauthbearer.scope.claim.name = scope
	sasl.oauthbearer.sub.claim.name = sub
	sasl.oauthbearer.token.endpoint.url = null
	security.protocol = PLAINTEXT
	security.providers = null
	send.buffer.bytes = 131072
	session.timeout.ms = 45000
	share.acknowledgement.mode = implicit
	socket.connection.setup.timeout.max.ms = 30000
	socket.connection.setup.timeout.ms = 10000
	ssl.cipher.suites = null
	ssl.enabled.protocols = [TLSv1.2, TLSv1.3]
	ssl.endpoint.identification.algorithm = https
	ssl.engine.factory.class = null
	ssl.key.password = null
	ssl.keymanager.algorithm = SunX509
	ssl.keystore.certificate.chain = null
	ssl.keystore.key = null
	ssl.keystore.location = null
	ssl.keystore.password = null
	ssl.keystore.type = JKS
	ssl.protocol = TLSv1.3
	ssl.provider = null
	ssl.secure.random.implementation = null
	ssl.trustmanager.algorithm = PKIX
	ssl.truststore.certificates = null
	ssl.truststore.location = null
	ssl.truststore.password = null
	ssl.truststore.type = JKS
	value.deserializer = class org.apache.kafka.common.serialization.StringDeserializer

2026-04-19T00:42:57.851+08:00  INFO 8879 --- [falconx-trading-core-service] [           main] o.a.k.c.t.i.KafkaMetricsCollector        : initializing Kafka metrics collector
2026-04-19T00:42:57.854+08:00  INFO 8879 --- [falconx-trading-core-service] [           main] o.a.kafka.common.utils.AppInfoParser     : Kafka version: 4.1.2
2026-04-19T00:42:57.854+08:00  INFO 8879 --- [falconx-trading-core-service] [           main] o.a.kafka.common.utils.AppInfoParser     : Kafka commitId: c82fd9b934b4c1e6
2026-04-19T00:42:57.854+08:00  INFO 8879 --- [falconx-trading-core-service] [           main] o.a.kafka.common.utils.AppInfoParser     : Kafka startTimeMs: 1776530577854
2026-04-19T00:42:57.854+08:00  INFO 8879 --- [falconx-trading-core-service] [           main] o.a.k.c.c.i.ClassicKafkaConsumer         : [Consumer clientId=consumer-trading-persistence-it-e7796883-7e3c-426d-b52f-379c0d3a306b-4, groupId=trading-persistence-it-e7796883-7e3c-426d-b52f-379c0d3a306b] Subscribed to topic(s): falconx.trading.deposit.credited
2026-04-19T00:42:57.953+08:00  INFO 8879 --- [falconx-trading-core-service] [ntainer#2-0-C-1] org.apache.kafka.clients.Metadata        : [Consumer clientId=consumer-falconx-trading-core-service-1, groupId=falconx-trading-core-service] Cluster ID: 5L6g3nShT-eMCtK--X86sw
2026-04-19T00:42:57.953+08:00  INFO 8879 --- [falconx-trading-core-service] [           main] org.apache.kafka.clients.Metadata        : [Consumer clientId=consumer-trading-persistence-it-e7796883-7e3c-426d-b52f-379c0d3a306b-4, groupId=trading-persistence-it-e7796883-7e3c-426d-b52f-379c0d3a306b] Cluster ID: 5L6g3nShT-eMCtK--X86sw
2026-04-19T00:42:57.953+08:00  INFO 8879 --- [falconx-trading-core-service] [ntainer#1-0-C-1] org.apache.kafka.clients.Metadata        : [Consumer clientId=consumer-falconx-trading-core-service-3, groupId=falconx-trading-core-service] Cluster ID: 5L6g3nShT-eMCtK--X86sw
2026-04-19T00:42:57.953+08:00  INFO 8879 --- [falconx-trading-core-service] [ntainer#0-0-C-1] org.apache.kafka.clients.Metadata        : [Consumer clientId=consumer-falconx-trading-core-service-2, groupId=falconx-trading-core-service] Cluster ID: 5L6g3nShT-eMCtK--X86sw
2026-04-19T00:42:57.954+08:00  INFO 8879 --- [falconx-trading-core-service] [ntainer#2-0-C-1] o.a.k.c.c.internals.ConsumerCoordinator  : [Consumer clientId=consumer-falconx-trading-core-service-1, groupId=falconx-trading-core-service] Discovered group coordinator localhost:9092 (id: 2147483646 rack: null isFenced: false)
2026-04-19T00:42:57.954+08:00  INFO 8879 --- [falconx-trading-core-service] [ntainer#1-0-C-1] o.a.k.c.c.internals.ConsumerCoordinator  : [Consumer clientId=consumer-falconx-trading-core-service-3, groupId=falconx-trading-core-service] Discovered group coordinator localhost:9092 (id: 2147483646 rack: null isFenced: false)
2026-04-19T00:42:57.954+08:00  INFO 8879 --- [falconx-trading-core-service] [           main] o.a.k.c.c.internals.ConsumerCoordinator  : [Consumer clientId=consumer-trading-persistence-it-e7796883-7e3c-426d-b52f-379c0d3a306b-4, groupId=trading-persistence-it-e7796883-7e3c-426d-b52f-379c0d3a306b] Discovered group coordinator localhost:9092 (id: 2147483646 rack: null isFenced: false)
2026-04-19T00:42:57.954+08:00  INFO 8879 --- [falconx-trading-core-service] [ntainer#0-0-C-1] o.a.k.c.c.internals.ConsumerCoordinator  : [Consumer clientId=consumer-falconx-trading-core-service-2, groupId=falconx-trading-core-service] Discovered group coordinator localhost:9092 (id: 2147483646 rack: null isFenced: false)
2026-04-19T00:42:57.955+08:00  INFO 8879 --- [falconx-trading-core-service] [ntainer#1-0-C-1] o.a.k.c.c.internals.ConsumerCoordinator  : [Consumer clientId=consumer-falconx-trading-core-service-3, groupId=falconx-trading-core-service] (Re-)joining group
2026-04-19T00:42:57.955+08:00  INFO 8879 --- [falconx-trading-core-service] [ntainer#0-0-C-1] o.a.k.c.c.internals.ConsumerCoordinator  : [Consumer clientId=consumer-falconx-trading-core-service-2, groupId=falconx-trading-core-service] (Re-)joining group
2026-04-19T00:42:57.956+08:00  INFO 8879 --- [falconx-trading-core-service] [ntainer#2-0-C-1] o.a.k.c.c.internals.ConsumerCoordinator  : [Consumer clientId=consumer-falconx-trading-core-service-1, groupId=falconx-trading-core-service] (Re-)joining group
2026-04-19T00:42:57.957+08:00  INFO 8879 --- [falconx-trading-core-service] [           main] o.a.k.c.c.internals.ConsumerCoordinator  : [Consumer clientId=consumer-trading-persistence-it-e7796883-7e3c-426d-b52f-379c0d3a306b-4, groupId=trading-persistence-it-e7796883-7e3c-426d-b52f-379c0d3a306b] (Re-)joining group
2026-04-19T00:42:57.963+08:00  INFO 8879 --- [falconx-trading-core-service] [           main] o.a.k.c.c.internals.ConsumerCoordinator  : [Consumer clientId=consumer-trading-persistence-it-e7796883-7e3c-426d-b52f-379c0d3a306b-4, groupId=trading-persistence-it-e7796883-7e3c-426d-b52f-379c0d3a306b] Request joining group due to: need to re-join with the given member-id: consumer-trading-persistence-it-e7796883-7e3c-426d-b52f-379c0d3a306b-4-a93768ff-73c8-4e30-8a73-c625dc72889b
2026-04-19T00:42:57.964+08:00  INFO 8879 --- [falconx-trading-core-service] [           main] o.a.k.c.c.internals.ConsumerCoordinator  : [Consumer clientId=consumer-trading-persistence-it-e7796883-7e3c-426d-b52f-379c0d3a306b-4, groupId=trading-persistence-it-e7796883-7e3c-426d-b52f-379c0d3a306b] (Re-)joining group
2026-04-19T00:42:57.965+08:00  INFO 8879 --- [falconx-trading-core-service] [ntainer#0-0-C-1] o.a.k.c.c.internals.ConsumerCoordinator  : [Consumer clientId=consumer-falconx-trading-core-service-2, groupId=falconx-trading-core-service] Request joining group due to: need to re-join with the given member-id: consumer-falconx-trading-core-service-2-2a11799b-58fa-4243-be0d-f0c2881043b4
2026-04-19T00:42:57.966+08:00  INFO 8879 --- [falconx-trading-core-service] [ntainer#0-0-C-1] o.a.k.c.c.internals.ConsumerCoordinator  : [Consumer clientId=consumer-falconx-trading-core-service-2, groupId=falconx-trading-core-service] (Re-)joining group
2026-04-19T00:42:57.967+08:00  INFO 8879 --- [falconx-trading-core-service] [ntainer#2-0-C-1] o.a.k.c.c.internals.ConsumerCoordinator  : [Consumer clientId=consumer-falconx-trading-core-service-1, groupId=falconx-trading-core-service] Request joining group due to: need to re-join with the given member-id: consumer-falconx-trading-core-service-1-46815905-b398-42e5-b65e-f2da88a54d4f
2026-04-19T00:42:57.967+08:00  INFO 8879 --- [falconx-trading-core-service] [ntainer#2-0-C-1] o.a.k.c.c.internals.ConsumerCoordinator  : [Consumer clientId=consumer-falconx-trading-core-service-1, groupId=falconx-trading-core-service] (Re-)joining group
2026-04-19T00:42:57.967+08:00  INFO 8879 --- [falconx-trading-core-service] [ntainer#1-0-C-1] o.a.k.c.c.internals.ConsumerCoordinator  : [Consumer clientId=consumer-falconx-trading-core-service-3, groupId=falconx-trading-core-service] Request joining group due to: need to re-join with the given member-id: consumer-falconx-trading-core-service-3-2d91db5b-70d4-40c5-8d41-f7ed6c92091f
2026-04-19T00:42:57.967+08:00  INFO 8879 --- [falconx-trading-core-service] [ntainer#1-0-C-1] o.a.k.c.c.internals.ConsumerCoordinator  : [Consumer clientId=consumer-falconx-trading-core-service-3, groupId=falconx-trading-core-service] (Re-)joining group
2026-04-19T00:42:57.969+08:00  INFO 8879 --- [falconx-trading-core-service] [ntainer#0-0-C-1] o.a.k.c.c.internals.ConsumerCoordinator  : [Consumer clientId=consumer-falconx-trading-core-service-2, groupId=falconx-trading-core-service] Successfully joined group with generation Generation{generationId=90, memberId='consumer-falconx-trading-core-service-2-2a11799b-58fa-4243-be0d-f0c2881043b4', protocol='range'}
2026-04-19T00:42:57.969+08:00  INFO 8879 --- [falconx-trading-core-service] [           main] o.a.k.c.c.internals.ConsumerCoordinator  : [Consumer clientId=consumer-trading-persistence-it-e7796883-7e3c-426d-b52f-379c0d3a306b-4, groupId=trading-persistence-it-e7796883-7e3c-426d-b52f-379c0d3a306b] Successfully joined group with generation Generation{generationId=1, memberId='consumer-trading-persistence-it-e7796883-7e3c-426d-b52f-379c0d3a306b-4-a93768ff-73c8-4e30-8a73-c625dc72889b', protocol='range'}
2026-04-19T00:42:57.973+08:00  INFO 8879 --- [falconx-trading-core-service] [           main] o.a.k.c.c.internals.ConsumerCoordinator  : [Consumer clientId=consumer-trading-persistence-it-e7796883-7e3c-426d-b52f-379c0d3a306b-4, groupId=trading-persistence-it-e7796883-7e3c-426d-b52f-379c0d3a306b] Finished assignment for group at generation 1: {consumer-trading-persistence-it-e7796883-7e3c-426d-b52f-379c0d3a306b-4-a93768ff-73c8-4e30-8a73-c625dc72889b=Assignment(partitions=[falconx.trading.deposit.credited-0])}
2026-04-19T00:42:57.973+08:00  INFO 8879 --- [falconx-trading-core-service] [ntainer#0-0-C-1] o.a.k.c.c.internals.ConsumerCoordinator  : [Consumer clientId=consumer-falconx-trading-core-service-2, groupId=falconx-trading-core-service] Finished assignment for group at generation 90: {consumer-falconx-trading-core-service-2-2a11799b-58fa-4243-be0d-f0c2881043b4=Assignment(partitions=[falconx.wallet.deposit.confirmed-0])}
2026-04-19T00:42:57.977+08:00  INFO 8879 --- [falconx-trading-core-service] [           main] o.a.k.c.c.internals.ConsumerCoordinator  : [Consumer clientId=consumer-trading-persistence-it-e7796883-7e3c-426d-b52f-379c0d3a306b-4, groupId=trading-persistence-it-e7796883-7e3c-426d-b52f-379c0d3a306b] Successfully synced group in generation Generation{generationId=1, memberId='consumer-trading-persistence-it-e7796883-7e3c-426d-b52f-379c0d3a306b-4-a93768ff-73c8-4e30-8a73-c625dc72889b', protocol='range'}
2026-04-19T00:42:57.977+08:00  INFO 8879 --- [falconx-trading-core-service] [           main] o.a.k.c.c.internals.ConsumerCoordinator  : [Consumer clientId=consumer-trading-persistence-it-e7796883-7e3c-426d-b52f-379c0d3a306b-4, groupId=trading-persistence-it-e7796883-7e3c-426d-b52f-379c0d3a306b] Notifying assignor about the new Assignment(partitions=[falconx.trading.deposit.credited-0])
2026-04-19T00:42:57.978+08:00  INFO 8879 --- [falconx-trading-core-service] [           main] k.c.c.i.ConsumerRebalanceListenerInvoker : [Consumer clientId=consumer-trading-persistence-it-e7796883-7e3c-426d-b52f-379c0d3a306b-4, groupId=trading-persistence-it-e7796883-7e3c-426d-b52f-379c0d3a306b] Adding newly assigned partitions: [falconx.trading.deposit.credited-0]
2026-04-19T00:42:57.979+08:00  INFO 8879 --- [falconx-trading-core-service] [ntainer#0-0-C-1] o.a.k.c.c.internals.ConsumerCoordinator  : [Consumer clientId=consumer-falconx-trading-core-service-2, groupId=falconx-trading-core-service] SyncGroup failed: The group began another rebalance. Need to re-join the group. Sent generation was Generation{generationId=90, memberId='consumer-falconx-trading-core-service-2-2a11799b-58fa-4243-be0d-f0c2881043b4', protocol='range'}
2026-04-19T00:42:57.979+08:00  INFO 8879 --- [falconx-trading-core-service] [ntainer#0-0-C-1] o.a.k.c.c.internals.ConsumerCoordinator  : [Consumer clientId=consumer-falconx-trading-core-service-2, groupId=falconx-trading-core-service] Request joining group due to: rebalance failed due to 'The group is rebalancing, so a rejoin is needed.' (RebalanceInProgressException)
2026-04-19T00:42:57.979+08:00  INFO 8879 --- [falconx-trading-core-service] [ntainer#0-0-C-1] o.a.k.c.c.internals.ConsumerCoordinator  : [Consumer clientId=consumer-falconx-trading-core-service-2, groupId=falconx-trading-core-service] (Re-)joining group
2026-04-19T00:42:57.982+08:00  INFO 8879 --- [falconx-trading-core-service] [ntainer#0-0-C-1] o.a.k.c.c.internals.ConsumerCoordinator  : [Consumer clientId=consumer-falconx-trading-core-service-2, groupId=falconx-trading-core-service] Successfully joined group with generation Generation{generationId=91, memberId='consumer-falconx-trading-core-service-2-2a11799b-58fa-4243-be0d-f0c2881043b4', protocol='range'}
2026-04-19T00:42:57.982+08:00  INFO 8879 --- [falconx-trading-core-service] [ntainer#2-0-C-1] o.a.k.c.c.internals.ConsumerCoordinator  : [Consumer clientId=consumer-falconx-trading-core-service-1, groupId=falconx-trading-core-service] Successfully joined group with generation Generation{generationId=91, memberId='consumer-falconx-trading-core-service-1-46815905-b398-42e5-b65e-f2da88a54d4f', protocol='range'}
2026-04-19T00:42:57.982+08:00  INFO 8879 --- [falconx-trading-core-service] [ntainer#1-0-C-1] o.a.k.c.c.internals.ConsumerCoordinator  : [Consumer clientId=consumer-falconx-trading-core-service-3, groupId=falconx-trading-core-service] Successfully joined group with generation Generation{generationId=91, memberId='consumer-falconx-trading-core-service-3-2d91db5b-70d4-40c5-8d41-f7ed6c92091f', protocol='range'}
2026-04-19T00:42:57.982+08:00  INFO 8879 --- [falconx-trading-core-service] [           main] o.a.k.c.c.internals.ConsumerCoordinator  : [Consumer clientId=consumer-trading-persistence-it-e7796883-7e3c-426d-b52f-379c0d3a306b-4, groupId=trading-persistence-it-e7796883-7e3c-426d-b52f-379c0d3a306b] Found no committed offset for partition falconx.trading.deposit.credited-0
2026-04-19T00:42:57.987+08:00  INFO 8879 --- [falconx-trading-core-service] [ntainer#0-0-C-1] o.a.k.c.c.internals.ConsumerCoordinator  : [Consumer clientId=consumer-falconx-trading-core-service-2, groupId=falconx-trading-core-service] Finished assignment for group at generation 91: {consumer-falconx-trading-core-service-2-2a11799b-58fa-4243-be0d-f0c2881043b4=Assignment(partitions=[falconx.wallet.deposit.confirmed-0]), consumer-falconx-trading-core-service-3-2d91db5b-70d4-40c5-8d41-f7ed6c92091f=Assignment(partitions=[falconx.wallet.deposit.reversed-0]), consumer-falconx-trading-core-service-1-46815905-b398-42e5-b65e-f2da88a54d4f=Assignment(partitions=[falconx.market.price.tick-0])}
2026-04-19T00:42:57.990+08:00  INFO 8879 --- [falconx-trading-core-service] [ntainer#1-0-C-1] o.a.k.c.c.internals.ConsumerCoordinator  : [Consumer clientId=consumer-falconx-trading-core-service-3, groupId=falconx-trading-core-service] Successfully synced group in generation Generation{generationId=91, memberId='consumer-falconx-trading-core-service-3-2d91db5b-70d4-40c5-8d41-f7ed6c92091f', protocol='range'}
2026-04-19T00:42:57.990+08:00  INFO 8879 --- [falconx-trading-core-service] [ntainer#2-0-C-1] o.a.k.c.c.internals.ConsumerCoordinator  : [Consumer clientId=consumer-falconx-trading-core-service-1, groupId=falconx-trading-core-service] Successfully synced group in generation Generation{generationId=91, memberId='consumer-falconx-trading-core-service-1-46815905-b398-42e5-b65e-f2da88a54d4f', protocol='range'}
2026-04-19T00:42:57.990+08:00  INFO 8879 --- [falconx-trading-core-service] [ntainer#0-0-C-1] o.a.k.c.c.internals.ConsumerCoordinator  : [Consumer clientId=consumer-falconx-trading-core-service-2, groupId=falconx-trading-core-service] Successfully synced group in generation Generation{generationId=91, memberId='consumer-falconx-trading-core-service-2-2a11799b-58fa-4243-be0d-f0c2881043b4', protocol='range'}
2026-04-19T00:42:57.990+08:00  INFO 8879 --- [falconx-trading-core-service] [ntainer#2-0-C-1] o.a.k.c.c.internals.ConsumerCoordinator  : [Consumer clientId=consumer-falconx-trading-core-service-1, groupId=falconx-trading-core-service] Notifying assignor about the new Assignment(partitions=[falconx.market.price.tick-0])
2026-04-19T00:42:57.990+08:00  INFO 8879 --- [falconx-trading-core-service] [ntainer#1-0-C-1] o.a.k.c.c.internals.ConsumerCoordinator  : [Consumer clientId=consumer-falconx-trading-core-service-3, groupId=falconx-trading-core-service] Notifying assignor about the new Assignment(partitions=[falconx.wallet.deposit.reversed-0])
2026-04-19T00:42:57.991+08:00  INFO 8879 --- [falconx-trading-core-service] [ntainer#2-0-C-1] k.c.c.i.ConsumerRebalanceListenerInvoker : [Consumer clientId=consumer-falconx-trading-core-service-1, groupId=falconx-trading-core-service] Adding newly assigned partitions: [falconx.market.price.tick-0]
2026-04-19T00:42:57.991+08:00  INFO 8879 --- [falconx-trading-core-service] [ntainer#0-0-C-1] o.a.k.c.c.internals.ConsumerCoordinator  : [Consumer clientId=consumer-falconx-trading-core-service-2, groupId=falconx-trading-core-service] Notifying assignor about the new Assignment(partitions=[falconx.wallet.deposit.confirmed-0])
2026-04-19T00:42:57.991+08:00  INFO 8879 --- [falconx-trading-core-service] [ntainer#0-0-C-1] k.c.c.i.ConsumerRebalanceListenerInvoker : [Consumer clientId=consumer-falconx-trading-core-service-2, groupId=falconx-trading-core-service] Adding newly assigned partitions: [falconx.wallet.deposit.confirmed-0]
2026-04-19T00:42:57.991+08:00  INFO 8879 --- [falconx-trading-core-service] [ntainer#1-0-C-1] k.c.c.i.ConsumerRebalanceListenerInvoker : [Consumer clientId=consumer-falconx-trading-core-service-3, groupId=falconx-trading-core-service] Adding newly assigned partitions: [falconx.wallet.deposit.reversed-0]
2026-04-19T00:42:57.993+08:00  INFO 8879 --- [falconx-trading-core-service] [           main] o.a.k.c.c.internals.SubscriptionState    : [Consumer clientId=consumer-trading-persistence-it-e7796883-7e3c-426d-b52f-379c0d3a306b-4, groupId=trading-persistence-it-e7796883-7e3c-426d-b52f-379c0d3a306b] Resetting offset for partition falconx.trading.deposit.credited-0 to position FetchPosition{offset=15, offsetEpoch=Optional.empty, currentLeader=LeaderAndEpoch{leader=Optional[localhost:9092 (id: 1 rack: null isFenced: false)], epoch=4}}.
2026-04-19T00:42:57.994+08:00  INFO 8879 --- [falconx-trading-core-service] [ntainer#2-0-C-1] o.a.k.c.c.internals.ConsumerUtils        : Setting offset for partition falconx.market.price.tick-0 to the committed offset FetchPosition{offset=5568, offsetEpoch=Optional.empty, currentLeader=LeaderAndEpoch{leader=Optional[localhost:9092 (id: 1 rack: null isFenced: false)], epoch=4}}
2026-04-19T00:42:57.994+08:00  INFO 8879 --- [falconx-trading-core-service] [ntainer#2-0-C-1] o.s.k.l.KafkaMessageListenerContainer    : falconx-trading-core-service: partitions assigned: [falconx.market.price.tick-0]
2026-04-19T00:42:57.995+08:00  INFO 8879 --- [falconx-trading-core-service] [ntainer#1-0-C-1] o.a.k.c.c.internals.ConsumerUtils        : Setting offset for partition falconx.wallet.deposit.reversed-0 to the committed offset FetchPosition{offset=0, offsetEpoch=Optional.empty, currentLeader=LeaderAndEpoch{leader=Optional[localhost:9092 (id: 1 rack: null isFenced: false)], epoch=4}}
2026-04-19T00:42:57.995+08:00  INFO 8879 --- [falconx-trading-core-service] [ntainer#0-0-C-1] o.a.k.c.c.internals.ConsumerUtils        : Setting offset for partition falconx.wallet.deposit.confirmed-0 to the committed offset FetchPosition{offset=7, offsetEpoch=Optional.empty, currentLeader=LeaderAndEpoch{leader=Optional[localhost:9092 (id: 1 rack: null isFenced: false)], epoch=4}}
2026-04-19T00:42:57.995+08:00  INFO 8879 --- [falconx-trading-core-service] [ntainer#1-0-C-1] o.s.k.l.KafkaMessageListenerContainer    : falconx-trading-core-service: partitions assigned: [falconx.wallet.deposit.reversed-0]
2026-04-19T00:42:57.995+08:00  INFO 8879 --- [falconx-trading-core-service] [ntainer#0-0-C-1] o.s.k.l.KafkaMessageListenerContainer    : falconx-trading-core-service: partitions assigned: [falconx.wallet.deposit.confirmed-0]
2026-04-19T00:42:58.032+08:00  INFO 8879 --- [falconx-trading-core-service] [ntainer#2-0-C-1] c.f.t.c.TradingKafkaEventListener        : trading.kafka.consume.received topic=falconx.market.price.tick eventId=evt-38708220465909760
2026-04-19T00:42:58.038+08:00  INFO 8879 --- [falconx-trading-core-service] [ntainer#2-0-C-1] c.f.t.c.MarketPriceTickEventConsumer     : trading.consumer.market.price.tick eventId=evt-38708220465909760 symbol=EURUSD ts=2026-04-17T19:32:38.788Z
2026-04-19T00:42:58.038+08:00  INFO 8879 --- [falconx-trading-core-service] [ntainer#2-0-C-1] c.f.trading.engine.QuoteDrivenEngine     : trading.quote.tick.received symbol=EURUSD ts=2026-04-17T19:32:38.788Z stale=false
2026-04-19T00:42:58.044+08:00  INFO 8879 --- [falconx-trading-core-service] [ntainer#2-0-C-1] c.f.trading.engine.QuoteDrivenEngine     : trading.quote.tick.applied symbol=EURUSD source=TIINGO_FOREX stale=false openPositions=0
2026-04-19T00:42:58.044+08:00  INFO 8879 --- [falconx-trading-core-service] [ntainer#2-0-C-1] c.f.t.c.TradingKafkaEventListener        : trading.kafka.consume.received topic=falconx.market.price.tick eventId=evt-38708225373245440
2026-04-19T00:42:58.045+08:00  INFO 8879 --- [falconx-trading-core-service] [ntainer#2-0-C-1] c.f.t.c.MarketPriceTickEventConsumer     : trading.consumer.market.price.tick eventId=evt-38708225373245440 symbol=XAUUSD ts=2026-04-17T19:32:39.884Z
2026-04-19T00:42:58.045+08:00  INFO 8879 --- [falconx-trading-core-service] [ntainer#2-0-C-1] c.f.trading.engine.QuoteDrivenEngine     : trading.quote.tick.received symbol=XAUUSD ts=2026-04-17T19:32:39.884Z stale=false
2026-04-19T00:42:58.047+08:00  INFO 8879 --- [falconx-trading-core-service] [ntainer#2-0-C-1] c.f.trading.engine.QuoteDrivenEngine     : trading.quote.tick.applied symbol=XAUUSD source=TIINGO_FOREX stale=false openPositions=0
2026-04-19T00:42:58.048+08:00  INFO 8879 --- [falconx-trading-core-service] [ntainer#2-0-C-1] c.f.t.c.TradingKafkaEventListener        : trading.kafka.consume.received topic=falconx.market.price.tick eventId=evt-38708229810819072
2026-04-19T00:42:58.048+08:00  INFO 8879 --- [falconx-trading-core-service] [ntainer#2-0-C-1] c.f.t.c.MarketPriceTickEventConsumer     : trading.consumer.market.price.tick eventId=evt-38708229810819072 symbol=XAUUSD ts=2026-04-17T19:32:40.933Z
2026-04-19T00:42:58.048+08:00  INFO 8879 --- [falconx-trading-core-service] [ntainer#2-0-C-1] c.f.trading.engine.QuoteDrivenEngine     : trading.quote.tick.received symbol=XAUUSD ts=2026-04-17T19:32:40.933Z stale=false
2026-04-19T00:42:58.050+08:00  INFO 8879 --- [falconx-trading-core-service] [ntainer#2-0-C-1] c.f.trading.engine.QuoteDrivenEngine     : trading.quote.tick.applied symbol=XAUUSD source=TIINGO_FOREX stale=false openPositions=0
2026-04-19T00:42:58.050+08:00  INFO 8879 --- [falconx-trading-core-service] [ntainer#2-0-C-1] c.f.t.c.TradingKafkaEventListener        : trading.kafka.consume.received topic=falconx.market.price.tick eventId=evt-38708231152996352
2026-04-19T00:42:58.050+08:00  INFO 8879 --- [falconx-trading-core-service] [ntainer#2-0-C-1] c.f.t.c.MarketPriceTickEventConsumer     : trading.consumer.market.price.tick eventId=evt-38708231152996352 symbol=EURUSD ts=2026-04-17T19:32:41.328Z
2026-04-19T00:42:58.050+08:00  INFO 8879 --- [falconx-trading-core-service] [ntainer#2-0-C-1] c.f.trading.engine.QuoteDrivenEngine     : trading.quote.tick.received symbol=EURUSD ts=2026-04-17T19:32:41.328Z stale=false
2026-04-19T00:42:58.053+08:00  INFO 8879 --- [falconx-trading-core-service] [ntainer#2-0-C-1] c.f.trading.engine.QuoteDrivenEngine     : trading.quote.tick.applied symbol=EURUSD source=TIINGO_FOREX stale=false openPositions=0
2026-04-19T00:42:58.053+08:00  INFO 8879 --- [falconx-trading-core-service] [ntainer#2-0-C-1] c.f.t.c.TradingKafkaEventListener        : trading.kafka.consume.received topic=falconx.market.price.tick eventId=evt-38708234390999040
2026-04-19T00:42:58.053+08:00  INFO 8879 --- [falconx-trading-core-service] [ntainer#2-0-C-1] c.f.t.c.MarketPriceTickEventConsumer     : trading.consumer.market.price.tick eventId=evt-38708234390999040 symbol=XAUUSD ts=2026-04-17T19:32:42.076Z
2026-04-19T00:42:58.053+08:00  INFO 8879 --- [falconx-trading-core-service] [ntainer#2-0-C-1] c.f.trading.engine.QuoteDrivenEngine     : trading.quote.tick.received symbol=XAUUSD ts=2026-04-17T19:32:42.076Z stale=false
2026-04-19T00:42:58.056+08:00  INFO 8879 --- [falconx-trading-core-service] [ntainer#2-0-C-1] c.f.trading.engine.QuoteDrivenEngine     : trading.quote.tick.applied symbol=XAUUSD source=TIINGO_FOREX stale=false openPositions=0
2026-04-19T00:42:58.056+08:00  INFO 8879 --- [falconx-trading-core-service] [ntainer#2-0-C-1] c.f.t.c.TradingKafkaEventListener        : trading.kafka.consume.received topic=falconx.market.price.tick eventId=evt-38708238614663168
2026-04-19T00:42:58.056+08:00  INFO 8879 --- [falconx-trading-core-service] [ntainer#2-0-C-1] c.f.t.c.MarketPriceTickEventConsumer     : trading.consumer.market.price.tick eventId=evt-38708238614663168 symbol=XAUUSD ts=2026-04-17T19:32:43.116Z
2026-04-19T00:42:58.056+08:00  INFO 8879 --- [falconx-trading-core-service] [ntainer#2-0-C-1] c.f.trading.engine.QuoteDrivenEngine     : trading.quote.tick.received symbol=XAUUSD ts=2026-04-17T19:32:43.116Z stale=false
2026-04-19T00:42:58.059+08:00  INFO 8879 --- [falconx-trading-core-service] [ntainer#2-0-C-1] c.f.trading.engine.QuoteDrivenEngine     : trading.quote.tick.applied symbol=XAUUSD source=TIINGO_FOREX stale=false openPositions=0
2026-04-19T00:42:58.059+08:00  INFO 8879 --- [falconx-trading-core-service] [           main] a.TradingDepositCreditApplicationService : trading.deposit.credit.request eventId=evt-stage5-trading-deposit-001 walletTxId=88001 userId=92001 chain=ETH txHash=0xstage5trading001
2026-04-19T00:42:58.059+08:00  INFO 8879 --- [falconx-trading-core-service] [ntainer#2-0-C-1] c.f.t.c.TradingKafkaEventListener        : trading.kafka.consume.received topic=falconx.market.price.tick eventId=evt-38708242964156416
2026-04-19T00:42:58.059+08:00  INFO 8879 --- [falconx-trading-core-service] [ntainer#2-0-C-1] c.f.t.c.MarketPriceTickEventConsumer     : trading.consumer.market.price.tick eventId=evt-38708242964156416 symbol=XAUUSD ts=2026-04-17T19:32:44.126Z
2026-04-19T00:42:58.059+08:00  INFO 8879 --- [falconx-trading-core-service] [ntainer#2-0-C-1] c.f.trading.engine.QuoteDrivenEngine     : trading.quote.tick.received symbol=XAUUSD ts=2026-04-17T19:32:44.126Z stale=false
2026-04-19T00:42:58.062+08:00  INFO 8879 --- [falconx-trading-core-service] [ntainer#2-0-C-1] c.f.trading.engine.QuoteDrivenEngine     : trading.quote.tick.applied symbol=XAUUSD source=TIINGO_FOREX stale=false openPositions=0
2026-04-19T00:42:58.062+08:00  INFO 8879 --- [falconx-trading-core-service] [ntainer#2-0-C-1] c.f.t.c.TradingKafkaEventListener        : trading.kafka.consume.received topic=falconx.market.price.tick eventId=evt-38708247426895872
2026-04-19T00:42:58.063+08:00  INFO 8879 --- [falconx-trading-core-service] [ntainer#2-0-C-1] c.f.t.c.MarketPriceTickEventConsumer     : trading.consumer.market.price.tick eventId=evt-38708247426895872 symbol=XAUUSD ts=2026-04-17T19:32:45.184Z
2026-04-19T00:42:58.063+08:00  INFO 8879 --- [falconx-trading-core-service] [ntainer#2-0-C-1] c.f.trading.engine.QuoteDrivenEngine     : trading.quote.tick.received symbol=XAUUSD ts=2026-04-17T19:32:45.184Z stale=false
2026-04-19T00:42:58.065+08:00  INFO 8879 --- [falconx-trading-core-service] [ntainer#2-0-C-1] c.f.trading.engine.QuoteDrivenEngine     : trading.quote.tick.applied symbol=XAUUSD source=TIINGO_FOREX stale=false openPositions=0
2026-04-19T00:42:58.066+08:00  INFO 8879 --- [falconx-trading-core-service] [ntainer#2-0-C-1] c.f.t.c.TradingKafkaEventListener        : trading.kafka.consume.received topic=falconx.market.price.tick eventId=evt-38708252443283456
2026-04-19T00:42:58.066+08:00  INFO 8879 --- [falconx-trading-core-service] [ntainer#2-0-C-1] c.f.t.c.MarketPriceTickEventConsumer     : trading.consumer.market.price.tick eventId=evt-38708252443283456 symbol=XAUUSD ts=2026-04-17T19:32:46.369Z
2026-04-19T00:42:58.066+08:00  INFO 8879 --- [falconx-trading-core-service] [ntainer#2-0-C-1] c.f.trading.engine.QuoteDrivenEngine     : trading.quote.tick.received symbol=XAUUSD ts=2026-04-17T19:32:46.369Z stale=false
2026-04-19T00:42:58.068+08:00  INFO 8879 --- [falconx-trading-core-service] [ntainer#2-0-C-1] c.f.trading.engine.QuoteDrivenEngine     : trading.quote.tick.applied symbol=XAUUSD source=TIINGO_FOREX stale=false openPositions=0
2026-04-19T00:42:58.069+08:00  INFO 8879 --- [falconx-trading-core-service] [ntainer#2-0-C-1] c.f.t.c.TradingKafkaEventListener        : trading.kafka.consume.received topic=falconx.market.price.tick eventId=evt-38708256146853888
2026-04-19T00:42:58.069+08:00  INFO 8879 --- [falconx-trading-core-service] [ntainer#2-0-C-1] c.f.t.c.MarketPriceTickEventConsumer     : trading.consumer.market.price.tick eventId=evt-38708256146853888 symbol=EURUSD ts=2026-04-17T19:32:47.282Z
2026-04-19T00:42:58.069+08:00  INFO 8879 --- [falconx-trading-core-service] [ntainer#2-0-C-1] c.f.trading.engine.QuoteDrivenEngine     : trading.quote.tick.received symbol=EURUSD ts=2026-04-17T19:32:47.282Z stale=false
2026-04-19T00:42:58.071+08:00  INFO 8879 --- [falconx-trading-core-service] [ntainer#2-0-C-1] c.f.trading.engine.QuoteDrivenEngine     : trading.quote.tick.applied symbol=EURUSD source=TIINGO_FOREX stale=false openPositions=0
2026-04-19T00:42:58.071+08:00  INFO 8879 --- [falconx-trading-core-service] [ntainer#2-0-C-1] c.f.t.c.TradingKafkaEventListener        : trading.kafka.consume.received topic=falconx.market.price.tick eventId=evt-38708258600521728
2026-04-19T00:42:58.072+08:00  INFO 8879 --- [falconx-trading-core-service] [ntainer#2-0-C-1] c.f.t.c.MarketPriceTickEventConsumer     : trading.consumer.market.price.tick eventId=evt-38708258600521728 symbol=XAUUSD ts=2026-04-17T19:32:47.844Z
2026-04-19T00:42:58.072+08:00  INFO 8879 --- [falconx-trading-core-service] [ntainer#2-0-C-1] c.f.trading.engine.QuoteDrivenEngine     : trading.quote.tick.received symbol=XAUUSD ts=2026-04-17T19:32:47.844Z stale=false
2026-04-19T00:42:58.074+08:00  INFO 8879 --- [falconx-trading-core-service] [ntainer#2-0-C-1] c.f.trading.engine.QuoteDrivenEngine     : trading.quote.tick.applied symbol=XAUUSD source=TIINGO_FOREX stale=false openPositions=0
2026-04-19T00:42:58.074+08:00  INFO 8879 --- [falconx-trading-core-service] [ntainer#2-0-C-1] c.f.t.c.TradingKafkaEventListener        : trading.kafka.consume.received topic=falconx.market.price.tick eventId=evt-38708262962597888
2026-04-19T00:42:58.074+08:00  INFO 8879 --- [falconx-trading-core-service] [ntainer#2-0-C-1] c.f.t.c.MarketPriceTickEventConsumer     : trading.consumer.market.price.tick eventId=evt-38708262962597888 symbol=XAUUSD ts=2026-04-17T19:32:48.949Z
2026-04-19T00:42:58.075+08:00  INFO 8879 --- [falconx-trading-core-service] [ntainer#2-0-C-1] c.f.trading.engine.QuoteDrivenEngine     : trading.quote.tick.received symbol=XAUUSD ts=2026-04-17T19:32:48.949Z stale=false
2026-04-19T00:42:58.077+08:00  INFO 8879 --- [falconx-trading-core-service] [ntainer#2-0-C-1] c.f.trading.engine.QuoteDrivenEngine     : trading.quote.tick.applied symbol=XAUUSD source=TIINGO_FOREX stale=false openPositions=0
2026-04-19T00:42:58.077+08:00  INFO 8879 --- [falconx-trading-core-service] [ntainer#2-0-C-1] c.f.t.c.TradingKafkaEventListener        : trading.kafka.consume.received topic=falconx.market.price.tick eventId=evt-38708268129980416
2026-04-19T00:42:58.077+08:00  INFO 8879 --- [falconx-trading-core-service] [ntainer#2-0-C-1] c.f.t.c.MarketPriceTickEventConsumer     : trading.consumer.market.price.tick eventId=evt-38708268129980416 symbol=XAUUSD ts=2026-04-17T19:32:50.104Z
2026-04-19T00:42:58.077+08:00  INFO 8879 --- [falconx-trading-core-service] [ntainer#2-0-C-1] c.f.trading.engine.QuoteDrivenEngine     : trading.quote.tick.received symbol=XAUUSD ts=2026-04-17T19:32:50.104Z stale=false
2026-04-19T00:42:58.079+08:00  INFO 8879 --- [falconx-trading-core-service] [           main] a.TradingDepositCreditApplicationService : trading.deposit.credit.completed eventId=evt-stage5-trading-deposit-001 walletTxId=88001 userId=92001 depositId=39027906743242752 accountId=39027906709688320
2026-04-19T00:42:58.080+08:00  INFO 8879 --- [falconx-trading-core-service] [ntainer#2-0-C-1] c.f.trading.engine.QuoteDrivenEngine     : trading.quote.tick.applied symbol=XAUUSD source=TIINGO_FOREX stale=false openPositions=0
2026-04-19T00:42:58.080+08:00  INFO 8879 --- [falconx-trading-core-service] [ntainer#2-0-C-1] c.f.t.c.TradingKafkaEventListener        : trading.kafka.consume.received topic=falconx.market.price.tick eventId=evt-38708271615447040
2026-04-19T00:42:58.080+08:00  INFO 8879 --- [falconx-trading-core-service] [ntainer#2-0-C-1] c.f.t.c.MarketPriceTickEventConsumer     : trading.consumer.market.price.tick eventId=evt-38708271615447040 symbol=EURUSD ts=2026-04-17T19:32:50.960Z
2026-04-19T00:42:58.080+08:00  INFO 8879 --- [falconx-trading-core-service] [ntainer#2-0-C-1] c.f.trading.engine.QuoteDrivenEngine     : trading.quote.tick.received symbol=EURUSD ts=2026-04-17T19:32:50.960Z stale=false
2026-04-19T00:42:58.082+08:00  INFO 8879 --- [falconx-trading-core-service] [ntainer#2-0-C-1] c.f.trading.engine.QuoteDrivenEngine     : trading.quote.tick.applied symbol=EURUSD source=TIINGO_FOREX stale=false openPositions=0
2026-04-19T00:42:58.083+08:00  INFO 8879 --- [falconx-trading-core-service] [ntainer#2-0-C-1] c.f.t.c.TradingKafkaEventListener        : trading.kafka.consume.received topic=falconx.market.price.tick eventId=evt-38708276178849792
2026-04-19T00:42:58.083+08:00  INFO 8879 --- [falconx-trading-core-service] [ntainer#2-0-C-1] c.f.t.c.MarketPriceTickEventConsumer     : trading.consumer.market.price.tick eventId=evt-38708276178849792 symbol=XAUUSD ts=2026-04-17T19:32:52.061Z
2026-04-19T00:42:58.083+08:00  INFO 8879 --- [falconx-trading-core-service] [ntainer#2-0-C-1] c.f.trading.engine.QuoteDrivenEngine     : trading.quote.tick.received symbol=XAUUSD ts=2026-04-17T19:32:52.061Z stale=false
2026-04-19T00:42:58.085+08:00  INFO 8879 --- [falconx-trading-core-service] [ntainer#2-0-C-1] c.f.trading.engine.QuoteDrivenEngine     : trading.quote.tick.applied symbol=XAUUSD source=TIINGO_FOREX stale=false openPositions=0
2026-04-19T00:42:58.085+08:00  INFO 8879 --- [falconx-trading-core-service] [ntainer#2-0-C-1] c.f.t.c.TradingKafkaEventListener        : trading.kafka.consume.received topic=falconx.market.price.tick eventId=evt-38708280587063296
2026-04-19T00:42:58.085+08:00  INFO 8879 --- [falconx-trading-core-service] [ntainer#2-0-C-1] c.f.t.c.MarketPriceTickEventConsumer     : trading.consumer.market.price.tick eventId=evt-38708280587063296 symbol=XAUUSD ts=2026-04-17T19:32:53.080Z
2026-04-19T00:42:58.085+08:00  INFO 8879 --- [falconx-trading-core-service] [ntainer#2-0-C-1] c.f.trading.engine.QuoteDrivenEngine     : trading.quote.tick.received symbol=XAUUSD ts=2026-04-17T19:32:53.080Z stale=false
2026-04-19T00:42:58.087+08:00  INFO 8879 --- [falconx-trading-core-service] [ntainer#2-0-C-1] c.f.trading.engine.QuoteDrivenEngine     : trading.quote.tick.applied symbol=XAUUSD source=TIINGO_FOREX stale=false openPositions=0
2026-04-19T00:42:58.088+08:00  INFO 8879 --- [falconx-trading-core-service] [ntainer#2-0-C-1] c.f.t.c.TradingKafkaEventListener        : trading.kafka.consume.received topic=falconx.market.price.tick eventId=evt-38708284718452736
2026-04-19T00:42:58.088+08:00  INFO 8879 --- [falconx-trading-core-service] [ntainer#2-0-C-1] c.f.t.c.MarketPriceTickEventConsumer     : trading.consumer.market.price.tick eventId=evt-38708284718452736 symbol=XAUUSD ts=2026-04-17T19:32:54.087Z
2026-04-19T00:42:58.088+08:00  INFO 8879 --- [falconx-trading-core-service] [ntainer#2-0-C-1] c.f.trading.engine.QuoteDrivenEngine     : trading.quote.tick.received symbol=XAUUSD ts=2026-04-17T19:32:54.087Z stale=false
2026-04-19T00:42:58.092+08:00  INFO 8879 --- [falconx-trading-core-service] [ntainer#2-0-C-1] c.f.trading.engine.QuoteDrivenEngine     : trading.quote.tick.applied symbol=XAUUSD source=TIINGO_FOREX stale=false openPositions=0
2026-04-19T00:42:58.092+08:00  INFO 8879 --- [falconx-trading-core-service] [ntainer#2-0-C-1] c.f.t.c.TradingKafkaEventListener        : trading.kafka.consume.received topic=falconx.market.price.tick eventId=evt-38708287818043392
2026-04-19T00:42:58.092+08:00  INFO 8879 --- [falconx-trading-core-service] [ntainer#2-0-C-1] c.f.t.c.MarketPriceTickEventConsumer     : trading.consumer.market.price.tick eventId=evt-38708287818043392 symbol=EURUSD ts=2026-04-17T19:32:54.838Z
2026-04-19T00:42:58.092+08:00  INFO 8879 --- [falconx-trading-core-service] [ntainer#2-0-C-1] c.f.trading.engine.QuoteDrivenEngine     : trading.quote.tick.received symbol=EURUSD ts=2026-04-17T19:32:54.838Z stale=false
2026-04-19T00:42:58.094+08:00  INFO 8879 --- [falconx-trading-core-service] [ntainer#2-0-C-1] c.f.trading.engine.QuoteDrivenEngine     : trading.quote.tick.applied symbol=EURUSD source=TIINGO_FOREX stale=false openPositions=0
2026-04-19T00:42:58.095+08:00  INFO 8879 --- [falconx-trading-core-service] [ntainer#2-0-C-1] c.f.t.c.TradingKafkaEventListener        : trading.kafka.consume.received topic=falconx.market.price.tick eventId=evt-38708289374130176
2026-04-19T00:42:58.095+08:00  INFO 8879 --- [falconx-trading-core-service] [ntainer#2-0-C-1] c.f.t.c.MarketPriceTickEventConsumer     : trading.consumer.market.price.tick eventId=evt-38708289374130176 symbol=XAUUSD ts=2026-04-17T19:32:55.230Z
2026-04-19T00:42:58.095+08:00  INFO 8879 --- [falconx-trading-core-service] [ntainer#2-0-C-1] c.f.trading.engine.QuoteDrivenEngine     : trading.quote.tick.received symbol=XAUUSD ts=2026-04-17T19:32:55.230Z stale=false
2026-04-19T00:42:58.097+08:00  INFO 8879 --- [falconx-trading-core-service] [ntainer#2-0-C-1] c.f.trading.engine.QuoteDrivenEngine     : trading.quote.tick.applied symbol=XAUUSD source=TIINGO_FOREX stale=false openPositions=0
2026-04-19T00:42:58.097+08:00  INFO 8879 --- [falconx-trading-core-service] [ntainer#2-0-C-1] c.f.t.c.TradingKafkaEventListener        : trading.kafka.consume.received topic=falconx.market.price.tick eventId=evt-38708294013030400
2026-04-19T00:42:58.097+08:00  INFO 8879 --- [falconx-trading-core-service] [ntainer#2-0-C-1] c.f.t.c.MarketPriceTickEventConsumer     : trading.consumer.market.price.tick eventId=evt-38708294013030400 symbol=XAUUSD ts=2026-04-17T19:32:56.314Z
2026-04-19T00:42:58.097+08:00  INFO 8879 --- [falconx-trading-core-service] [ntainer#2-0-C-1] c.f.trading.engine.QuoteDrivenEngine     : trading.quote.tick.received symbol=XAUUSD ts=2026-04-17T19:32:56.314Z stale=false
2026-04-19T00:42:58.100+08:00  INFO 8879 --- [falconx-trading-core-service] [ntainer#2-0-C-1] c.f.trading.engine.QuoteDrivenEngine     : trading.quote.tick.applied symbol=XAUUSD source=TIINGO_FOREX stale=false openPositions=0
2026-04-19T00:42:58.100+08:00  INFO 8879 --- [falconx-trading-core-service] [ntainer#2-0-C-1] c.f.t.c.TradingKafkaEventListener        : trading.kafka.consume.received topic=falconx.market.price.tick eventId=evt-38708298404466688
2026-04-19T00:42:58.100+08:00  INFO 8879 --- [falconx-trading-core-service] [ntainer#2-0-C-1] c.f.t.c.MarketPriceTickEventConsumer     : trading.consumer.market.price.tick eventId=evt-38708298404466688 symbol=XAUUSD ts=2026-04-17T19:32:57.331Z
2026-04-19T00:42:58.100+08:00  INFO 8879 --- [falconx-trading-core-service] [ntainer#2-0-C-1] c.f.trading.engine.QuoteDrivenEngine     : trading.quote.tick.received symbol=XAUUSD ts=2026-04-17T19:32:57.331Z stale=false
2026-04-19T00:42:58.102+08:00  INFO 8879 --- [falconx-trading-core-service] [ntainer#2-0-C-1] c.f.trading.engine.QuoteDrivenEngine     : trading.quote.tick.applied symbol=XAUUSD source=TIINGO_FOREX stale=false openPositions=0
2026-04-19T00:42:58.102+08:00  INFO 8879 --- [falconx-trading-core-service] [ntainer#2-0-C-1] c.f.t.c.TradingKafkaEventListener        : trading.kafka.consume.received topic=falconx.market.price.tick eventId=evt-38708298861645824
2026-04-19T00:42:58.102+08:00  INFO 8879 --- [falconx-trading-core-service] [ntainer#2-0-C-1] c.f.t.c.MarketPriceTickEventConsumer     : trading.consumer.market.price.tick eventId=evt-38708298861645824 symbol=EURUSD ts=2026-04-17T19:32:57.500Z
2026-04-19T00:42:58.102+08:00  INFO 8879 --- [falconx-trading-core-service] [ntainer#2-0-C-1] c.f.trading.engine.QuoteDrivenEngine     : trading.quote.tick.received symbol=EURUSD ts=2026-04-17T19:32:57.500Z stale=false
2026-04-19T00:42:58.105+08:00  INFO 8879 --- [falconx-trading-core-service] [ntainer#2-0-C-1] c.f.trading.engine.QuoteDrivenEngine     : trading.quote.tick.applied symbol=EURUSD source=TIINGO_FOREX stale=false openPositions=0
2026-04-19T00:42:58.106+08:00  INFO 8879 --- [falconx-trading-core-service] [ntainer#2-0-C-1] c.f.t.c.TradingKafkaEventListener        : trading.kafka.consume.received topic=falconx.market.price.tick eventId=evt-38708302980452352
2026-04-19T00:42:58.106+08:00  INFO 8879 --- [falconx-trading-core-service] [ntainer#2-0-C-1] c.f.t.c.MarketPriceTickEventConsumer     : trading.consumer.market.price.tick eventId=evt-38708302980452352 symbol=XAUUSD ts=2026-04-17T19:32:58.477Z
2026-04-19T00:42:58.106+08:00  INFO 8879 --- [falconx-trading-core-service] [ntainer#2-0-C-1] c.f.trading.engine.QuoteDrivenEngine     : trading.quote.tick.received symbol=XAUUSD ts=2026-04-17T19:32:58.477Z stale=false
2026-04-19T00:42:58.110+08:00  INFO 8879 --- [falconx-trading-core-service] [ntainer#2-0-C-1] c.f.trading.engine.QuoteDrivenEngine     : trading.quote.tick.applied symbol=XAUUSD source=TIINGO_FOREX stale=false openPositions=0
2026-04-19T00:42:58.110+08:00  INFO 8879 --- [falconx-trading-core-service] [ntainer#2-0-C-1] c.f.t.c.TradingKafkaEventListener        : trading.kafka.consume.received topic=falconx.market.price.tick eventId=evt-38708307426414592
2026-04-19T00:42:58.110+08:00  INFO 8879 --- [falconx-trading-core-service] [ntainer#2-0-C-1] c.f.t.c.MarketPriceTickEventConsumer     : trading.consumer.market.price.tick eventId=evt-38708307426414592 symbol=XAUUSD ts=2026-04-17T19:32:59.505Z
2026-04-19T00:42:58.110+08:00  INFO 8879 --- [falconx-trading-core-service] [ntainer#2-0-C-1] c.f.trading.engine.QuoteDrivenEngine     : trading.quote.tick.received symbol=XAUUSD ts=2026-04-17T19:32:59.505Z stale=false
2026-04-19T00:42:58.114+08:00  INFO 8879 --- [falconx-trading-core-service] [ntainer#2-0-C-1] c.f.trading.engine.QuoteDrivenEngine     : trading.quote.tick.applied symbol=XAUUSD source=TIINGO_FOREX stale=false openPositions=0
2026-04-19T00:42:58.114+08:00  INFO 8879 --- [falconx-trading-core-service] [ntainer#2-0-C-1] c.f.t.c.TradingKafkaEventListener        : trading.kafka.consume.received topic=falconx.market.price.tick eventId=evt-38708309783613440
2026-04-19T00:42:58.114+08:00  INFO 8879 --- [falconx-trading-core-service] [ntainer#2-0-C-1] c.f.t.c.MarketPriceTickEventConsumer     : trading.consumer.market.price.tick eventId=evt-38708309783613440 symbol=XAUUSD ts=2026-04-17T19:33:00.076Z
2026-04-19T00:42:58.115+08:00  INFO 8879 --- [falconx-trading-core-service] [ntainer#2-0-C-1] c.f.trading.engine.QuoteDrivenEngine     : trading.quote.tick.received symbol=XAUUSD ts=2026-04-17T19:33:00.076Z stale=false
2026-04-19T00:42:58.119+08:00  INFO 8879 --- [falconx-trading-core-service] [ntainer#2-0-C-1] c.f.trading.engine.QuoteDrivenEngine     : trading.quote.tick.applied symbol=XAUUSD source=TIINGO_FOREX stale=false openPositions=0
2026-04-19T00:42:58.120+08:00  INFO 8879 --- [falconx-trading-core-service] [ntainer#2-0-C-1] c.f.t.c.TradingKafkaEventListener        : trading.kafka.consume.received topic=falconx.market.price.tick eventId=evt-38708313776590848
2026-04-19T00:42:58.120+08:00  INFO 8879 --- [falconx-trading-core-service] [ntainer#2-0-C-1] c.f.t.c.MarketPriceTickEventConsumer     : trading.consumer.market.price.tick eventId=evt-38708313776590848 symbol=EURUSD ts=2026-04-17T19:33:00.969Z
2026-04-19T00:42:58.120+08:00  INFO 8879 --- [falconx-trading-core-service] [ntainer#2-0-C-1] c.f.trading.engine.QuoteDrivenEngine     : trading.quote.tick.received symbol=EURUSD ts=2026-04-17T19:33:00.969Z stale=false
2026-04-19T00:42:58.124+08:00  INFO 8879 --- [falconx-trading-core-service] [ntainer#2-0-C-1] c.f.trading.engine.QuoteDrivenEngine     : trading.quote.tick.applied symbol=EURUSD source=TIINGO_FOREX stale=false openPositions=0
2026-04-19T00:42:58.124+08:00  INFO 8879 --- [falconx-trading-core-service] [ntainer#2-0-C-1] c.f.t.c.TradingKafkaEventListener        : trading.kafka.consume.received topic=falconx.market.price.tick eventId=evt-38708314749669376
2026-04-19T00:42:58.124+08:00  INFO 8879 --- [falconx-trading-core-service] [ntainer#2-0-C-1] c.f.t.c.MarketPriceTickEventConsumer     : trading.consumer.market.price.tick eventId=evt-38708314749669376 symbol=XAUUSD ts=2026-04-17T19:33:01.286Z
2026-04-19T00:42:58.124+08:00  INFO 8879 --- [falconx-trading-core-service] [ntainer#2-0-C-1] c.f.trading.engine.QuoteDrivenEngine     : trading.quote.tick.received symbol=XAUUSD ts=2026-04-17T19:33:01.286Z stale=false
2026-04-19T00:42:58.129+08:00  INFO 8879 --- [falconx-trading-core-service] [ntainer#2-0-C-1] c.f.trading.engine.QuoteDrivenEngine     : trading.quote.tick.applied symbol=XAUUSD source=TIINGO_FOREX stale=false openPositions=0
2026-04-19T00:42:58.129+08:00  INFO 8879 --- [falconx-trading-core-service] [ntainer#2-0-C-1] c.f.t.c.TradingKafkaEventListener        : trading.kafka.consume.received topic=falconx.market.price.tick eventId=evt-38708319917051904
2026-04-19T00:42:58.130+08:00  INFO 8879 --- [falconx-trading-core-service] [ntainer#2-0-C-1] c.f.t.c.MarketPriceTickEventConsumer     : trading.consumer.market.price.tick eventId=evt-38708319917051904 symbol=XAUUSD ts=2026-04-17T19:33:02.413Z
2026-04-19T00:42:58.130+08:00  INFO 8879 --- [falconx-trading-core-service] [ntainer#2-0-C-1] c.f.trading.engine.QuoteDrivenEngine     : trading.quote.tick.received symbol=XAUUSD ts=2026-04-17T19:33:02.413Z stale=false
2026-04-19T00:42:58.135+08:00  INFO 8879 --- [falconx-trading-core-service] [ntainer#2-0-C-1] c.f.trading.engine.QuoteDrivenEngine     : trading.quote.tick.applied symbol=XAUUSD source=TIINGO_FOREX stale=false openPositions=0
2026-04-19T00:42:58.135+08:00  INFO 8879 --- [falconx-trading-core-service] [ntainer#2-0-C-1] c.f.t.c.TradingKafkaEventListener        : trading.kafka.consume.received topic=falconx.market.price.tick eventId=evt-38708322576240640
2026-04-19T00:42:58.135+08:00  INFO 8879 --- [falconx-trading-core-service] [ntainer#2-0-C-1] c.f.t.c.MarketPriceTickEventConsumer     : trading.consumer.market.price.tick eventId=evt-38708322576240640 symbol=EURUSD ts=2026-04-17T19:33:03.121Z
2026-04-19T00:42:58.135+08:00  INFO 8879 --- [falconx-trading-core-service] [ntainer#2-0-C-1] c.f.trading.engine.QuoteDrivenEngine     : trading.quote.tick.received symbol=EURUSD ts=2026-04-17T19:33:03.121Z stale=false
2026-04-19T00:42:58.139+08:00  INFO 8879 --- [falconx-trading-core-service] [ntainer#2-0-C-1] c.f.trading.engine.QuoteDrivenEngine     : trading.quote.tick.applied symbol=EURUSD source=TIINGO_FOREX stale=false openPositions=0
2026-04-19T00:42:58.139+08:00  INFO 8879 --- [falconx-trading-core-service] [ntainer#2-0-C-1] c.f.t.c.TradingKafkaEventListener        : trading.kafka.consume.received topic=falconx.market.price.tick eventId=evt-38708324551757824
2026-04-19T00:42:58.139+08:00  INFO 8879 --- [falconx-trading-core-service] [ntainer#2-0-C-1] c.f.t.c.MarketPriceTickEventConsumer     : trading.consumer.market.price.tick eventId=evt-38708324551757824 symbol=XAUUSD ts=2026-04-17T19:33:03.572Z
2026-04-19T00:42:58.139+08:00  INFO 8879 --- [falconx-trading-core-service] [ntainer#2-0-C-1] c.f.trading.engine.QuoteDrivenEngine     : trading.quote.tick.received symbol=XAUUSD ts=2026-04-17T19:33:03.572Z stale=false
2026-04-19T00:42:58.143+08:00  INFO 8879 --- [falconx-trading-core-service] [ntainer#2-0-C-1] c.f.trading.engine.QuoteDrivenEngine     : trading.quote.tick.applied symbol=XAUUSD source=TIINGO_FOREX stale=false openPositions=0
2026-04-19T00:42:58.143+08:00  INFO 8879 --- [falconx-trading-core-service] [ntainer#2-0-C-1] c.f.t.c.TradingKafkaEventListener        : trading.kafka.consume.received topic=falconx.market.price.tick eventId=evt-38708328947388416
2026-04-19T00:42:58.143+08:00  INFO 8879 --- [falconx-trading-core-service] [ntainer#2-0-C-1] c.f.t.c.MarketPriceTickEventConsumer     : trading.consumer.market.price.tick eventId=evt-38708328947388416 symbol=XAUUSD ts=2026-04-17T19:33:04.611Z
2026-04-19T00:42:58.143+08:00  INFO 8879 --- [falconx-trading-core-service] [ntainer#2-0-C-1] c.f.trading.engine.QuoteDrivenEngine     : trading.quote.tick.received symbol=XAUUSD ts=2026-04-17T19:33:04.611Z stale=false
2026-04-19T00:42:58.147+08:00  INFO 8879 --- [falconx-trading-core-service] [ntainer#2-0-C-1] c.f.trading.engine.QuoteDrivenEngine     : trading.quote.tick.applied symbol=XAUUSD source=TIINGO_FOREX stale=false openPositions=0
2026-04-19T00:42:58.148+08:00  INFO 8879 --- [falconx-trading-core-service] [ntainer#2-0-C-1] c.f.t.c.TradingKafkaEventListener        : trading.kafka.consume.received topic=falconx.market.price.tick eventId=evt-38708333368184832
2026-04-19T00:42:58.148+08:00  INFO 8879 --- [falconx-trading-core-service] [ntainer#2-0-C-1] c.f.t.c.MarketPriceTickEventConsumer     : trading.consumer.market.price.tick eventId=evt-38708333368184832 symbol=XAUUSD ts=2026-04-17T19:33:05.652Z
2026-04-19T00:42:58.149+08:00  INFO 8879 --- [falconx-trading-core-service] [ntainer#2-0-C-1] c.f.trading.engine.QuoteDrivenEngine     : trading.quote.tick.received symbol=XAUUSD ts=2026-04-17T19:33:05.652Z stale=false
2026-04-19T00:42:58.156+08:00  INFO 8879 --- [falconx-trading-core-service] [ntainer#2-0-C-1] c.f.trading.engine.QuoteDrivenEngine     : trading.quote.tick.applied symbol=XAUUSD source=TIINGO_FOREX stale=false openPositions=0
2026-04-19T00:42:58.157+08:00  INFO 8879 --- [falconx-trading-core-service] [ntainer#2-0-C-1] c.f.t.c.TradingKafkaEventListener        : trading.kafka.consume.received topic=falconx.market.price.tick eventId=evt-38708337747038208
2026-04-19T00:42:58.157+08:00  INFO 8879 --- [falconx-trading-core-service] [ntainer#2-0-C-1] c.f.t.c.MarketPriceTickEventConsumer     : trading.consumer.market.price.tick eventId=evt-38708337747038208 symbol=XAUUSD ts=2026-04-17T19:33:06.722Z
2026-04-19T00:42:58.158+08:00  INFO 8879 --- [falconx-trading-core-service] [ntainer#2-0-C-1] c.f.trading.engine.QuoteDrivenEngine     : trading.quote.tick.received symbol=XAUUSD ts=2026-04-17T19:33:06.722Z stale=false
2026-04-19T00:42:58.165+08:00  INFO 8879 --- [falconx-trading-core-service] [ntainer#2-0-C-1] c.f.trading.engine.QuoteDrivenEngine     : trading.quote.tick.applied symbol=XAUUSD source=TIINGO_FOREX stale=false openPositions=0
2026-04-19T00:42:58.166+08:00  INFO 8879 --- [falconx-trading-core-service] [ntainer#2-0-C-1] c.f.t.c.TradingKafkaEventListener        : trading.kafka.consume.received topic=falconx.market.price.tick eventId=evt-38708344298541056
2026-04-19T00:42:58.167+08:00  INFO 8879 --- [falconx-trading-core-service] [ntainer#2-0-C-1] c.f.t.c.MarketPriceTickEventConsumer     : trading.consumer.market.price.tick eventId=evt-38708344298541056 symbol=EURUSD ts=2026-04-17T19:33:08.279Z
2026-04-19T00:42:58.167+08:00  INFO 8879 --- [falconx-trading-core-service] [ntainer#2-0-C-1] c.f.trading.engine.QuoteDrivenEngine     : trading.quote.tick.received symbol=EURUSD ts=2026-04-17T19:33:08.279Z stale=false
2026-04-19T00:42:58.172+08:00  INFO 8879 --- [falconx-trading-core-service] [ntainer#2-0-C-1] c.f.trading.engine.QuoteDrivenEngine     : trading.quote.tick.applied symbol=EURUSD source=TIINGO_FOREX stale=false openPositions=0
2026-04-19T00:42:58.173+08:00  INFO 8879 --- [falconx-trading-core-service] [ntainer#2-0-C-1] c.f.t.c.TradingKafkaEventListener        : trading.kafka.consume.received topic=falconx.market.price.tick eventId=evt-38708344566976512
2026-04-19T00:42:58.173+08:00  INFO 8879 --- [falconx-trading-core-service] [ntainer#2-0-C-1] c.f.t.c.MarketPriceTickEventConsumer     : trading.consumer.market.price.tick eventId=evt-38708344566976512 symbol=XAUUSD ts=2026-04-17T19:33:08.354Z
2026-04-19T00:42:58.173+08:00  INFO 8879 --- [falconx-trading-core-service] [ntainer#2-0-C-1] c.f.trading.engine.QuoteDrivenEngine     : trading.quote.tick.received symbol=XAUUSD ts=2026-04-17T19:33:08.354Z stale=false
2026-04-19T00:42:58.179+08:00  INFO 8879 --- [falconx-trading-core-service] [ntainer#2-0-C-1] c.f.trading.engine.QuoteDrivenEngine     : trading.quote.tick.applied symbol=XAUUSD source=TIINGO_FOREX stale=false openPositions=0
2026-04-19T00:42:58.179+08:00  INFO 8879 --- [falconx-trading-core-service] [ntainer#2-0-C-1] c.f.t.c.TradingKafkaEventListener        : trading.kafka.consume.received topic=falconx.market.price.tick eventId=evt-38708351907008512
2026-04-19T00:42:58.179+08:00  INFO 8879 --- [falconx-trading-core-service] [ntainer#2-0-C-1] c.f.t.c.MarketPriceTickEventConsumer     : trading.consumer.market.price.tick eventId=evt-38708351907008512 symbol=XAUUSD ts=2026-04-17T19:33:10.140Z
[...]
2026-04-19T00:42:59.376+08:00  INFO 8879 --- [falconx-trading-core-service] [ntainer#2-0-C-1] c.f.trading.engine.QuoteDrivenEngine     : trading.quote.tick.received symbol=XAUUSD ts=2026-04-17T19:40:02.056Z stale=false
2026-04-19T00:42:59.379+08:00  INFO 8879 --- [falconx-trading-core-service] [ntainer#2-0-C-1] c.f.trading.engine.QuoteDrivenEngine     : trading.quote.tick.applied symbol=XAUUSD source=TIINGO_FOREX stale=false openPositions=0
2026-04-19T00:42:59.379+08:00  INFO 8879 --- [falconx-trading-core-service] [ntainer#2-0-C-1] c.f.t.c.TradingKafkaEventListener        : trading.kafka.consume.received topic=falconx.market.price.tick eventId=evt-38710081809944576
2026-04-19T00:42:59.379+08:00  INFO 8879 --- [falconx-trading-core-service] [ntainer#2-0-C-1] c.f.t.c.MarketPriceTickEventConsumer     : trading.consumer.market.price.tick eventId=evt-38710081809944576 symbol=EURUSD ts=2026-04-17T19:40:02.540Z
2026-04-19T00:42:59.379+08:00  INFO 8879 --- [falconx-trading-core-service] [ntainer#2-0-C-1] c.f.trading.engine.QuoteDrivenEngine     : trading.quote.tick.received symbol=EURUSD ts=2026-04-17T19:40:02.540Z stale=false
2026-04-19T00:42:59.382+08:00  INFO 8879 --- [falconx-trading-core-service] [ntainer#2-0-C-1] c.f.trading.engine.QuoteDrivenEngine     : trading.quote.tick.applied symbol=EURUSD source=TIINGO_FOREX stale=false openPositions=0
2026-04-19T00:42:59.382+08:00  INFO 8879 --- [falconx-trading-core-service] [ntainer#2-0-C-1] c.f.t.c.TradingKafkaEventListener        : trading.kafka.consume.received topic=falconx.market.price.tick eventId=evt-38710084175532032
2026-04-19T00:42:59.382+08:00  INFO 8879 --- [falconx-trading-core-service] [ntainer#2-0-C-1] c.f.t.c.MarketPriceTickEventConsumer     : trading.consumer.market.price.tick eventId=evt-38710084175532032 symbol=XAUUSD ts=2026-04-17T19:40:03.102Z
2026-04-19T00:42:59.382+08:00  INFO 8879 --- [falconx-trading-core-service] [ntainer#2-0-C-1] c.f.trading.engine.QuoteDrivenEngine     : trading.quote.tick.received symbol=XAUUSD ts=2026-04-17T19:40:03.102Z stale=false
2026-04-19T00:42:59.382+08:00  INFO 8879 --- [falconx-trading-core-service] [           main] c.f.trading.engine.QuoteDrivenEngine     : trading.quote.tick.received symbol=BTCUSDT ts=2026-04-19T00:42:57.851088+08:00 stale=false
2026-04-19T00:42:59.384+08:00  INFO 8879 --- [falconx-trading-core-service] [ntainer#2-0-C-1] c.f.trading.engine.QuoteDrivenEngine     : trading.quote.tick.applied symbol=XAUUSD source=TIINGO_FOREX stale=false openPositions=0
2026-04-19T00:42:59.384+08:00  INFO 8879 --- [falconx-trading-core-service] [ntainer#2-0-C-1] c.f.t.c.TradingKafkaEventListener        : trading.kafka.consume.received topic=falconx.market.price.tick eventId=evt-38710089095450624
2026-04-19T00:42:59.384+08:00  INFO 8879 --- [falconx-trading-core-service] [ntainer#2-0-C-1] c.f.t.c.MarketPriceTickEventConsumer     : trading.consumer.market.price.tick eventId=evt-38710089095450624 symbol=EURUSD ts=2026-04-17T19:40:04.309Z
2026-04-19T00:42:59.384+08:00  INFO 8879 --- [falconx-trading-core-service] [ntainer#2-0-C-1] c.f.trading.engine.QuoteDrivenEngine     : trading.quote.tick.received symbol=EURUSD ts=2026-04-17T19:40:04.309Z stale=false
2026-04-19T00:42:59.384+08:00  INFO 8879 --- [falconx-trading-core-service] [           main] c.f.trading.engine.QuoteDrivenEngine     : trading.quote.tick.applied symbol=BTCUSDT source=stage5-it stale=false openPositions=0
2026-04-19T00:42:59.386+08:00  INFO 8879 --- [falconx-trading-core-service] [           main] .TradingOrderPlacementApplicationService : trading.order.place.request userId=92001 symbol=BTCUSDT clientOrderId=stage5-order-001
2026-04-19T00:42:59.386+08:00  INFO 8879 --- [falconx-trading-core-service] [ntainer#2-0-C-1] c.f.trading.engine.QuoteDrivenEngine     : trading.quote.tick.applied symbol=EURUSD source=TIINGO_FOREX stale=false openPositions=0
2026-04-19T00:42:59.386+08:00  INFO 8879 --- [falconx-trading-core-service] [ntainer#2-0-C-1] c.f.t.c.TradingKafkaEventListener        : trading.kafka.consume.received topic=falconx.market.price.tick eventId=evt-38710089317748736
2026-04-19T00:42:59.386+08:00  INFO 8879 --- [falconx-trading-core-service] [ntainer#2-0-C-1] c.f.t.c.MarketPriceTickEventConsumer     : trading.consumer.market.price.tick eventId=evt-38710089317748736 symbol=XAUUSD ts=2026-04-17T19:40:04.299Z
2026-04-19T00:42:59.386+08:00  INFO 8879 --- [falconx-trading-core-service] [ntainer#2-0-C-1] c.f.trading.engine.QuoteDrivenEngine     : trading.quote.tick.received symbol=XAUUSD ts=2026-04-17T19:40:04.299Z stale=false
2026-04-19T00:42:59.389+08:00  INFO 8879 --- [falconx-trading-core-service] [ntainer#2-0-C-1] c.f.trading.engine.QuoteDrivenEngine     : trading.quote.tick.applied symbol=XAUUSD source=TIINGO_FOREX stale=false openPositions=0
2026-04-19T00:42:59.389+08:00  INFO 8879 --- [falconx-trading-core-service] [ntainer#2-0-C-1] c.f.t.c.TradingKafkaEventListener        : trading.kafka.consume.received topic=falconx.market.price.tick eventId=evt-38710093788876800
2026-04-19T00:42:59.389+08:00  INFO 8879 --- [falconx-trading-core-service] [ntainer#2-0-C-1] c.f.t.c.MarketPriceTickEventConsumer     : trading.consumer.market.price.tick eventId=evt-38710093788876800 symbol=XAUUSD ts=2026-04-17T19:40:05.417Z
2026-04-19T00:42:59.389+08:00  INFO 8879 --- [falconx-trading-core-service] [ntainer#2-0-C-1] c.f.trading.engine.QuoteDrivenEngine     : trading.quote.tick.received symbol=XAUUSD ts=2026-04-17T19:40:05.417Z stale=false
2026-04-19T00:42:59.392+08:00  INFO 8879 --- [falconx-trading-core-service] [ntainer#2-0-C-1] c.f.trading.engine.QuoteDrivenEngine     : trading.quote.tick.applied symbol=XAUUSD source=TIINGO_FOREX stale=false openPositions=0
2026-04-19T00:42:59.392+08:00  INFO 8879 --- [falconx-trading-core-service] [ntainer#2-0-C-1] c.f.t.c.TradingKafkaEventListener        : trading.kafka.consume.received topic=falconx.market.price.tick eventId=evt-38710094535462912
2026-04-19T00:42:59.392+08:00  INFO 8879 --- [falconx-trading-core-service] [ntainer#2-0-C-1] c.f.t.c.MarketPriceTickEventConsumer     : trading.consumer.market.price.tick eventId=evt-38710094535462912 symbol=EURUSD ts=2026-04-17T19:40:05.603Z
2026-04-19T00:42:59.392+08:00  INFO 8879 --- [falconx-trading-core-service] [ntainer#2-0-C-1] c.f.trading.engine.QuoteDrivenEngine     : trading.quote.tick.received symbol=EURUSD ts=2026-04-17T19:40:05.603Z stale=false
2026-04-19T00:42:59.396+08:00  INFO 8879 --- [falconx-trading-core-service] [ntainer#2-0-C-1] c.f.trading.engine.QuoteDrivenEngine     : trading.quote.tick.applied symbol=EURUSD source=TIINGO_FOREX stale=false openPositions=0
2026-04-19T00:42:59.396+08:00  INFO 8879 --- [falconx-trading-core-service] [ntainer#2-0-C-1] c.f.t.c.TradingKafkaEventListener        : trading.kafka.consume.received topic=falconx.market.price.tick eventId=evt-38710098444554240
2026-04-19T00:42:59.396+08:00  INFO 8879 --- [falconx-trading-core-service] [ntainer#2-0-C-1] c.f.t.c.MarketPriceTickEventConsumer     : trading.consumer.market.price.tick eventId=evt-38710098444554240 symbol=XAUUSD ts=2026-04-17T19:40:06.502Z
2026-04-19T00:42:59.396+08:00  INFO 8879 --- [falconx-trading-core-service] [ntainer#2-0-C-1] c.f.trading.engine.QuoteDrivenEngine     : trading.quote.tick.received symbol=XAUUSD ts=2026-04-17T19:40:06.502Z stale=false
2026-04-19T00:42:59.399+08:00  INFO 8879 --- [falconx-trading-core-service] [           main] c.f.t.s.i.DefaultTradingScheduleService  : trading.schedule.evaluated symbol=BTCUSDT source=weekly tradable=true sessions=7
2026-04-19T00:42:59.401+08:00  INFO 8879 --- [falconx-trading-core-service] [ntainer#2-0-C-1] c.f.trading.engine.QuoteDrivenEngine     : trading.quote.tick.applied symbol=XAUUSD source=TIINGO_FOREX stale=false openPositions=0
2026-04-19T00:42:59.401+08:00  INFO 8879 --- [falconx-trading-core-service] [ntainer#2-0-C-1] c.f.t.c.TradingKafkaEventListener        : trading.kafka.consume.received topic=falconx.market.price.tick eventId=evt-38710100529123328
2026-04-19T00:42:59.401+08:00  INFO 8879 --- [falconx-trading-core-service] [ntainer#2-0-C-1] c.f.t.c.MarketPriceTickEventConsumer     : trading.consumer.market.price.tick eventId=evt-38710100529123328 symbol=EURUSD ts=2026-04-17T19:40:07.019Z
2026-04-19T00:42:59.401+08:00  INFO 8879 --- [falconx-trading-core-service] [ntainer#2-0-C-1] c.f.trading.engine.QuoteDrivenEngine     : trading.quote.tick.received symbol=EURUSD ts=2026-04-17T19:40:07.019Z stale=false
2026-04-19T00:42:59.404+08:00  INFO 8879 --- [falconx-trading-core-service] [ntainer#2-0-C-1] c.f.trading.engine.QuoteDrivenEngine     : trading.quote.tick.applied symbol=EURUSD source=TIINGO_FOREX stale=false openPositions=0
2026-04-19T00:42:59.404+08:00  INFO 8879 --- [falconx-trading-core-service] [ntainer#2-0-C-1] c.f.t.c.TradingKafkaEventListener        : trading.kafka.consume.received topic=falconx.market.price.tick eventId=evt-38710102794047488
2026-04-19T00:42:59.404+08:00  INFO 8879 --- [falconx-trading-core-service] [ntainer#2-0-C-1] c.f.t.c.MarketPriceTickEventConsumer     : trading.consumer.market.price.tick eventId=evt-38710102794047488 symbol=XAUUSD ts=2026-04-17T19:40:07.575Z
2026-04-19T00:42:59.404+08:00  INFO 8879 --- [falconx-trading-core-service] [ntainer#2-0-C-1] c.f.trading.engine.QuoteDrivenEngine     : trading.quote.tick.received symbol=XAUUSD ts=2026-04-17T19:40:07.575Z stale=false
2026-04-19T00:42:59.407+08:00  INFO 8879 --- [falconx-trading-core-service] [ntainer#2-0-C-1] c.f.trading.engine.QuoteDrivenEngine     : trading.quote.tick.applied symbol=XAUUSD source=TIINGO_FOREX stale=false openPositions=0
2026-04-19T00:42:59.408+08:00  INFO 8879 --- [falconx-trading-core-service] [ntainer#2-0-C-1] c.f.t.c.TradingKafkaEventListener        : trading.kafka.consume.received topic=falconx.market.price.tick eventId=evt-38710106891882496
2026-04-19T00:42:59.408+08:00  INFO 8879 --- [falconx-trading-core-service] [ntainer#2-0-C-1] c.f.t.c.MarketPriceTickEventConsumer     : trading.consumer.market.price.tick eventId=evt-38710106891882496 symbol=EURUSD ts=2026-04-17T19:40:08.560Z
2026-04-19T00:42:59.408+08:00  INFO 8879 --- [falconx-trading-core-service] [ntainer#2-0-C-1] c.f.trading.engine.QuoteDrivenEngine     : trading.quote.tick.received symbol=EURUSD ts=2026-04-17T19:40:08.560Z stale=false
2026-04-19T00:42:59.411+08:00  INFO 8879 --- [falconx-trading-core-service] [ntainer#2-0-C-1] c.f.trading.engine.QuoteDrivenEngine     : trading.quote.tick.applied symbol=EURUSD source=TIINGO_FOREX stale=false openPositions=0
2026-04-19T00:42:59.412+08:00  INFO 8879 --- [falconx-trading-core-service] [ntainer#2-0-C-1] c.f.t.c.TradingKafkaEventListener        : trading.kafka.consume.received topic=falconx.market.price.tick eventId=evt-38710106967379968
2026-04-19T00:42:59.412+08:00  INFO 8879 --- [falconx-trading-core-service] [ntainer#2-0-C-1] c.f.t.c.MarketPriceTickEventConsumer     : trading.consumer.market.price.tick eventId=evt-38710106967379968 symbol=XAUUSD ts=2026-04-17T19:40:08.585Z
2026-04-19T00:42:59.412+08:00  INFO 8879 --- [falconx-trading-core-service] [ntainer#2-0-C-1] c.f.trading.engine.QuoteDrivenEngine     : trading.quote.tick.received symbol=XAUUSD ts=2026-04-17T19:40:08.585Z stale=false
2026-04-19T00:42:59.414+08:00  INFO 8879 --- [falconx-trading-core-service] [ntainer#2-0-C-1] c.f.trading.engine.QuoteDrivenEngine     : trading.quote.tick.applied symbol=XAUUSD source=TIINGO_FOREX stale=false openPositions=0
2026-04-19T00:42:59.414+08:00  INFO 8879 --- [falconx-trading-core-service] [ntainer#2-0-C-1] c.f.t.c.TradingKafkaEventListener        : trading.kafka.consume.received topic=falconx.market.price.tick eventId=evt-38710111383982080
2026-04-19T00:42:59.414+08:00  INFO 8879 --- [falconx-trading-core-service] [ntainer#2-0-C-1] c.f.t.c.MarketPriceTickEventConsumer     : trading.consumer.market.price.tick eventId=evt-38710111383982080 symbol=EURUSD ts=2026-04-17T19:40:09.564Z
2026-04-19T00:42:59.414+08:00  INFO 8879 --- [falconx-trading-core-service] [ntainer#2-0-C-1] c.f.trading.engine.QuoteDrivenEngine     : trading.quote.tick.received symbol=EURUSD ts=2026-04-17T19:40:09.564Z stale=false
2026-04-19T00:42:59.417+08:00  INFO 8879 --- [falconx-trading-core-service] [ntainer#2-0-C-1] c.f.trading.engine.QuoteDrivenEngine     : trading.quote.tick.applied symbol=EURUSD source=TIINGO_FOREX stale=false openPositions=0
2026-04-19T00:42:59.417+08:00  INFO 8879 --- [falconx-trading-core-service] [ntainer#2-0-C-1] c.f.t.c.TradingKafkaEventListener        : trading.kafka.consume.received topic=falconx.market.price.tick eventId=evt-38710111585308672
2026-04-19T00:42:59.417+08:00  INFO 8879 --- [falconx-trading-core-service] [ntainer#2-0-C-1] c.f.t.c.MarketPriceTickEventConsumer     : trading.consumer.market.price.tick eventId=evt-38710111585308672 symbol=XAUUSD ts=2026-04-17T19:40:09.659Z
2026-04-19T00:42:59.417+08:00  INFO 8879 --- [falconx-trading-core-service] [ntainer#2-0-C-1] c.f.trading.engine.QuoteDrivenEngine     : trading.quote.tick.received symbol=XAUUSD ts=2026-04-17T19:40:09.659Z stale=false
2026-04-19T00:42:59.420+08:00  INFO 8879 --- [falconx-trading-core-service] [ntainer#2-0-C-1] c.f.trading.engine.QuoteDrivenEngine     : trading.quote.tick.applied symbol=XAUUSD source=TIINGO_FOREX stale=false openPositions=0
2026-04-19T00:42:59.420+08:00  INFO 8879 --- [falconx-trading-core-service] [ntainer#2-0-C-1] c.f.t.c.TradingKafkaEventListener        : trading.kafka.consume.received topic=falconx.market.price.tick eventId=evt-38710116530393088
2026-04-19T00:42:59.421+08:00  INFO 8879 --- [falconx-trading-core-service] [ntainer#2-0-C-1] c.f.t.c.MarketPriceTickEventConsumer     : trading.consumer.market.price.tick eventId=evt-38710116530393088 symbol=XAUUSD ts=2026-04-17T19:40:10.836Z
2026-04-19T00:42:59.421+08:00  INFO 8879 --- [falconx-trading-core-service] [ntainer#2-0-C-1] c.f.trading.engine.QuoteDrivenEngine     : trading.quote.tick.received symbol=XAUUSD ts=2026-04-17T19:40:10.836Z stale=false
2026-04-19T00:42:59.423+08:00  INFO 8879 --- [falconx-trading-core-service] [ntainer#2-0-C-1] c.f.trading.engine.QuoteDrivenEngine     : trading.quote.tick.applied symbol=XAUUSD source=TIINGO_FOREX stale=false openPositions=0
2026-04-19T00:42:59.423+08:00  INFO 8879 --- [falconx-trading-core-service] [ntainer#2-0-C-1] c.f.t.c.TradingKafkaEventListener        : trading.kafka.consume.received topic=falconx.market.price.tick eventId=evt-38710120468844544
2026-04-19T00:42:59.423+08:00  INFO 8879 --- [falconx-trading-core-service] [ntainer#2-0-C-1] c.f.t.c.MarketPriceTickEventConsumer     : trading.consumer.market.price.tick eventId=evt-38710120468844544 symbol=EURUSD ts=2026-04-17T19:40:11.804Z
2026-04-19T00:42:59.423+08:00  INFO 8879 --- [falconx-trading-core-service] [ntainer#2-0-C-1] c.f.trading.engine.QuoteDrivenEngine     : trading.quote.tick.received symbol=EURUSD ts=2026-04-17T19:40:11.804Z stale=false
2026-04-19T00:42:59.425+08:00  INFO 8879 --- [falconx-trading-core-service] [           main] .TradingOrderPlacementApplicationService : trading.order.place.completed userId=92001 orderNo=OAOA8NFFG9OG positionId=39027912380387328 tradeId=39027912388775936
2026-04-19T00:42:59.426+08:00  INFO 8879 --- [falconx-trading-core-service] [ntainer#2-0-C-1] c.f.trading.engine.QuoteDrivenEngine     : trading.quote.tick.applied symbol=EURUSD source=TIINGO_FOREX stale=false openPositions=0
2026-04-19T00:42:59.426+08:00  INFO 8879 --- [falconx-trading-core-service] [ntainer#2-0-C-1] c.f.t.c.TradingKafkaEventListener        : trading.kafka.consume.received topic=falconx.market.price.tick eventId=evt-38710121852964864
2026-04-19T00:42:59.426+08:00  INFO 8879 --- [falconx-trading-core-service] [ntainer#2-0-C-1] c.f.t.c.MarketPriceTickEventConsumer     : trading.consumer.market.price.tick eventId=evt-38710121852964864 symbol=XAUUSD ts=2026-04-17T19:40:12.129Z
2026-04-19T00:42:59.426+08:00  INFO 8879 --- [falconx-trading-core-service] [ntainer#2-0-C-1] c.f.trading.engine.QuoteDrivenEngine     : trading.quote.tick.received symbol=XAUUSD ts=2026-04-17T19:40:12.129Z stale=false
2026-04-19T00:42:59.428+08:00  INFO 8879 --- [falconx-trading-core-service] [ntainer#2-0-C-1] c.f.trading.engine.QuoteDrivenEngine     : trading.quote.tick.applied symbol=XAUUSD source=TIINGO_FOREX stale=false openPositions=0
2026-04-19T00:42:59.428+08:00  INFO 8879 --- [falconx-trading-core-service] [ntainer#2-0-C-1] c.f.t.c.TradingKafkaEventListener        : trading.kafka.consume.received topic=falconx.market.price.tick eventId=evt-38710125518786560
2026-04-19T00:42:59.429+08:00  INFO 8879 --- [falconx-trading-core-service] [ntainer#2-0-C-1] c.f.t.c.MarketPriceTickEventConsumer     : trading.consumer.market.price.tick eventId=evt-38710125518786560 symbol=EURUSD ts=2026-04-17T19:40:12.996Z
2026-04-19T00:42:59.429+08:00  INFO 8879 --- [falconx-trading-core-service] [ntainer#2-0-C-1] c.f.trading.engine.QuoteDrivenEngine     : trading.quote.tick.received symbol=EURUSD ts=2026-04-17T19:40:12.996Z stale=false
2026-04-19T00:42:59.432+08:00  INFO 8879 --- [falconx-trading-core-service] [ntainer#2-0-C-1] c.f.trading.engine.QuoteDrivenEngine     : trading.quote.tick.applied symbol=EURUSD source=TIINGO_FOREX stale=false openPositions=0
2026-04-19T00:42:59.432+08:00  INFO 8879 --- [falconx-trading-core-service] [ntainer#2-0-C-1] c.f.t.c.TradingKafkaEventListener        : trading.kafka.consume.received topic=falconx.market.price.tick eventId=evt-38710127754350592
2026-04-19T00:42:59.432+08:00  INFO 8879 --- [falconx-trading-core-service] [ntainer#2-0-C-1] c.f.t.c.MarketPriceTickEventConsumer     : trading.consumer.market.price.tick eventId=evt-38710127754350592 symbol=XAUUSD ts=2026-04-17T19:40:13.474Z
2026-04-19T00:42:59.432+08:00  INFO 8879 --- [falconx-trading-core-service] [ntainer#2-0-C-1] c.f.trading.engine.QuoteDrivenEngine     : trading.quote.tick.received symbol=XAUUSD ts=2026-04-17T19:40:13.474Z stale=false
2026-04-19T00:42:59.435+08:00  INFO 8879 --- [falconx-trading-core-service] [ntainer#2-0-C-1] c.f.trading.engine.QuoteDrivenEngine     : trading.quote.tick.applied symbol=XAUUSD source=TIINGO_FOREX stale=false openPositions=0
2026-04-19T00:42:59.435+08:00  INFO 8879 --- [falconx-trading-core-service] [ntainer#2-0-C-1] c.f.t.c.TradingKafkaEventListener        : trading.kafka.consume.received topic=falconx.market.price.tick eventId=evt-38710130518396928
2026-04-19T00:42:59.435+08:00  INFO 8879 --- [falconx-trading-core-service] [ntainer#2-0-C-1] c.f.t.c.MarketPriceTickEventConsumer     : trading.consumer.market.price.tick eventId=evt-38710130518396928 symbol=EURUSD ts=2026-04-17T19:40:14.187Z
2026-04-19T00:42:59.435+08:00  INFO 8879 --- [falconx-trading-core-service] [ntainer#2-0-C-1] c.f.trading.engine.QuoteDrivenEngine     : trading.quote.tick.received symbol=EURUSD ts=2026-04-17T19:40:14.187Z stale=false
2026-04-19T00:42:59.439+08:00  INFO 8879 --- [falconx-trading-core-service] [ntainer#2-0-C-1] c.f.trading.engine.QuoteDrivenEngine     : trading.quote.tick.applied symbol=EURUSD source=TIINGO_FOREX stale=false openPositions=0
2026-04-19T00:42:59.439+08:00  INFO 8879 --- [falconx-trading-core-service] [ntainer#2-0-C-1] c.f.t.c.TradingKafkaEventListener        : trading.kafka.consume.received topic=falconx.market.price.tick eventId=evt-38710134834335744
2026-04-19T00:42:59.439+08:00  INFO 8879 --- [falconx-trading-core-service] [ntainer#2-0-C-1] c.f.t.c.MarketPriceTickEventConsumer     : trading.consumer.market.price.tick eventId=evt-38710134834335744 symbol=XAUUSD ts=2026-04-17T19:40:15.164Z
2026-04-19T00:42:59.439+08:00  INFO 8879 --- [falconx-trading-core-service] [ntainer#2-0-C-1] c.f.trading.engine.QuoteDrivenEngine     : trading.quote.tick.received symbol=XAUUSD ts=2026-04-17T19:40:15.164Z stale=false
]]></system-out>
  </testcase>
</testsuite>